Validating found git in: git
Using git 2.33.0 from git
Opening repository for path='/home/krirogn/Documents/INF140/ass1/oppg5' failed; ex=Failed to execute git {
  "exitCode": 128,
  "gitErrorCode": "NotAGitRepository",
  "gitCommand": "rev-parse",
  "stdout": "",
  "stderr": "fatal: not a git repository (or any of the parent directories): .git\n"
}
Opening repository for path='/home/krirogn/Documents/INF140/ass1/oppg5' failed; ex=Failed to execute git {
  "exitCode": 128,
  "gitErrorCode": "NotAGitRepository",
  "gitCommand": "rev-parse",
  "stdout": "",
  "stderr": "fatal: not a git repository (or any of the parent directories): .git\n"
}
Opening repository for path='/home/krirogn/Documents/INF140/ass1/oppg5' failed; ex=Failed to execute git {
  "exitCode": 128,
  "gitErrorCode": "NotAGitRepository",
  "gitCommand": "rev-parse",
  "stdout": "",
  "stderr": "fatal: not a git repository (or any of the parent directories): .git\n"
}
Opening repository for path='/home/krirogn/Documents/INF140/ass1/oppg5' failed; ex=Failed to execute git {
  "exitCode": 128,
  "gitErrorCode": "NotAGitRepository",
  "gitCommand": "rev-parse",
  "stdout": "",
  "stderr": "fatal: not a git repository (or any of the parent directories): .git\n"
}
> git rev-parse --git-dir
Open repository: /home/krirogn/Documents/INF140/ass1/oppg5
> git status -z -u
> git symbolic-ref --short HEAD
> git for-each-ref --format=%(refname)%00%(upstream:short)%00%(objectname)%00%(upstream:track) refs/heads/master refs/remotes/master
> git for-each-ref --sort -committerdate --format %(refname) %(objectname) %(*objectname)
> git remote --verbose
> git config --get commit.template
> git show --textconv :pages/index.vue
> git ls-files --stage -- /home/krirogn/Documents/INF140/ass1/oppg5/pages/index.vue
> git check-ignore -v -z --stdin
> git check-ignore -v -z --stdin
> git show --textconv :components/Tutorial.vue
> git ls-files --stage -- /home/krirogn/Documents/INF140/ass1/oppg5/components/Tutorial.vue
> git show --textconv :pages/index.vue
> git ls-files --stage -- /home/krirogn/Documents/INF140/ass1/oppg5/pages/index.vue
> git show --textconv :package.json
> git ls-files --stage -- /home/krirogn/Documents/INF140/ass1/oppg5/package.json
> git show --textconv :pages/index.vue
> git ls-files --stage -- /home/krirogn/Documents/INF140/ass1/oppg5/pages/index.vue
> git check-ignore -v -z --stdin
> git status -z -u
> git rev-parse --git-dir
Open repository: /home/krirogn/Documents/INF140/ass1/oppg5
> git status -z -u
> git symbolic-ref --short HEAD
> git for-each-ref --format=%(refname)%00%(upstream:short)%00%(objectname)%00%(upstream:track) refs/heads/master refs/remotes/master
> git for-each-ref --sort -committerdate --format %(refname) %(objectname) %(*objectname)
> git remote --verbose
> git config --get commit.template
> git show --textconv :pages/index.vue
> git ls-files --stage -- /home/krirogn/Documents/INF140/ass1/oppg5/pages/index.vue
> git check-ignore -v -z --stdin
> git show --textconv :pages/index.vue
> git ls-files --stage -- /home/krirogn/Documents/INF140/ass1/oppg5/pages/index.vue
> git show --textconv :pages/index.vue
> git ls-files --stage -- /home/krirogn/Documents/INF140/ass1/oppg5/pages/index.vue
