[2021-09-15 15:45:54.521] [exthost] [info] extension host started
[2021-09-15 15:45:54.577] [exthost] [info] ExtensionService#_doActivateExtension vscode.microsoft-authentication {"startup":false,"extensionId":{"value":"vscode.microsoft-authentication","_lower":"vscode.microsoft-authentication"},"activationEvent":"onAuthenticationRequest:microsoft"}
[2021-09-15 15:45:54.577] [exthost] [info] ExtensionService#loadCommonJSModule file:///home/krirogn/p/VSCode-linux-x64/resources/app/extensions/microsoft-authentication/dist/extension.js
[2021-09-15 15:45:54.586] [exthost] [info] ExtensionService#_doActivateExtension vscode.debug-auto-launch {"startup":true,"extensionId":{"value":"vscode.debug-auto-launch","_lower":"vscode.debug-auto-launch"},"activationEvent":"*"}
[2021-09-15 15:45:54.586] [exthost] [info] ExtensionService#loadCommonJSModule file:///home/krirogn/p/VSCode-linux-x64/resources/app/extensions/debug-auto-launch/dist/extension
[2021-09-15 15:45:54.587] [exthost] [info] ExtensionService#_doActivateExtension vscode.git {"startup":true,"extensionId":{"value":"vscode.github","_lower":"vscode.github"},"activationEvent":"*"}
[2021-09-15 15:45:54.587] [exthost] [info] ExtensionService#loadCommonJSModule file:///home/krirogn/p/VSCode-linux-x64/resources/app/extensions/git/dist/main
[2021-09-15 15:45:54.602] [exthost] [info] ExtensionService#_doActivateExtension mrorz.language-gettext {"startup":true,"extensionId":{"value":"mrorz.language-gettext","_lower":"mrorz.language-gettext"},"activationEvent":"*"}
[2021-09-15 15:45:54.602] [exthost] [info] ExtensionService#loadCommonJSModule file:///home/krirogn/.vscode/extensions/mrorz.language-gettext-0.2.0/out/src/vscgettext
[2021-09-15 15:45:54.603] [exthost] [info] ExtensionService#_doActivateExtension PKief.material-icon-theme {"startup":true,"extensionId":{"value":"PKief.material-icon-theme","_lower":"pkief.material-icon-theme"},"activationEvent":"*"}
[2021-09-15 15:45:54.603] [exthost] [info] ExtensionService#loadCommonJSModule file:///home/krirogn/.vscode/extensions/pkief.material-icon-theme-4.10.0/dist/extension
[2021-09-15 15:45:54.608] [exthost] [info] ExtensionService#_doActivateExtension WakaTime.vscode-wakatime {"startup":true,"extensionId":{"value":"WakaTime.vscode-wakatime","_lower":"wakatime.vscode-wakatime"},"activationEvent":"*"}
[2021-09-15 15:45:54.608] [exthost] [info] ExtensionService#loadCommonJSModule file:///home/krirogn/.vscode/extensions/wakatime.vscode-wakatime-17.0.1/dist/extension
[2021-09-15 15:45:54.664] [exthost] [info] ExtensionService#_doActivateExtension vscode.github {"startup":true,"extensionId":{"value":"vscode.github","_lower":"vscode.github"},"activationEvent":"*"}
[2021-09-15 15:45:54.664] [exthost] [info] ExtensionService#loadCommonJSModule file:///home/krirogn/p/VSCode-linux-x64/resources/app/extensions/github/dist/extension.js
[2021-09-15 15:45:54.670] [exthost] [info] ExtensionService#_doActivateExtension ms-vscode.js-debug {"startup":false,"extensionId":{"value":"ms-vscode.js-debug","_lower":"ms-vscode.js-debug"},"activationEvent":"onCommand:extension.js-debug.clearAutoAttachVariables"}
[2021-09-15 15:45:54.670] [exthost] [info] ExtensionService#loadCommonJSModule file:///home/krirogn/p/VSCode-linux-x64/resources/app/extensions/ms-vscode.js-debug/src/extension.js
[2021-09-15 15:45:54.739] [exthost] [info] eager extensions activated
[2021-09-15 15:45:54.745] [exthost] [info] ExtensionService#_doActivateExtension vscode.emmet {"startup":false,"extensionId":{"value":"vscode.emmet","_lower":"vscode.emmet"},"activationEvent":"onStartupFinished"}
[2021-09-15 15:45:54.745] [exthost] [info] ExtensionService#loadCommonJSModule file:///home/krirogn/p/VSCode-linux-x64/resources/app/extensions/emmet/dist/node/emmetNodeMain
[2021-09-15 15:45:54.749] [exthost] [info] ExtensionService#_doActivateExtension vscode.merge-conflict {"startup":false,"extensionId":{"value":"vscode.merge-conflict","_lower":"vscode.merge-conflict"},"activationEvent":"onStartupFinished"}
[2021-09-15 15:45:54.749] [exthost] [info] ExtensionService#loadCommonJSModule file:///home/krirogn/p/VSCode-linux-x64/resources/app/extensions/merge-conflict/dist/mergeConflictMain
[2021-09-15 15:45:54.776] [exthost] [info] ExtensionService#_doActivateExtension vscode.github-authentication {"startup":false,"extensionId":{"value":"vscode.github-authentication","_lower":"vscode.github-authentication"},"activationEvent":"onAuthenticationRequest:github"}
[2021-09-15 15:45:54.776] [exthost] [info] ExtensionService#loadCommonJSModule file:///home/krirogn/p/VSCode-linux-x64/resources/app/extensions/github-authentication/dist/extension.js
[2021-09-15 15:46:22.055] [exthost] [info] extension host terminating: renderer closed the socket
[2021-09-15 15:46:23.059] [exthost] [info] exiting with code 0
[2021-09-15 15:46:23.213] [exthost] [info] extension host started
[2021-09-15 15:46:23.214] [exthost] [info] Skipping acquiring lock for /home/krirogn/.config/Code/User/workspaceStorage/a589ca739456c91b8c4f386bf98ddf2a.
[2021-09-15 15:46:23.264] [exthost] [info] ExtensionService#_doActivateExtension vscode.microsoft-authentication {"startup":false,"extensionId":{"value":"vscode.microsoft-authentication","_lower":"vscode.microsoft-authentication"},"activationEvent":"onAuthenticationRequest:microsoft"}
[2021-09-15 15:46:23.264] [exthost] [info] ExtensionService#loadCommonJSModule file:///home/krirogn/p/VSCode-linux-x64/resources/app/extensions/microsoft-authentication/dist/extension.js
[2021-09-15 15:46:23.273] [exthost] [info] ExtensionService#_doActivateExtension vscode.debug-auto-launch {"startup":true,"extensionId":{"value":"vscode.debug-auto-launch","_lower":"vscode.debug-auto-launch"},"activationEvent":"*"}
[2021-09-15 15:46:23.273] [exthost] [info] ExtensionService#loadCommonJSModule file:///home/krirogn/p/VSCode-linux-x64/resources/app/extensions/debug-auto-launch/dist/extension
[2021-09-15 15:46:23.274] [exthost] [info] ExtensionService#_doActivateExtension vscode.git {"startup":true,"extensionId":{"value":"vscode.github","_lower":"vscode.github"},"activationEvent":"*"}
[2021-09-15 15:46:23.274] [exthost] [info] ExtensionService#loadCommonJSModule file:///home/krirogn/p/VSCode-linux-x64/resources/app/extensions/git/dist/main
[2021-09-15 15:46:23.287] [exthost] [info] ExtensionService#_doActivateExtension PKief.material-icon-theme {"startup":true,"extensionId":{"value":"PKief.material-icon-theme","_lower":"pkief.material-icon-theme"},"activationEvent":"*"}
[2021-09-15 15:46:23.288] [exthost] [info] ExtensionService#loadCommonJSModule file:///home/krirogn/.vscode/extensions/pkief.material-icon-theme-4.10.0/dist/extension
[2021-09-15 15:46:23.333] [exthost] [info] ExtensionService#_doActivateExtension vscode.github {"startup":true,"extensionId":{"value":"vscode.github","_lower":"vscode.github"},"activationEvent":"*"}
[2021-09-15 15:46:23.334] [exthost] [info] ExtensionService#loadCommonJSModule file:///home/krirogn/p/VSCode-linux-x64/resources/app/extensions/github/dist/extension.js
[2021-09-15 15:46:23.359] [exthost] [info] ExtensionService#_doActivateExtension ms-vscode.js-debug {"startup":false,"extensionId":{"value":"ms-vscode.js-debug","_lower":"ms-vscode.js-debug"},"activationEvent":"onCommand:extension.js-debug.clearAutoAttachVariables"}
[2021-09-15 15:46:23.359] [exthost] [info] ExtensionService#loadCommonJSModule file:///home/krirogn/p/VSCode-linux-x64/resources/app/extensions/ms-vscode.js-debug/src/extension.js
[2021-09-15 15:46:23.430] [exthost] [info] eager extensions activated
[2021-09-15 15:46:23.436] [exthost] [info] ExtensionService#_doActivateExtension vscode.emmet {"startup":false,"extensionId":{"value":"vscode.emmet","_lower":"vscode.emmet"},"activationEvent":"onStartupFinished"}
[2021-09-15 15:46:23.436] [exthost] [info] ExtensionService#loadCommonJSModule file:///home/krirogn/p/VSCode-linux-x64/resources/app/extensions/emmet/dist/node/emmetNodeMain
[2021-09-15 15:46:23.439] [exthost] [info] ExtensionService#_doActivateExtension vscode.merge-conflict {"startup":false,"extensionId":{"value":"vscode.merge-conflict","_lower":"vscode.merge-conflict"},"activationEvent":"onStartupFinished"}
[2021-09-15 15:46:23.439] [exthost] [info] ExtensionService#loadCommonJSModule file:///home/krirogn/p/VSCode-linux-x64/resources/app/extensions/merge-conflict/dist/mergeConflictMain
[2021-09-15 15:46:23.451] [exthost] [info] ExtensionService#_doActivateExtension vscode.github-authentication {"startup":false,"extensionId":{"value":"vscode.github-authentication","_lower":"vscode.github-authentication"},"activationEvent":"onAuthenticationRequest:github"}
[2021-09-15 15:46:23.451] [exthost] [info] ExtensionService#loadCommonJSModule file:///home/krirogn/p/VSCode-linux-x64/resources/app/extensions/github-authentication/dist/extension.js
[2021-09-15 15:46:24.336] [exthost] [info] ExtensionService#_doActivateExtension mrorz.language-gettext {"startup":false,"extensionId":{"value":"mrorz.language-gettext","_lower":"mrorz.language-gettext"},"activationEvent":"*"}
[2021-09-15 15:46:24.336] [exthost] [info] ExtensionService#loadCommonJSModule file:///home/krirogn/.vscode/extensions/mrorz.language-gettext-0.2.0/out/src/vscgettext
[2021-09-15 15:46:24.337] [exthost] [info] ExtensionService#_doActivateExtension WakaTime.vscode-wakatime {"startup":false,"extensionId":{"value":"WakaTime.vscode-wakatime","_lower":"wakatime.vscode-wakatime"},"activationEvent":"*"}
[2021-09-15 15:46:24.337] [exthost] [info] ExtensionService#loadCommonJSModule file:///home/krirogn/.vscode/extensions/wakatime.vscode-wakatime-17.0.1/dist/extension
[2021-09-15 15:46:36.388] [exthost] [info] ExtensionService#_doActivateExtension ms-python.python {"startup":false,"extensionId":{"value":"ms-python.vscode-pylance","_lower":"ms-python.vscode-pylance"},"activationEvent":"onLanguage:python"}
[2021-09-15 15:46:36.388] [exthost] [info] ExtensionService#loadCommonJSModule file:///home/krirogn/.vscode/extensions/ms-python.python-2021.9.1230869389/out/client/extension
[2021-09-15 15:46:36.597] [exthost] [info] ExtensionService#_doActivateExtension ms-toolsai.jupyter {"startup":false,"extensionId":{"value":"ms-toolsai.jupyter","_lower":"ms-toolsai.jupyter"},"activationEvent":"onLanguage:python"}
[2021-09-15 15:46:36.597] [exthost] [info] ExtensionService#loadCommonJSModule file:///home/krirogn/.vscode/extensions/ms-toolsai.jupyter-2021.8.2041215044/out/client/extension
[2021-09-15 15:46:37.015] [exthost] [info] ExtensionService#_doActivateExtension ms-python.vscode-pylance {"startup":false,"extensionId":{"value":"ms-python.vscode-pylance","_lower":"ms-python.vscode-pylance"},"activationEvent":"onLanguage:python"}
[2021-09-15 15:46:37.015] [exthost] [info] ExtensionService#loadCommonJSModule file:///home/krirogn/.vscode/extensions/ms-python.vscode-pylance-2021.9.1/dist/extension.bundle.js
[2021-09-15 15:53:34.854] [exthost] [info] ExtensionService#_doActivateExtension octref.vetur {"startup":false,"extensionId":{"value":"octref.vetur","_lower":"octref.vetur"},"activationEvent":"onLanguage:vue"}
[2021-09-15 15:53:34.854] [exthost] [info] ExtensionService#loadCommonJSModule file:///home/krirogn/.vscode/extensions/octref.vetur-0.34.1/dist/vueMain.js
[2021-09-15 15:55:22.250] [exthost] [info] ExtensionService#_doActivateExtension vscode.configuration-editing {"startup":false,"extensionId":{"value":"vscode.configuration-editing","_lower":"vscode.configuration-editing"},"activationEvent":"onLanguage:json"}
[2021-09-15 15:55:22.251] [exthost] [info] ExtensionService#loadCommonJSModule file:///home/krirogn/p/VSCode-linux-x64/resources/app/extensions/configuration-editing/dist/configurationEditingMain
[2021-09-15 15:55:22.259] [exthost] [info] ExtensionService#_doActivateExtension vscode.extension-editing {"startup":false,"extensionId":{"value":"vscode.extension-editing","_lower":"vscode.extension-editing"},"activationEvent":"onLanguage:json"}
[2021-09-15 15:55:22.259] [exthost] [info] ExtensionService#loadCommonJSModule file:///home/krirogn/p/VSCode-linux-x64/resources/app/extensions/extension-editing/dist/extensionEditingMain
[2021-09-15 15:55:22.271] [exthost] [info] ExtensionService#_doActivateExtension vscode.json-language-features {"startup":false,"extensionId":{"value":"vscode.json-language-features","_lower":"vscode.json-language-features"},"activationEvent":"onLanguage:json"}
[2021-09-15 15:55:22.271] [exthost] [info] ExtensionService#loadCommonJSModule file:///home/krirogn/p/VSCode-linux-x64/resources/app/extensions/json-language-features/client/dist/node/jsonClientMain
[2021-09-15 15:55:22.310] [exthost] [info] ExtensionService#_doActivateExtension vscode.npm {"startup":false,"extensionId":{"value":"vscode.npm","_lower":"vscode.npm"},"activationEvent":"onLanguage:json"}
[2021-09-15 15:55:22.310] [exthost] [info] ExtensionService#loadCommonJSModule file:///home/krirogn/p/VSCode-linux-x64/resources/app/extensions/npm/dist/npmMain
[2021-09-15 15:55:22.759] [exthost] [info] ExtensionService#_doActivateExtension vscode.typescript-language-features {"startup":false,"extensionId":{"value":"vscode.typescript-language-features","_lower":"vscode.typescript-language-features"},"activationEvent":"onLanguage:jsonc"}
[2021-09-15 15:55:22.759] [exthost] [info] ExtensionService#loadCommonJSModule file:///home/krirogn/p/VSCode-linux-x64/resources/app/extensions/typescript-language-features/dist/extension
[2021-09-15 15:55:23.590] [exthost] [error] [vscode.json-language-features] provider FAILED
[2021-09-15 15:55:23.590] [exthost] [error] Canceled: Canceled
	at b.makeCancelError (/home/krirogn/p/VSCode-linux-x64/resources/app/extensions/json-language-features/client/dist/node/jsonClientMain.js:1:460001)
	at b.handleFailedRequest (/home/krirogn/p/VSCode-linux-x64/resources/app/extensions/json-language-features/client/dist/node/jsonClientMain.js:1:459852)
	at /home/krirogn/p/VSCode-linux-x64/resources/app/extensions/json-language-features/client/dist/node/jsonClientMain.js:1:420067
	at runNextTicks (internal/process/task_queues.js:58:5)
	at processImmediate (internal/timers.js:434:9)
	at async g.provideHover (/home/krirogn/p/VSCode-linux-x64/resources/app/out/vs/workbench/services/extensions/node/extensionHostProcess.js:94:166317)
[2021-09-15 16:34:45.945] [exthost] [info] extension host terminating: renderer closed the socket
[2021-09-15 16:34:46.970] [exthost] [info] exiting with code 0
