Validating found git in: git
Using git 2.33.0 from git
> git rev-parse --git-dir
Open repository: /home/krirogn/code/ideal-life/ideal-life
> git status -z -u
> git symbolic-ref --short HEAD
> git for-each-ref --format=%(refname)%00%(upstream:short)%00%(objectname)%00%(upstream:track) refs/heads/main refs/remotes/main
> git for-each-ref --sort -committerdate --format %(refname) %(objectname) %(*objectname)
> git remote --verbose
> git config --get commit.template
> git check-ignore -v -z --stdin
> git show --textconv :components/task.vue
> git ls-files --stage -- /home/krirogn/code/ideal-life/ideal-life/components/task.vue
> git status -z -u
> git symbolic-ref --short HEAD
> git for-each-ref --format=%(refname)%00%(upstream:short)%00%(objectname)%00%(upstream:track) refs/heads/main refs/remotes/main
> git for-each-ref --sort -committerdate --format %(refname) %(objectname) %(*objectname)
> git remote --verbose
> git config --get commit.template
> git ls-files --stage -- /home/krirogn/code/ideal-life/ideal-life/components/task.vue
> git cat-file -s b0deca8d66f2cb55a3e0346e785f5054ba3a850e
> git show --textconv :components/task.vue
> git status -z -u
> git symbolic-ref --short HEAD
> git for-each-ref --format=%(refname)%00%(upstream:short)%00%(objectname)%00%(upstream:track) refs/heads/main refs/remotes/main
> git for-each-ref --sort -committerdate --format %(refname) %(objectname) %(*objectname)
> git remote --verbose
> git config --get commit.template
> git ls-files --stage -- /home/krirogn/code/ideal-life/ideal-life/components/task.vue
> git cat-file -s b0deca8d66f2cb55a3e0346e785f5054ba3a850e
> git show --textconv :components/task.vue
> git status -z -u
> git symbolic-ref --short HEAD
> git for-each-ref --format=%(refname)%00%(upstream:short)%00%(objectname)%00%(upstream:track) refs/heads/main refs/remotes/main
> git for-each-ref --sort -committerdate --format %(refname) %(objectname) %(*objectname)
> git remote --verbose
> git config --get commit.template
> git status -z -u
> git symbolic-ref --short HEAD
> git for-each-ref --format=%(refname)%00%(upstream:short)%00%(objectname)%00%(upstream:track) refs/heads/main refs/remotes/main
> git for-each-ref --sort -committerdate --format %(refname) %(objectname) %(*objectname)
> git remote --verbose
> git config --get commit.template
> git ls-files --stage -- /home/krirogn/code/ideal-life/ideal-life/components/task.vue
> git cat-file -s b0deca8d66f2cb55a3e0346e785f5054ba3a850e
> git show --textconv :components/task.vue
