Vetur initialized
[INFO ] Find node_modules paths in /home/krirogn/code/ideal-life/ideal-life - 256ms
[INFO ] Loaded bundled typescript@4.3.2.
[INFO ] Loaded bundled prettier.
[INFO ] Loaded bundled @starptech/prettyhtml.
[INFO ] Loaded bundled prettier-eslint.
[INFO ] Loaded bundled prettier-tslint.
[INFO ] Loaded bundled stylus-supremacy.
[INFO ] Loaded bundled @prettier/plugin-pug.
[INFO ] update /home/krirogn/code/ideal-life/ideal-life/.nuxt/App.js in ts language service.
[INFO ] update /home/krirogn/code/ideal-life/ideal-life/.nuxt/App.js in ts language service.
[INFO ] update /home/krirogn/code/ideal-life/ideal-life/.nuxt/App.js in ts language service.
[INFO ] update /home/krirogn/code/ideal-life/ideal-life/.nuxt/axios.js in ts language service.
[INFO ] update /home/krirogn/code/ideal-life/ideal-life/.nuxt/axios.js in ts language service.
[INFO ] update /home/krirogn/code/ideal-life/ideal-life/.nuxt/axios.js in ts language service.
[INFO ] update /home/krirogn/code/ideal-life/ideal-life/.nuxt/index.js in ts language service.
[INFO ] update /home/krirogn/code/ideal-life/ideal-life/.nuxt/index.js in ts language service.
[INFO ] update /home/krirogn/code/ideal-life/ideal-life/.nuxt/index.js in ts language service.
[INFO ] update /home/krirogn/code/ideal-life/ideal-life/.nuxt/jsonp.js in ts language service.
[INFO ] update /home/krirogn/code/ideal-life/ideal-life/.nuxt/jsonp.js in ts language service.
[INFO ] update /home/krirogn/code/ideal-life/ideal-life/.nuxt/jsonp.js in ts language service.
[INFO ] update /home/krirogn/code/ideal-life/ideal-life/.nuxt/client.js in ts language service.
[INFO ] update /home/krirogn/code/ideal-life/ideal-life/.nuxt/client.js in ts language service.
[INFO ] update /home/krirogn/code/ideal-life/ideal-life/.nuxt/client.js in ts language service.
[INFO ] update /home/krirogn/code/ideal-life/ideal-life/.nuxt/empty.js in ts language service.
[INFO ] update /home/krirogn/code/ideal-life/ideal-life/.nuxt/empty.js in ts language service.
[INFO ] update /home/krirogn/code/ideal-life/ideal-life/.nuxt/empty.js in ts language service.
[INFO ] update /home/krirogn/code/ideal-life/ideal-life/.nuxt/middleware.js in ts language service.
[INFO ] update /home/krirogn/code/ideal-life/ideal-life/.nuxt/middleware.js in ts language service.
[INFO ] update /home/krirogn/code/ideal-life/ideal-life/.nuxt/middleware.js in ts language service.
[INFO ] update /home/krirogn/code/ideal-life/ideal-life/.nuxt/router.js in ts language service.
[INFO ] update /home/krirogn/code/ideal-life/ideal-life/.nuxt/router.js in ts language service.
[INFO ] update /home/krirogn/code/ideal-life/ideal-life/.nuxt/router.js in ts language service.
[INFO ] update /home/krirogn/code/ideal-life/ideal-life/.nuxt/router.scrollBehavior.js in ts language service.
[INFO ] update /home/krirogn/code/ideal-life/ideal-life/.nuxt/router.scrollBehavior.js in ts language service.
[INFO ] update /home/krirogn/code/ideal-life/ideal-life/.nuxt/router.scrollBehavior.js in ts language service.
[INFO ] update /home/krirogn/code/ideal-life/ideal-life/.nuxt/routes.json in ts language service.
[INFO ] update /home/krirogn/code/ideal-life/ideal-life/.nuxt/routes.json in ts language service.
[INFO ] update /home/krirogn/code/ideal-life/ideal-life/.nuxt/routes.json in ts language service.
[INFO ] update /home/krirogn/code/ideal-life/ideal-life/.nuxt/server.js in ts language service.
[INFO ] update /home/krirogn/code/ideal-life/ideal-life/.nuxt/server.js in ts language service.
[INFO ] update /home/krirogn/code/ideal-life/ideal-life/.nuxt/server.js in ts language service.
[INFO ] update /home/krirogn/code/ideal-life/ideal-life/.nuxt/store.js in ts language service.
[INFO ] update /home/krirogn/code/ideal-life/ideal-life/.nuxt/store.js in ts language service.
[INFO ] update /home/krirogn/code/ideal-life/ideal-life/.nuxt/store.js in ts language service.
[INFO ] update /home/krirogn/code/ideal-life/ideal-life/.nuxt/utils.js in ts language service.
[INFO ] update /home/krirogn/code/ideal-life/ideal-life/.nuxt/utils.js in ts language service.
[INFO ] update /home/krirogn/code/ideal-life/ideal-life/.nuxt/utils.js in ts language service.
[INFO ] update /home/krirogn/code/ideal-life/ideal-life/.nuxt/vetur/tags.json in ts language service.
[INFO ] update /home/krirogn/code/ideal-life/ideal-life/.nuxt/vetur/tags.json in ts language service.
[INFO ] update /home/krirogn/code/ideal-life/ideal-life/.nuxt/vetur/tags.json in ts language service.
[INFO ] update /home/krirogn/code/ideal-life/ideal-life/.nuxt/mixins/fetch.client.js in ts language service.
[INFO ] update /home/krirogn/code/ideal-life/ideal-life/.nuxt/mixins/fetch.client.js in ts language service.
[INFO ] update /home/krirogn/code/ideal-life/ideal-life/.nuxt/mixins/fetch.client.js in ts language service.
[INFO ] update /home/krirogn/code/ideal-life/ideal-life/.nuxt/mixins/fetch.server.js in ts language service.
[INFO ] update /home/krirogn/code/ideal-life/ideal-life/.nuxt/mixins/fetch.server.js in ts language service.
[INFO ] update /home/krirogn/code/ideal-life/ideal-life/.nuxt/mixins/fetch.server.js in ts language service.
[INFO ] update /home/krirogn/code/ideal-life/ideal-life/.nuxt/axios.js in ts language service.
[INFO ] update /home/krirogn/code/ideal-life/ideal-life/.nuxt/axios.js in ts language service.
[INFO ] update /home/krirogn/code/ideal-life/ideal-life/.nuxt/axios.js in ts language service.
[INFO ] update /home/krirogn/code/ideal-life/ideal-life/.nuxt/vetur/tags.json in ts language service.
[INFO ] update /home/krirogn/code/ideal-life/ideal-life/.nuxt/vetur/tags.json in ts language service.
[INFO ] update /home/krirogn/code/ideal-life/ideal-life/.nuxt/vetur/tags.json in ts language service.
[INFO ] update /home/krirogn/code/ideal-life/ideal-life/.nuxt/client.js in ts language service.
[INFO ] update /home/krirogn/code/ideal-life/ideal-life/.nuxt/client.js in ts language service.
[INFO ] update /home/krirogn/code/ideal-life/ideal-life/.nuxt/client.js in ts language service.
[INFO ] update /home/krirogn/code/ideal-life/ideal-life/.nuxt/App.js in ts language service.
[INFO ] update /home/krirogn/code/ideal-life/ideal-life/.nuxt/App.js in ts language service.
[INFO ] update /home/krirogn/code/ideal-life/ideal-life/.nuxt/App.js in ts language service.
[INFO ] update /home/krirogn/code/ideal-life/ideal-life/.nuxt/index.js in ts language service.
[INFO ] update /home/krirogn/code/ideal-life/ideal-life/.nuxt/index.js in ts language service.
[INFO ] update /home/krirogn/code/ideal-life/ideal-life/.nuxt/index.js in ts language service.
[INFO ] update /home/krirogn/code/ideal-life/ideal-life/.nuxt/jsonp.js in ts language service.
[INFO ] update /home/krirogn/code/ideal-life/ideal-life/.nuxt/jsonp.js in ts language service.
[INFO ] update /home/krirogn/code/ideal-life/ideal-life/.nuxt/jsonp.js in ts language service.
[INFO ] update /home/krirogn/code/ideal-life/ideal-life/.nuxt/router.js in ts language service.
[INFO ] update /home/krirogn/code/ideal-life/ideal-life/.nuxt/router.js in ts language service.
[INFO ] update /home/krirogn/code/ideal-life/ideal-life/.nuxt/router.js in ts language service.
[INFO ] update /home/krirogn/code/ideal-life/ideal-life/.nuxt/router.scrollBehavior.js in ts language service.
[INFO ] update /home/krirogn/code/ideal-life/ideal-life/.nuxt/router.scrollBehavior.js in ts language service.
[INFO ] update /home/krirogn/code/ideal-life/ideal-life/.nuxt/router.scrollBehavior.js in ts language service.
[INFO ] update /home/krirogn/code/ideal-life/ideal-life/.nuxt/routes.json in ts language service.
[INFO ] update /home/krirogn/code/ideal-life/ideal-life/.nuxt/routes.json in ts language service.
[INFO ] update /home/krirogn/code/ideal-life/ideal-life/.nuxt/routes.json in ts language service.
[INFO ] update /home/krirogn/code/ideal-life/ideal-life/.nuxt/server.js in ts language service.
[INFO ] update /home/krirogn/code/ideal-life/ideal-life/.nuxt/server.js in ts language service.
[INFO ] update /home/krirogn/code/ideal-life/ideal-life/.nuxt/server.js in ts language service.
[INFO ] update /home/krirogn/code/ideal-life/ideal-life/.nuxt/utils.js in ts language service.
[INFO ] update /home/krirogn/code/ideal-life/ideal-life/.nuxt/utils.js in ts language service.
[INFO ] update /home/krirogn/code/ideal-life/ideal-life/.nuxt/utils.js in ts language service.
[INFO ] update /home/krirogn/code/ideal-life/ideal-life/.nuxt/empty.js in ts language service.
[INFO ] update /home/krirogn/code/ideal-life/ideal-life/.nuxt/empty.js in ts language service.
[INFO ] update /home/krirogn/code/ideal-life/ideal-life/.nuxt/empty.js in ts language service.
[INFO ] update /home/krirogn/code/ideal-life/ideal-life/.nuxt/mixins/fetch.server.js in ts language service.
[INFO ] update /home/krirogn/code/ideal-life/ideal-life/.nuxt/mixins/fetch.server.js in ts language service.
[INFO ] update /home/krirogn/code/ideal-life/ideal-life/.nuxt/mixins/fetch.server.js in ts language service.
[INFO ] update /home/krirogn/code/ideal-life/ideal-life/.nuxt/mixins/fetch.client.js in ts language service.
[INFO ] update /home/krirogn/code/ideal-life/ideal-life/.nuxt/mixins/fetch.client.js in ts language service.
[INFO ] update /home/krirogn/code/ideal-life/ideal-life/.nuxt/mixins/fetch.client.js in ts language service.
[INFO ] update /home/krirogn/code/ideal-life/ideal-life/.nuxt/middleware.js in ts language service.
[INFO ] update /home/krirogn/code/ideal-life/ideal-life/.nuxt/middleware.js in ts language service.
[INFO ] update /home/krirogn/code/ideal-life/ideal-life/.nuxt/middleware.js in ts language service.
[INFO ] update /home/krirogn/code/ideal-life/ideal-life/.nuxt/store.js in ts language service.
[INFO ] update /home/krirogn/code/ideal-life/ideal-life/.nuxt/store.js in ts language service.
[INFO ] update /home/krirogn/code/ideal-life/ideal-life/.nuxt/store.js in ts language service.
[INFO ] update /home/krirogn/code/ideal-life/ideal-life/package-lock.json in ts language service.
[INFO ] update /home/krirogn/code/ideal-life/ideal-life/package-lock.json in ts language service.
[INFO ] update /home/krirogn/code/ideal-life/ideal-life/package-lock.json in ts language service.
[INFO ] update /home/krirogn/code/ideal-life/ideal-life/package.json in ts language service.
[INFO ] update /home/krirogn/code/ideal-life/ideal-life/package.json in ts language service.
[INFO ] update /home/krirogn/code/ideal-life/ideal-life/package.json in ts language service.
