[4929][1631226621436][main][info]["Booting Postman 8.12.1, linux-5.13.13_1 on x64"]
[4929][1631226621438][main][info]["EventBus~initialize - Success"]
[4929][1631226621439][main][info]["Proxy configuration has not been setup"]
[4929][1631226621440][main][info]["CloudProxyManager~init - Success"]
[4929][1631226621445][main][info]["UpdateHandler~init - Success"]
[4929][1631226621649][main][info]["RuntimeIPCAgent~started: Success"]
[4929][1631226621651][main][info]["LeaderSelection: Initialized successfully"]
[4929][1631226621712][main][info]["LinuxAutoUpdater~Cleanup - Initial cleanup successful"]
[4929][1631226621739][main][info]["GPU detected VID 4318 DID 7137 ACTIVE true"]
[4929][1631226621758][main][info]["Bootstrap-models~bootstrap - Success"]
[4929][1631226621899][main][info]["window-manager~newSharedWindow: Shell loaded"]
[4929][1631226624247][main][info]["Main~AppEvents - Received booted event for process shared"]
[4929][1631226626426][main][info]["UpdateHandler~app-update-events - Received event",{"name":"checkForElectronVersionUpdated","namespace":"appUpdate"}]
[4929][1631226626436][main][info]["Main~AppEvents - Received booted event for process scratchpad"]
[4929][1631226629671][main][info]["Quitting app"]
[5489][1631226743313][main][info]["Booting Postman 8.12.1, linux-5.13.13_1 on x64"]
[5489][1631226743316][main][info]["EventBus~initialize - Success"]
[5489][1631226743318][main][info]["Proxy configuration has not been setup"]
[5489][1631226743318][main][info]["CloudProxyManager~init - Success"]
[5489][1631226743326][main][info]["UpdateHandler~init - Success"]
[5489][1631226743526][main][info]["RuntimeIPCAgent~started: Success"]
[5489][1631226743528][main][info]["LeaderSelection: Initialized successfully"]
[5489][1631226743574][main][info]["LinuxAutoUpdater~Cleanup - Initial cleanup successful"]
[5489][1631226743597][main][info]["GPU detected VID 4318 DID 7137 ACTIVE true"]
[5489][1631226743621][main][info]["Bootstrap-models~bootstrap - Success"]
[5489][1631226743746][main][info]["window-manager~newSharedWindow: Shell loaded"]
[5489][1631226745646][main][info]["Main~AppEvents - Received booted event for process shared"]
[5489][1631226748048][main][info]["UpdateHandler~app-update-events - Received event",{"name":"checkForElectronVersionUpdated","namespace":"appUpdate"}]
[5489][1631226748061][main][info]["Main~AppEvents - Received booted event for process scratchpad"]
[3573][1631230792529][main][info]["Booting Postman 8.12.1, linux-5.13.13_1 on x64"]
[3573][1631230792532][main][info]["EventBus~initialize - Success"]
[3573][1631230792534][main][info]["Proxy configuration has not been setup"]
[3573][1631230792534][main][info]["CloudProxyManager~init - Success"]
[3573][1631230792542][main][info]["UpdateHandler~init - Success"]
[3573][1631230792834][main][info]["RuntimeIPCAgent~started: Success"]
[3573][1631230792836][main][info]["LeaderSelection: Initialized successfully"]
[3573][1631230792925][main][info]["LinuxAutoUpdater~Cleanup - Initial cleanup successful"]
[3573][1631230792944][main][info]["GPU detected VID 4318 DID 7137 ACTIVE true"]
[3573][1631230792971][main][info]["Bootstrap-models~bootstrap - Success"]
[3573][1631230793253][main][info]["window-manager~newSharedWindow: Shell loaded"]
[3573][1631230795236][main][info]["Main~AppEvents - Received booted event for process shared"]
[3573][1631230797675][main][info]["UpdateHandler~app-update-events - Received event",{"name":"checkForElectronVersionUpdated","namespace":"appUpdate"}]
[3573][1631230797685][main][info]["Main~AppEvents - Received booted event for process scratchpad"]
[21441][1631292118619][main][info]["Booting Postman 8.12.1, linux-5.13.13_1 on x64"]
[21441][1631292118622][main][info]["EventBus~initialize - Success"]
[21441][1631292118623][main][info]["Proxy configuration has not been setup"]
[21441][1631292118623][main][info]["CloudProxyManager~init - Success"]
[21441][1631292118628][main][info]["UpdateHandler~init - Success"]
[21441][1631292118917][main][info]["RuntimeIPCAgent~started: Success"]
[21441][1631292118919][main][info]["LeaderSelection: Initialized successfully"]
[21441][1631292119014][main][info]["LinuxAutoUpdater~Cleanup - Initial cleanup successful"]
[21441][1631292119027][main][info]["GPU detected VID 4318 DID 7137 ACTIVE true"]
[21441][1631292119063][main][info]["Bootstrap-models~bootstrap - Success"]
[21441][1631292119287][main][info]["window-manager~newSharedWindow: Shell loaded"]
[21441][1631292121290][main][info]["Main~AppEvents - Received booted event for process shared"]
[21441][1631292123717][main][info]["UpdateHandler~app-update-events - Received event",{"name":"checkForElectronVersionUpdated","namespace":"appUpdate"}]
[21441][1631292123731][main][info]["Main~AppEvents - Received booted event for process scratchpad"]
[21441][1631292134111][main][info]["UpdateHandler~app-update-events - Received event",{"name":"updateElectron","namespace":"appUpdate","data":{"channel":"stable","version":"8.12.1","downloadVersion":"8.12.2","appId":"22f91cdc-7833-4672-8f58-b67ac0663bc9","userAgent":"Mozilla/5.0 (X11; Linux x86_64) AppleWebKit/537.36 (KHTML, like Gecko) Postman/8.12.1 Chrome/87.0.4280.88 Electron/11.1.1 Safari/537.36","platform":"LINUX","arch":"64","downloadURL":"https://dl.pstmn.io/download/version/8.12.2/linux_64","updateServerDomain":"https://dl.pstmn.io/","additionalParamsString":"installationId=22f91cdc-7833-4672-8f58-b67ac0663bc9&userId=0&syncEnabled=false&teamPlan=&teamId=0","userId":"0"}}]
[21441][1631292134112][main][info]["LinuxUpdater~downloadUpdate - UpdateInfo received",{"channel":"stable","version":"8.12.1","downloadVersion":"8.12.2","appId":"22f91cdc-7833-4672-8f58-b67ac0663bc9","userAgent":"Mozilla/5.0 (X11; Linux x86_64) AppleWebKit/537.36 (KHTML, like Gecko) Postman/8.12.1 Chrome/87.0.4280.88 Electron/11.1.1 Safari/537.36","platform":"LINUX","arch":"64","downloadURL":"https://dl.pstmn.io/download/version/8.12.2/linux_64","updateServerDomain":"https://dl.pstmn.io/","additionalParamsString":"installationId=22f91cdc-7833-4672-8f58-b67ac0663bc9&userId=0&syncEnabled=false&teamPlan=&teamId=0","userId":"0"}]
[21441][1631292157346][main][info]["LinuxAutoUpdater~Extraction completed",{"packageName":"Postman","eID":"Postman-1631292134112","downloadURL":"https://dl.pstmn.io/download/version/8.12.2/linux_64","downloadDirectory":"/home/krirogn/p/Postman","downloadInfo":{"status":"DOWNLOAD_COMPLETED","error":null,"downloadDirectory":"/home/krirogn/p/Postman"},"extractInfo":{"status":"EXTRACTION_SUCCESSFUL","error":null,"extractDirectory":"/home/krirogn/p/Postman","standardOutput":"","standardError":""}}]
[21441][1631292157348][main][info]["@postman/app-updater: Update updateDownloaded","","Postman 8.12.2","","https://dl.pstmn.io/download/version/8.12.2/linux_64"]
[21441][1631292157350][main][info]["UpdateHandler~app-update-events - Received event",{"name":"electronAppUpdateDownloaded","namespace":"appUpdate","data":{"releaseName":"Postman 8.12.2","notes":"","date":"","URL":"https://dl.pstmn.io/download/version/8.12.2/linux_64"}}]
[21441][1631301994137][main][info]["WindowManager~closeHandler - Closed Window (id: 3 )"]
[21441][1631301994174][main][info]["Quitting app"]
[21441][1631301994197][main][info]["Applying update and quit the app"]
[21441][1631301994198][main][info]["@postman/app-updater: quitting app to update"]
[21441][1631301994198][main][info]["LinuxAutoUpdater~quitAndInstall - Initiated"]
[21441][1631301994200][main][info]["LinuxAutoUpdater~quitAndInstall - Quitting for update"]
[5134][1631389438124][main][info]["Booting Postman 8.12.2, linux-5.13.13_1 on x64"]
[5134][1631389438134][main][info]["EventBus~initialize - Success"]
[5134][1631389438140][main][info]["Proxy configuration has not been setup"]
[5134][1631389438142][main][info]["CloudProxyManager~init - Success"]
[5134][1631389438157][main][info]["UpdateHandler~init - Success"]
[5134][1631389438454][main][info]["RuntimeIPCAgent~started: Success"]
[5134][1631389438456][main][info]["LeaderSelection: Initialized successfully"]
[5134][1631389438665][main][info]["GPU detected VID 4318 DID 7073 ACTIVE true"]
[5134][1631389438666][main][info]["GPU detected VID 32902 DID 16027 ACTIVE false"]
[5134][1631389439202][main][info]["window-manager~newSharedWindow: Shell loaded"]
[5134][1631389439424][main][info]["LinuxAutoUpdater~Cleanup - Initial cleanup successful"]
[5134][1631389439437][main][info]["Bootstrap-models~bootstrap - Success"]
[5134][1631389441589][main][info]["Main~AppEvents - Received booted event for process shared"]
[5134][1631389444728][main][info]["UpdateHandler~app-update-events - Received event",{"name":"checkForElectronVersionUpdated","namespace":"appUpdate"}]
[5134][1631389444732][main][info]["@postman/app-updater: version Updated","8.12.1","8.12.2"]
[5134][1631389444734][main][info]["UpdateHandler~app-update-events - Received event",{"name":"electronVersionUpdated","namespace":"appUpdate","data":{"lastKnownVersion":"8.12.1","currentVersion":"8.12.2"}}]
[5134][1631389444762][main][info]["Main~AppEvents - Received booted event for process scratchpad"]
[5134][1631623928652][main][info]["WindowManager~closeHandler - Closed Window (id: 3 )"]
[5134][1631623928668][main][info]["Quitting app"]
[6900][1631624096543][main][info]["Booting Postman 8.12.2, linux-5.13.13_1 on x64"]
[6900][1631624096546][main][info]["EventBus~initialize - Success"]
[6900][1631624096548][main][info]["Proxy configuration has not been setup"]
[6900][1631624096548][main][info]["CloudProxyManager~init - Success"]
[6900][1631624096556][main][info]["UpdateHandler~init - Success"]
[6900][1631624096831][main][info]["RuntimeIPCAgent~started: Success"]
[6900][1631624096833][main][info]["LeaderSelection: Initialized successfully"]
[6900][1631624096940][main][info]["LinuxAutoUpdater~Cleanup - Initial cleanup successful"]
[6900][1631624096961][main][info]["GPU detected VID 4318 DID 7073 ACTIVE true"]
[6900][1631624096962][main][info]["GPU detected VID 32902 DID 16027 ACTIVE false"]
[6900][1631624096995][main][info]["Bootstrap-models~bootstrap - Success"]
[6900][1631624097216][main][info]["window-manager~newSharedWindow: Shell loaded"]
[6900][1631624099259][main][info]["Main~AppEvents - Received booted event for process shared"]
[6900][1631624101559][main][info]["UpdateHandler~app-update-events - Received event",{"name":"checkForElectronVersionUpdated","namespace":"appUpdate"}]
[6900][1631624101573][main][info]["Main~AppEvents - Received booted event for process scratchpad"]
[6900][1631664932304][main][info]["WindowManager~closeHandler - Closed Window (id: 3 )"]
[6900][1631664932342][main][info]["Quitting app"]
[11084][1631691811531][main][info]["Booting Postman 8.12.2, linux-5.13.13_1 on x64"]
[11084][1631691811536][main][info]["EventBus~initialize - Success"]
[11084][1631691811539][main][info]["Proxy configuration has not been setup"]
[11084][1631691811540][main][info]["CloudProxyManager~init - Success"]
[11084][1631691811549][main][info]["UpdateHandler~init - Success"]
[11084][1631691811875][main][info]["RuntimeIPCAgent~started: Success"]
[11084][1631691811877][main][info]["LeaderSelection: Initialized successfully"]
[11084][1631691811974][main][info]["LinuxAutoUpdater~Cleanup - Initial cleanup successful"]
[11084][1631691812009][main][info]["GPU detected VID 4318 DID 7073 ACTIVE true"]
[11084][1631691812010][main][info]["GPU detected VID 32902 DID 16027 ACTIVE false"]
[11084][1631691812035][main][info]["Bootstrap-models~bootstrap - Success"]
[11084][1631691812596][main][info]["window-manager~newSharedWindow: Shell loaded"]
[11084][1631691815435][main][info]["Main~AppEvents - Received booted event for process shared"]
[11084][1631691818670][main][info]["UpdateHandler~app-update-events - Received event",{"name":"checkForElectronVersionUpdated","namespace":"appUpdate"}]
[11084][1631691818696][main][info]["Main~AppEvents - Received booted event for process scratchpad"]
[11084][1631699239173][main][info]["WindowManager~closeHandler - Closed Window (id: 3 )"]
[11084][1631699239202][main][info]["Quitting app"]
[28768][1631703796792][main][info]["Booting Postman 8.12.2, linux-5.13.13_1 on x64"]
[28768][1631703796803][main][info]["EventBus~initialize - Success"]
[28768][1631703796810][main][info]["Proxy configuration has not been setup"]
[28768][1631703796811][main][info]["CloudProxyManager~init - Success"]
[28768][1631703796832][main][info]["UpdateHandler~init - Success"]
[28768][1631703797209][main][info]["RuntimeIPCAgent~started: Success"]
[28768][1631703797211][main][info]["LeaderSelection: Initialized successfully"]
[28768][1631703797313][main][info]["LinuxAutoUpdater~Cleanup - Initial cleanup successful"]
[28768][1631703797339][main][info]["GPU detected VID 4318 DID 7073 ACTIVE true"]
[28768][1631703797339][main][info]["GPU detected VID 32902 DID 16027 ACTIVE false"]
[28768][1631703797368][main][info]["Bootstrap-models~bootstrap - Success"]
[28768][1631703797653][main][info]["window-manager~newSharedWindow: Shell loaded"]
[28768][1631703800013][main][info]["Main~AppEvents - Received booted event for process shared"]
[28768][1631703802748][main][info]["UpdateHandler~app-update-events - Received event",{"name":"checkForElectronVersionUpdated","namespace":"appUpdate"}]
[28768][1631703802775][main][info]["Main~AppEvents - Received booted event for process scratchpad"]
[28768][1631703949529][main][info]["WindowManager~closeHandler - Closed Window (id: 3 )"]
[28768][1631703949579][main][info]["Quitting app"]
[21453][1631707269419][main][info]["Booting Postman 8.12.2, linux-5.13.13_1 on x64"]
[21453][1631707269421][main][info]["EventBus~initialize - Success"]
[21453][1631707269423][main][info]["Proxy configuration has not been setup"]
[21453][1631707269423][main][info]["CloudProxyManager~init - Success"]
[21453][1631707269429][main][info]["UpdateHandler~init - Success"]
[21453][1631707269724][main][info]["RuntimeIPCAgent~started: Success"]
[21453][1631707269726][main][info]["LeaderSelection: Initialized successfully"]
[21453][1631707269835][main][info]["LinuxAutoUpdater~Cleanup - Initial cleanup successful"]
[21453][1631707269856][main][info]["GPU detected VID 4318 DID 7073 ACTIVE true"]
[21453][1631707269856][main][info]["GPU detected VID 32902 DID 16027 ACTIVE false"]
[21453][1631707269890][main][info]["Bootstrap-models~bootstrap - Success"]
[21453][1631707270135][main][info]["window-manager~newSharedWindow: Shell loaded"]
[21453][1631707272051][main][info]["Main~AppEvents - Received booted event for process shared"]
[21453][1631707274928][main][info]["UpdateHandler~app-update-events - Received event",{"name":"checkForElectronVersionUpdated","namespace":"appUpdate"}]
[21453][1631707274945][main][info]["Main~AppEvents - Received booted event for process scratchpad"]
[21453][1631713311305][main][info]["WindowManager~closeHandler - Closed Window (id: 3 )"]
[21453][1631713311345][main][info]["Quitting app"]
[11970][1631724750513][main][info]["Booting Postman 8.12.2, linux-5.13.13_1 on x64"]
[11970][1631724750518][main][info]["EventBus~initialize - Success"]
[11970][1631724750521][main][info]["Proxy configuration has not been setup"]
[11970][1631724750522][main][info]["CloudProxyManager~init - Success"]
[11970][1631724750532][main][info]["UpdateHandler~init - Success"]
[11970][1631724750820][main][info]["RuntimeIPCAgent~started: Success"]
[11970][1631724750822][main][info]["LeaderSelection: Initialized successfully"]
[11970][1631724750914][main][info]["LinuxAutoUpdater~Cleanup - Initial cleanup successful"]
[11970][1631724750944][main][info]["GPU detected VID 4318 DID 7073 ACTIVE true"]
[11970][1631724750945][main][info]["GPU detected VID 32902 DID 16027 ACTIVE false"]
[11970][1631724750978][main][info]["Bootstrap-models~bootstrap - Success"]
[11970][1631724751269][main][info]["window-manager~newSharedWindow: Shell loaded"]
[11970][1631724753604][main][info]["Main~AppEvents - Received booted event for process shared"]
[11970][1631724756222][main][info]["UpdateHandler~app-update-events - Received event",{"name":"checkForElectronVersionUpdated","namespace":"appUpdate"}]
[11970][1631724756240][main][info]["Main~AppEvents - Received booted event for process scratchpad"]
[11970][1631728598638][main][info]["WindowManager~closeHandler - Closed Window (id: 3 )"]
[11970][1631728598651][main][info]["Quitting app"]
