[4929][1631226626242][scratchpad][info]["EventBus~initialize - Success"]
[4929][1631226626243][scratchpad][info]["Messaging~boot - Success"]
[4929][1631226626257][scratchpad][info]["bootCrashReporter~ Success"]
[4929][1631226626258][scratchpad][info]["Telemetry~boot - Success"]
[4929][1631226626258][scratchpad][info]["bootConfigurations~initialize - Success"]
[4929][1631226626260][scratchpad][info]["Settings~boot - Success"]
[4929][1631226626338][scratchpad][info]["bootstrapModels - Success"]
[4929][1631226626338][scratchpad][info]["WLModels~boot - Success"]
[4929][1631226626347][scratchpad][info]["Session~boot - Success"]
[4929][1631226626348][scratchpad][info]["IndependentServices~boot - Success"]
[4929][1631226626356][scratchpad][info]["AppModels~boot - Success"]
[4929][1631226626373][scratchpad][info]["Sync~boot - Success"]
[4929][1631226626380][scratchpad][error]["WorkspaceSessionController~getActiveSession: WorkspaceSession not found in db"]
[4929][1631226626384][scratchpad][error]["ActiveWorkspaceSessionStore: Initial Hydration Failed once"]
[4929][1631226626393][scratchpad][info]["PostUpdateBackup~init: Success"]
[4929][1631226626394][scratchpad][info]["Shared~boot - Success"]
[4929][1631226626395][scratchpad][info]["DBWatcher~boot - Success"]
[4929][1631226626396][scratchpad][info]["ThemeManager~boot - Success"]
[4929][1631226626397][scratchpad][info]["WorkbenchService~boot - Success"]
[4929][1631226626397][scratchpad][info]["ContextBarRegistry~boot - Success"]
[4929][1631226626397][scratchpad][info]["Store~boot - Success"]
[4929][1631226626399][scratchpad][info]["Shortcuts~boot - Success"]
[4929][1631226626402][scratchpad][error]["WorkspaceSessionController~getActiveSession: WorkspaceSession not found in db"]
[4929][1631226626402][scratchpad][error]["ActiveWorkspaceSessionStore: Initial Hydration Failed twice",{"name":"Error","message":"WorkspaceSessionController~getActiveSession: WorkspaceSession not found in db","stack":"Error: WorkspaceSessionController~getActiveSession: WorkspaceSession not found in db\n    at file:///home/krirogn/p/Postman/app/resources/app/js/vendor-shared.js:306029:35"}]
[4929][1631226626417][scratchpad][info]["NewConsole~boot - Success"]
[4929][1631226626419][scratchpad][info]["APIDevInterface~boot - Success"]
[4929][1631226626427][scratchpad][info]["Attempting to create IPCNode to proxy_node_process"]
[4929][1631226626432][scratchpad][info]["Requester~boot - Success"]
[4929][1631226626433][scratchpad][info]["SharedRuntimeListeners~boot - Success"]
[4929][1631226626434][scratchpad][info]["booted - scratchpad"]
[4929][1631226626548][scratchpad][info]["NavigationService ~ [BROWSER] Transitioning io the initial route with the URL:","home"]
[4929][1631226626599][scratchpad][info]["CloudProxyHandler: Proxy configuration has not been setup"]
[4929][1631226626599][scratchpad][error]["IPCNode~createClient~something wrong connecting to the IPC server",{"errno":"ENOENT","code":"ENOENT","syscall":"connect","address":"/home/krirogn/.config/Postman/proxy_node_process_prod.sock","name":"Error","message":"connect ENOENT /home/krirogn/.config/Postman/proxy_node_process_prod.sock","stack":"Error: connect ENOENT /home/krirogn/.config/Postman/proxy_node_process_prod.sock\n    at PipeConnectWrap.afterConnect [as oncomplete] (net.js:1141:16)"}]
[4929][1631226626997][scratchpad][info]["SessionValidation - Registering listener"]
[4929][1631226627005][scratchpad][info]["UI pulled the session locked information on init"]
[5489][1631226747877][scratchpad][info]["EventBus~initialize - Success"]
[5489][1631226747878][scratchpad][info]["Messaging~boot - Success"]
[5489][1631226747894][scratchpad][info]["bootCrashReporter~ Success"]
[5489][1631226747895][scratchpad][info]["Telemetry~boot - Success"]
[5489][1631226747895][scratchpad][info]["bootConfigurations~initialize - Success"]
[5489][1631226747897][scratchpad][info]["Settings~boot - Success"]
[5489][1631226747960][scratchpad][info]["bootstrapModels - Success"]
[5489][1631226747961][scratchpad][info]["WLModels~boot - Success"]
[5489][1631226747968][scratchpad][info]["Session~boot - Success"]
[5489][1631226747970][scratchpad][info]["IndependentServices~boot - Success"]
[5489][1631226747975][scratchpad][info]["AppModels~boot - Success"]
[5489][1631226747992][scratchpad][info]["Sync~boot - Success"]
[5489][1631226747998][scratchpad][error]["WorkspaceSessionController~getActiveSession: WorkspaceSession not found in db"]
[5489][1631226748004][scratchpad][error]["ActiveWorkspaceSessionStore: Initial Hydration Failed once"]
[5489][1631226748012][scratchpad][info]["PostUpdateBackup~init: Success"]
[5489][1631226748013][scratchpad][info]["Shared~boot - Success"]
[5489][1631226748014][scratchpad][info]["DBWatcher~boot - Success"]
[5489][1631226748015][scratchpad][info]["ThemeManager~boot - Success"]
[5489][1631226748016][scratchpad][info]["WorkbenchService~boot - Success"]
[5489][1631226748016][scratchpad][info]["ContextBarRegistry~boot - Success"]
[5489][1631226748016][scratchpad][info]["Store~boot - Success"]
[5489][1631226748018][scratchpad][info]["Shortcuts~boot - Success"]
[5489][1631226748028][scratchpad][error]["WorkspaceSessionController~getActiveSession: WorkspaceSession not found in db"]
[5489][1631226748029][scratchpad][error]["ActiveWorkspaceSessionStore: Initial Hydration Failed twice",{"name":"Error","message":"WorkspaceSessionController~getActiveSession: WorkspaceSession not found in db","stack":"Error: WorkspaceSessionController~getActiveSession: WorkspaceSession not found in db\n    at file:///home/krirogn/p/Postman/app/resources/app/js/vendor-shared.js:306029:35"}]
[5489][1631226748041][scratchpad][info]["NewConsole~boot - Success"]
[5489][1631226748044][scratchpad][info]["APIDevInterface~boot - Success"]
[5489][1631226748050][scratchpad][info]["Attempting to create IPCNode to proxy_node_process"]
[5489][1631226748056][scratchpad][info]["Requester~boot - Success"]
[5489][1631226748057][scratchpad][info]["SharedRuntimeListeners~boot - Success"]
[5489][1631226748059][scratchpad][info]["booted - scratchpad"]
[5489][1631226748192][scratchpad][info]["NavigationService ~ [BROWSER] Transitioning io the initial route with the URL:","workspace/29ba1c6f-43ab-4e23-8a6c-27c39a57a069"]
[5489][1631226748262][scratchpad][info]["CloudProxyHandler: Proxy configuration has not been setup"]
[5489][1631226748263][scratchpad][error]["IPCNode~createClient~something wrong connecting to the IPC server",{"errno":"ENOENT","code":"ENOENT","syscall":"connect","address":"/home/krirogn/.config/Postman/proxy_node_process_prod.sock","name":"Error","message":"connect ENOENT /home/krirogn/.config/Postman/proxy_node_process_prod.sock","stack":"Error: connect ENOENT /home/krirogn/.config/Postman/proxy_node_process_prod.sock\n    at PipeConnectWrap.afterConnect [as oncomplete] (net.js:1141:16)"}]
[5489][1631226748748][scratchpad][info]["SessionValidation - Registering listener"]
[5489][1631226748757][scratchpad][info]["UI pulled the session locked information on init"]
[3573][1631230797510][scratchpad][info]["EventBus~initialize - Success"]
[3573][1631230797512][scratchpad][info]["Messaging~boot - Success"]
[3573][1631230797528][scratchpad][info]["bootCrashReporter~ Success"]
[3573][1631230797529][scratchpad][info]["Telemetry~boot - Success"]
[3573][1631230797530][scratchpad][info]["bootConfigurations~initialize - Success"]
[3573][1631230797531][scratchpad][info]["Settings~boot - Success"]
[3573][1631230797596][scratchpad][info]["bootstrapModels - Success"]
[3573][1631230797596][scratchpad][info]["WLModels~boot - Success"]
[3573][1631230797603][scratchpad][info]["Session~boot - Success"]
[3573][1631230797604][scratchpad][info]["IndependentServices~boot - Success"]
[3573][1631230797612][scratchpad][info]["AppModels~boot - Success"]
[3573][1631230797629][scratchpad][info]["Sync~boot - Success"]
[3573][1631230797644][scratchpad][info]["PostUpdateBackup~init: Success"]
[3573][1631230797645][scratchpad][info]["Shared~boot - Success"]
[3573][1631230797646][scratchpad][info]["DBWatcher~boot - Success"]
[3573][1631230797648][scratchpad][info]["ThemeManager~boot - Success"]
[3573][1631230797648][scratchpad][info]["WorkbenchService~boot - Success"]
[3573][1631230797648][scratchpad][info]["ContextBarRegistry~boot - Success"]
[3573][1631230797649][scratchpad][info]["Store~boot - Success"]
[3573][1631230797650][scratchpad][info]["Shortcuts~boot - Success"]
[3573][1631230797667][scratchpad][info]["NewConsole~boot - Success"]
[3573][1631230797670][scratchpad][info]["APIDevInterface~boot - Success"]
[3573][1631230797676][scratchpad][info]["Attempting to create IPCNode to proxy_node_process"]
[3573][1631230797681][scratchpad][info]["Requester~boot - Success"]
[3573][1631230797682][scratchpad][info]["SharedRuntimeListeners~boot - Success"]
[3573][1631230797683][scratchpad][info]["booted - scratchpad"]
[3573][1631230797815][scratchpad][info]["NavigationService ~ [BROWSER] Transitioning io the initial route with the URL:","workspace/29ba1c6f-43ab-4e23-8a6c-27c39a57a069"]
[3573][1631230797882][scratchpad][info]["CloudProxyHandler: Proxy configuration has not been setup"]
[3573][1631230797882][scratchpad][error]["IPCNode~createClient~something wrong connecting to the IPC server",{"errno":"ENOENT","code":"ENOENT","syscall":"connect","address":"/home/krirogn/.config/Postman/proxy_node_process_prod.sock","name":"Error","message":"connect ENOENT /home/krirogn/.config/Postman/proxy_node_process_prod.sock","stack":"Error: connect ENOENT /home/krirogn/.config/Postman/proxy_node_process_prod.sock\n    at PipeConnectWrap.afterConnect [as oncomplete] (net.js:1141:16)"}]
[3573][1631230798772][scratchpad][info]["SessionValidation - Registering listener"]
[3573][1631230798844][scratchpad][info]["UI pulled the session locked information on init"]
[3573][1631235575795][scratchpad][info]["SyncManagerNew~createSocket",{"forceConnect":true}]
[3573][1631235575803][scratchpad][info]["SyncManagerNew~createSocket","sailsIO.connect",{"url":"https://bifrost-public-v4.gw.postman.com","opts":{"reconnectionDelay":10000,"reconnectionDelayMax":60000,"reconnectionAttempts":8,"randomizationFactor":0.3}}]
[3573][1631235575816][scratchpad][info]["SyncManagerNew~_onConnectError",{"type":"TransportError","description":{"isTrusted":true},"name":"Error","message":"websocket error","stack":"Error: websocket error\n    at WS.8624.Transport.onError (file:///home/krirogn/p/Postman/app/resources/app/js/requester.js:68994:13)\n    at WebSocket.ws.onerror (file:///home/krirogn/p/Postman/app/resources/app/js/requester.js:70338:10)"}]
[3573][1631235575817][scratchpad][info]["SyncManagerNew~_onReconnectScheduled",11581,1]
[3573][1631235587398][scratchpad][info]["SyncManagerNew~_onReconnectAttempt"]
[3573][1631235587401][scratchpad][info]["SyncManagerNew~_onReconnecting",1]
[3573][1631235587907][scratchpad][info]["SyncManagerNew~_onReconnect",1]
[3573][1631235587910][scratchpad][info]["SyncManagerNew~_onConnect"]
[3573][1631235588064][scratchpad][info]["SyncManagerNew~signIn",{}]
[3573][1631235588070][scratchpad][error]["SyncRequestService: This request is not allowed from scratchpad"]
[3573][1631235588075][scratchpad][info]["SyncTimelineHelper: Force stopping all timelines"]
[3573][1631235588078][scratchpad][error]["Codegen~checkAccess - Error while checking team access: ",{"error":{"message":"SyncRequestService\\x7erequest: This request not allowed from scratchpad"}}]
[3573][1631235588090][scratchpad][info]["subscribeToTeamEvents: Bailing out as team ID is not available"]
[21441][1631292123558][scratchpad][info]["EventBus~initialize - Success"]
[21441][1631292123560][scratchpad][info]["Messaging~boot - Success"]
[21441][1631292123580][scratchpad][info]["bootCrashReporter~ Success"]
[21441][1631292123581][scratchpad][info]["Telemetry~boot - Success"]
[21441][1631292123582][scratchpad][info]["bootConfigurations~initialize - Success"]
[21441][1631292123584][scratchpad][info]["Settings~boot - Success"]
[21441][1631292123640][scratchpad][info]["bootstrapModels - Success"]
[21441][1631292123640][scratchpad][info]["WLModels~boot - Success"]
[21441][1631292123649][scratchpad][info]["Session~boot - Success"]
[21441][1631292123650][scratchpad][info]["IndependentServices~boot - Success"]
[21441][1631292123655][scratchpad][info]["AppModels~boot - Success"]
[21441][1631292123669][scratchpad][info]["Sync~boot - Success"]
[21441][1631292123682][scratchpad][info]["PostUpdateBackup~init: Success"]
[21441][1631292123683][scratchpad][info]["Shared~boot - Success"]
[21441][1631292123683][scratchpad][info]["DBWatcher~boot - Success"]
[21441][1631292123685][scratchpad][info]["ThemeManager~boot - Success"]
[21441][1631292123685][scratchpad][info]["WorkbenchService~boot - Success"]
[21441][1631292123685][scratchpad][info]["ContextBarRegistry~boot - Success"]
[21441][1631292123685][scratchpad][info]["Store~boot - Success"]
[21441][1631292123687][scratchpad][info]["Shortcuts~boot - Success"]
[21441][1631292123708][scratchpad][info]["NewConsole~boot - Success"]
[21441][1631292123711][scratchpad][info]["APIDevInterface~boot - Success"]
[21441][1631292123718][scratchpad][info]["Attempting to create IPCNode to proxy_node_process"]
[21441][1631292123724][scratchpad][info]["Requester~boot - Success"]
[21441][1631292123725][scratchpad][info]["SharedRuntimeListeners~boot - Success"]
[21441][1631292123726][scratchpad][info]["booted - scratchpad"]
[21441][1631292123852][scratchpad][info]["NavigationService ~ [BROWSER] Transitioning io the initial route with the URL:","workspace/29ba1c6f-43ab-4e23-8a6c-27c39a57a069"]
[21441][1631292123921][scratchpad][info]["CloudProxyHandler: Proxy configuration has not been setup"]
[21441][1631292123921][scratchpad][error]["IPCNode~createClient~something wrong connecting to the IPC server",{"errno":"ENOENT","code":"ENOENT","syscall":"connect","address":"/home/krirogn/.config/Postman/proxy_node_process_prod.sock","name":"Error","message":"connect ENOENT /home/krirogn/.config/Postman/proxy_node_process_prod.sock","stack":"Error: connect ENOENT /home/krirogn/.config/Postman/proxy_node_process_prod.sock\n    at PipeConnectWrap.afterConnect [as oncomplete] (net.js:1141:16)"}]
[21441][1631292124787][scratchpad][info]["SessionValidation - Registering listener"]
[21441][1631292124856][scratchpad][info]["UI pulled the session locked information on init"]
[21441][1631292157477][scratchpad][info]["AppUpdateNotifier~onUpdateDownloaded: Successfully backed up user data"]
[5134][1631389444361][scratchpad][info]["EventBus~initialize - Success"]
[5134][1631389444363][scratchpad][info]["Messaging~boot - Success"]
[5134][1631389444393][scratchpad][info]["bootCrashReporter~ Success"]
[5134][1631389444398][scratchpad][info]["Telemetry~boot - Success"]
[5134][1631389444402][scratchpad][info]["bootConfigurations~initialize - Success"]
[5134][1631389444409][scratchpad][info]["Settings~boot - Success"]
[5134][1631389444525][scratchpad][info]["bootstrapModels - Success"]
[5134][1631389444527][scratchpad][info]["WLModels~boot - Success"]
[5134][1631389444543][scratchpad][info]["Session~boot - Success"]
[5134][1631389444547][scratchpad][info]["IndependentServices~boot - Success"]
[5134][1631389444555][scratchpad][info]["AppModels~boot - Success"]
[5134][1631389444590][scratchpad][info]["Sync~boot - Success"]
[5134][1631389444625][scratchpad][info]["PostUpdateBackup~init: Success"]
[5134][1631389444627][scratchpad][info]["Shared~boot - Success"]
[5134][1631389444629][scratchpad][info]["DBWatcher~boot - Success"]
[5134][1631389444633][scratchpad][info]["ThemeManager~boot - Success"]
[5134][1631389444633][scratchpad][info]["WorkbenchService~boot - Success"]
[5134][1631389444634][scratchpad][info]["ContextBarRegistry~boot - Success"]
[5134][1631389444634][scratchpad][info]["Store~boot - Success"]
[5134][1631389444636][scratchpad][info]["Shortcuts~boot - Success"]
[5134][1631389444676][scratchpad][info]["NewConsole~boot - Success"]
[5134][1631389444693][scratchpad][info]["APIDevInterface~boot - Success"]
[5134][1631389444729][scratchpad][info]["Attempting to create IPCNode to proxy_node_process"]
[5134][1631389444749][scratchpad][info]["Requester~boot - Success"]
[5134][1631389444751][scratchpad][info]["SharedRuntimeListeners~boot - Success"]
[5134][1631389444755][scratchpad][info]["booted - scratchpad"]
[5134][1631389445013][scratchpad][info]["NavigationService ~ [BROWSER] Transitioning io the initial route with the URL:","workspace/29ba1c6f-43ab-4e23-8a6c-27c39a57a069"]
[5134][1631389445128][scratchpad][info]["CloudProxyHandler: Proxy configuration has not been setup"]
[5134][1631389445128][scratchpad][error]["IPCNode~createClient~something wrong connecting to the IPC server",{"errno":"ENOENT","code":"ENOENT","syscall":"connect","address":"/home/krirogn/.config/Postman/proxy_node_process_prod.sock","name":"Error","message":"connect ENOENT /home/krirogn/.config/Postman/proxy_node_process_prod.sock","stack":"Error: connect ENOENT /home/krirogn/.config/Postman/proxy_node_process_prod.sock\n    at PipeConnectWrap.afterConnect [as oncomplete] (net.js:1141:16)"}]
[5134][1631389445221][scratchpad][info]["PostUpdateBackup: Request to create backup accepted"]
[5134][1631389445520][scratchpad][info]["PostUpdateBackup: Finished backing up user data"]
[5134][1631389446276][scratchpad][info]["SessionValidation - Registering listener"]
[5134][1631389446354][scratchpad][info]["UI pulled the session locked information on init"]
[5134][1631395614845][scratchpad][info]["SyncManagerNew~createSocket",{"forceConnect":true}]
[5134][1631395614889][scratchpad][info]["SyncManagerNew~createSocket","sailsIO.connect",{"url":"https://bifrost-public-v4.gw.postman.com","opts":{"reconnectionDelay":10000,"reconnectionDelayMax":60000,"reconnectionAttempts":8,"randomizationFactor":0.3}}]
[5134][1631395614962][scratchpad][info]["SyncManagerNew~_onConnectError",{"type":"TransportError","description":{"isTrusted":true},"name":"Error","message":"websocket error","stack":"Error: websocket error\n    at WS.8624.Transport.onError (file:///home/krirogn/p/Postman/app/resources/app/js/requester.js:68994:13)\n    at WebSocket.ws.onerror (file:///home/krirogn/p/Postman/app/resources/app/js/requester.js:70338:10)"}]
[5134][1631395614967][scratchpad][info]["SyncManagerNew~_onReconnectScheduled",7450,1]
[5134][1631395626033][scratchpad][info]["SyncManagerNew~_onReconnectAttempt"]
[5134][1631395626036][scratchpad][info]["SyncManagerNew~_onReconnecting",1]
[5134][1631395632845][scratchpad][info]["SyncManagerNew~_onConnectError",{"type":"TransportError","description":{"isTrusted":true},"name":"Error","message":"websocket error","stack":"Error: websocket error\n    at WS.8624.Transport.onError (file:///home/krirogn/p/Postman/app/resources/app/js/requester.js:68994:13)\n    at WebSocket.ws.onerror (file:///home/krirogn/p/Postman/app/resources/app/js/requester.js:70338:10)"}]
[5134][1631395632850][scratchpad][info]["SyncManagerNew~_onReconnectError",{"type":"TransportError","description":{"isTrusted":true},"name":"Error","message":"websocket error","stack":"Error: websocket error\n    at WS.8624.Transport.onError (file:///home/krirogn/p/Postman/app/resources/app/js/requester.js:68994:13)\n    at WebSocket.ws.onerror (file:///home/krirogn/p/Postman/app/resources/app/js/requester.js:70338:10)"}]
[5134][1631395632851][scratchpad][info]["SyncManagerNew~_onReconnectScheduled",24370,2]
[5134][1631395659824][scratchpad][info]["SyncManagerNew~createSocket",{"forceConnect":true}]
[5134][1631395660422][scratchpad][info]["SyncManagerNew~_onConnectError",{"type":"TransportError","description":{"isTrusted":true},"name":"Error","message":"websocket error","stack":"Error: websocket error\n    at WS.8624.Transport.onError (file:///home/krirogn/p/Postman/app/resources/app/js/requester.js:68994:13)\n    at WebSocket.ws.onerror (file:///home/krirogn/p/Postman/app/resources/app/js/requester.js:70338:10)"}]
[5134][1631395660424][scratchpad][info]["SyncManagerNew~_onReconnectScheduled",9818,1]
[5134][1631395664833][scratchpad][info]["SyncManagerNew~createSocket",{"forceConnect":true}]
[5134][1631395665341][scratchpad][info]["SyncManagerNew~_onConnectError",{"type":"TransportError","description":{"isTrusted":true},"name":"Error","message":"websocket error","stack":"Error: websocket error\n    at WS.8624.Transport.onError (file:///home/krirogn/p/Postman/app/resources/app/js/requester.js:68994:13)\n    at WebSocket.ws.onerror (file:///home/krirogn/p/Postman/app/resources/app/js/requester.js:70338:10)"}]
[5134][1631395665343][scratchpad][info]["SyncManagerNew~_onReconnectScheduled",7412,1]
[5134][1631395672755][scratchpad][info]["SyncManagerNew~_onReconnectAttempt"]
[5134][1631395672757][scratchpad][info]["SyncManagerNew~_onReconnecting",1]
[5134][1631395673298][scratchpad][info]["SyncManagerNew~_onReconnect",1]
[5134][1631395673301][scratchpad][info]["SyncManagerNew~_onConnect"]
[5134][1631395673497][scratchpad][info]["SyncManagerNew~signIn",{}]
[5134][1631395673502][scratchpad][error]["CommentsContributor~fetchRequestCommentsCount: Failed to fetch comments count"]
[5134][1631395673515][scratchpad][error]["SyncRequestService: This request is not allowed from scratchpad"]
[5134][1631395673516][scratchpad][info]["SyncTimelineHelper: Force stopping all timelines"]
[5134][1631395673517][scratchpad][error]["Codegen~checkAccess - Error while checking team access: ",{"error":{"message":"SyncRequestService\\x7erequest: This request not allowed from scratchpad"}}]
[5134][1631395673528][scratchpad][info]["subscribeToTeamEvents: Bailing out as team ID is not available"]
[5134][1631404015983][scratchpad][info]["SyncManagerNew~_onDisconnect"]
[5134][1631404020876][scratchpad][info]["SyncManagerNew~createSocket",{"forceConnect":true}]
[5134][1631404020888][scratchpad][info]["SyncManagerNew~_onConnectError",{"type":"TransportError","description":{"isTrusted":true},"name":"Error","message":"websocket error","stack":"Error: websocket error\n    at WS.8624.Transport.onError (file:///home/krirogn/p/Postman/app/resources/app/js/requester.js:68994:13)\n    at WebSocket.ws.onerror (file:///home/krirogn/p/Postman/app/resources/app/js/requester.js:70338:10)"}]
[5134][1631404020890][scratchpad][info]["SyncManagerNew~_onReconnectScheduled",12754,1]
[5134][1631404033644][scratchpad][info]["SyncManagerNew~_onReconnectAttempt"]
[5134][1631404033647][scratchpad][info]["SyncManagerNew~_onReconnecting",1]
[5134][1631404034126][scratchpad][info]["SyncManagerNew~_onReconnect",1]
[5134][1631404034129][scratchpad][info]["SyncManagerNew~_onConnect"]
[5134][1631404034274][scratchpad][info]["SyncManagerNew~signIn",{}]
[5134][1631404034282][scratchpad][error]["SyncRequestService: This request is not allowed from scratchpad"]
[5134][1631404034286][scratchpad][info]["SyncTimelineHelper: Force stopping all timelines"]
[5134][1631404034288][scratchpad][error]["Codegen~checkAccess - Error while checking team access: ",{"error":{"message":"SyncRequestService\\x7erequest: This request not allowed from scratchpad"}}]
[5134][1631404034297][scratchpad][info]["subscribeToTeamEvents: Bailing out as team ID is not available"]
[5134][1631408704528][scratchpad][info]["SyncManagerNew~_onDisconnect"]
[5134][1631408709171][scratchpad][info]["SyncManagerNew~createSocket",{"forceConnect":true}]
[5134][1631408709182][scratchpad][info]["SyncManagerNew~_onConnectError",{"type":"TransportError","description":{"isTrusted":true},"name":"Error","message":"websocket error","stack":"Error: websocket error\n    at WS.8624.Transport.onError (file:///home/krirogn/p/Postman/app/resources/app/js/requester.js:68994:13)\n    at WebSocket.ws.onerror (file:///home/krirogn/p/Postman/app/resources/app/js/requester.js:70338:10)"}]
[5134][1631408709184][scratchpad][info]["SyncManagerNew~_onReconnectScheduled",10494,1]
[5134][1631408719731][scratchpad][info]["SyncManagerNew~_onReconnectAttempt"]
[5134][1631408719732][scratchpad][info]["SyncManagerNew~_onReconnecting",1]
[5134][1631408720209][scratchpad][info]["SyncManagerNew~_onReconnect",1]
[5134][1631408720210][scratchpad][info]["SyncManagerNew~_onConnect"]
[5134][1631408720219][scratchpad][info]["SyncManagerNew~signIn",{}]
[5134][1631408720226][scratchpad][error]["SyncRequestService: This request is not allowed from scratchpad"]
[5134][1631408720230][scratchpad][info]["SyncTimelineHelper: Force stopping all timelines"]
[5134][1631408720233][scratchpad][error]["Codegen~checkAccess - Error while checking team access: ",{"error":{"message":"SyncRequestService\\x7erequest: This request not allowed from scratchpad"}}]
[5134][1631408720242][scratchpad][info]["subscribeToTeamEvents: Bailing out as team ID is not available"]
[5134][1631410569605][scratchpad][info]["SyncManagerNew~_onDisconnect"]
[5134][1631410574527][scratchpad][info]["SyncManagerNew~createSocket",{"forceConnect":true}]
[5134][1631410574650][scratchpad][info]["SyncManagerNew~_onConnectError",{"type":"TransportError","description":{"isTrusted":true},"name":"Error","message":"websocket error","stack":"Error: websocket error\n    at WS.8624.Transport.onError (file:///home/krirogn/p/Postman/app/resources/app/js/requester.js:68994:13)\n    at WebSocket.ws.onerror (file:///home/krirogn/p/Postman/app/resources/app/js/requester.js:70338:10)"}]
[5134][1631410574652][scratchpad][info]["SyncManagerNew~_onReconnectScheduled",8676,1]
[5134][1631410583327][scratchpad][info]["SyncManagerNew~_onReconnectAttempt"]
[5134][1631410583329][scratchpad][info]["SyncManagerNew~_onReconnecting",1]
[5134][1631410583796][scratchpad][info]["SyncManagerNew~_onReconnect",1]
[5134][1631410583797][scratchpad][info]["SyncManagerNew~_onConnect"]
[5134][1631410583917][scratchpad][info]["SyncManagerNew~signIn",{}]
[5134][1631410583922][scratchpad][error]["SyncRequestService: This request is not allowed from scratchpad"]
[5134][1631410583923][scratchpad][info]["SyncTimelineHelper: Force stopping all timelines"]
[5134][1631410583924][scratchpad][error]["Codegen~checkAccess - Error while checking team access: ",{"error":{"message":"SyncRequestService\\x7erequest: This request not allowed from scratchpad"}}]
[5134][1631410583931][scratchpad][info]["subscribeToTeamEvents: Bailing out as team ID is not available"]
[5134][1631414016329][scratchpad][error]["CommentsContributor~fetchRequestCommentsCount: Failed to fetch comments count"]
[5134][1631414384973][scratchpad][error]["CommentsContributor~fetchRequestCommentsCount: Failed to fetch comments count"]
[5134][1631414767469][scratchpad][error]["CommentsContributor~fetchRequestCommentsCount: Failed to fetch comments count"]
[5134][1631414794887][scratchpad][error]["CommentsContributor~fetchRequestCommentsCount: Failed to fetch comments count"]
[5134][1631417681079][scratchpad][error]["CommentsContributor~fetchRequestCommentsCount: Failed to fetch comments count"]
[5134][1631418364583][scratchpad][error]["CommentsContributor~fetchRequestCommentsCount: Failed to fetch comments count"]
[5134][1631421242303][scratchpad][error]["CommentsContributor~fetchRequestCommentsCount: Failed to fetch comments count"]
[5134][1631421632916][scratchpad][info]["SyncManagerNew~_onDisconnect"]
[5134][1631456140648][scratchpad][info]["SyncManagerNew~createSocket",{"forceConnect":true}]
[5134][1631456140681][scratchpad][info]["SyncManagerNew~_onConnectError",{"type":"TransportError","description":{"isTrusted":true},"name":"Error","message":"websocket error","stack":"Error: websocket error\n    at WS.8624.Transport.onError (file:///home/krirogn/p/Postman/app/resources/app/js/requester.js:68994:13)\n    at WebSocket.ws.onerror (file:///home/krirogn/p/Postman/app/resources/app/js/requester.js:70338:10)"}]
[5134][1631456140684][scratchpad][info]["SyncManagerNew~_onReconnectScheduled",9823,1]
[5134][1631456150507][scratchpad][info]["SyncManagerNew~_onReconnectAttempt"]
[5134][1631456150509][scratchpad][info]["SyncManagerNew~_onReconnecting",1]
[5134][1631456150980][scratchpad][info]["SyncManagerNew~_onReconnect",1]
[5134][1631456150983][scratchpad][info]["SyncManagerNew~_onConnect"]
[5134][1631456151150][scratchpad][info]["SyncManagerNew~signIn",{}]
[5134][1631456151157][scratchpad][error]["SyncRequestService: This request is not allowed from scratchpad"]
[5134][1631456151162][scratchpad][info]["SyncTimelineHelper: Force stopping all timelines"]
[5134][1631456151164][scratchpad][error]["Codegen~checkAccess - Error while checking team access: ",{"error":{"message":"SyncRequestService\\x7erequest: This request not allowed from scratchpad"}}]
[5134][1631456151175][scratchpad][info]["subscribeToTeamEvents: Bailing out as team ID is not available"]
[5134][1631456429608][scratchpad][info]["SyncManagerNew~_onDisconnect"]
[5134][1631458446602][scratchpad][info]["SyncManagerNew~createSocket",{"forceConnect":true}]
[5134][1631458446743][scratchpad][info]["SyncManagerNew~_onConnectError",{"type":"TransportError","description":{"isTrusted":true},"name":"Error","message":"websocket error","stack":"Error: websocket error\n    at WS.8624.Transport.onError (file:///home/krirogn/p/Postman/app/resources/app/js/requester.js:68994:13)\n    at WebSocket.ws.onerror (file:///home/krirogn/p/Postman/app/resources/app/js/requester.js:70338:10)"}]
[5134][1631458446745][scratchpad][info]["SyncManagerNew~_onReconnectScheduled",7529,1]
[5134][1631458451601][scratchpad][info]["SyncManagerNew~createSocket",{"forceConnect":true}]
[5134][1631458451737][scratchpad][info]["SyncManagerNew~_onConnectError",{"type":"TransportError","description":{"isTrusted":true},"name":"Error","message":"websocket error","stack":"Error: websocket error\n    at WS.8624.Transport.onError (file:///home/krirogn/p/Postman/app/resources/app/js/requester.js:68994:13)\n    at WebSocket.ws.onerror (file:///home/krirogn/p/Postman/app/resources/app/js/requester.js:70338:10)"}]
[5134][1631458451739][scratchpad][info]["SyncManagerNew~_onReconnectScheduled",9703,1]
[5134][1631458461441][scratchpad][info]["SyncManagerNew~_onReconnectAttempt"]
[5134][1631458461443][scratchpad][info]["SyncManagerNew~_onReconnecting",1]
[5134][1631458461911][scratchpad][info]["SyncManagerNew~_onReconnect",1]
[5134][1631458461912][scratchpad][info]["SyncManagerNew~_onConnect"]
[5134][1631458462118][scratchpad][info]["SyncManagerNew~signIn",{}]
[5134][1631458462127][scratchpad][error]["SyncRequestService: This request is not allowed from scratchpad"]
[5134][1631458462132][scratchpad][info]["SyncTimelineHelper: Force stopping all timelines"]
[5134][1631458462134][scratchpad][error]["Codegen~checkAccess - Error while checking team access: ",{"error":{"message":"SyncRequestService\\x7erequest: This request not allowed from scratchpad"}}]
[5134][1631458462151][scratchpad][info]["subscribeToTeamEvents: Bailing out as team ID is not available"]
[5134][1631465139280][scratchpad][error]["CommentsContributor~fetchRequestCommentsCount: Failed to fetch comments count"]
[5134][1631477199353][scratchpad][info]["SyncManagerNew~_onDisconnect"]
[5134][1631477199441][scratchpad][info]["SyncManagerNew~_onReconnectScheduled",8788,1]
[5134][1631477208226][scratchpad][info]["SyncManagerNew~_onReconnectAttempt"]
[5134][1631477208465][scratchpad][info]["SyncManagerNew~_onReconnecting",1]
[5134][1631477214630][scratchpad][info]["SyncManagerNew~_onConnectError",{"type":"TransportError","description":{"isTrusted":true},"name":"Error","message":"websocket error","stack":"Error: websocket error\n    at WS.8624.Transport.onError (file:///home/krirogn/p/Postman/app/resources/app/js/requester.js:68994:13)\n    at WebSocket.ws.onerror (file:///home/krirogn/p/Postman/app/resources/app/js/requester.js:70338:10)"}]
[5134][1631477214630][scratchpad][info]["SyncManagerNew~_onReconnectError",{"type":"TransportError","description":{"isTrusted":true},"name":"Error","message":"websocket error","stack":"Error: websocket error\n    at WS.8624.Transport.onError (file:///home/krirogn/p/Postman/app/resources/app/js/requester.js:68994:13)\n    at WebSocket.ws.onerror (file:///home/krirogn/p/Postman/app/resources/app/js/requester.js:70338:10)"}]
[5134][1631477214631][scratchpad][info]["SyncManagerNew~_onReconnectScheduled",16346,2]
[5134][1631477230976][scratchpad][info]["SyncManagerNew~_onReconnectAttempt"]
[5134][1631477230979][scratchpad][info]["SyncManagerNew~_onReconnecting",2]
[5134][1631477236367][scratchpad][info]["SyncManagerNew~_onConnectError",{"type":"TransportError","description":{"isTrusted":true},"name":"Error","message":"websocket error","stack":"Error: websocket error\n    at WS.8624.Transport.onError (file:///home/krirogn/p/Postman/app/resources/app/js/requester.js:68994:13)\n    at WebSocket.ws.onerror (file:///home/krirogn/p/Postman/app/resources/app/js/requester.js:70338:10)"}]
[5134][1631477236367][scratchpad][info]["SyncManagerNew~_onReconnectError",{"type":"TransportError","description":{"isTrusted":true},"name":"Error","message":"websocket error","stack":"Error: websocket error\n    at WS.8624.Transport.onError (file:///home/krirogn/p/Postman/app/resources/app/js/requester.js:68994:13)\n    at WebSocket.ws.onerror (file:///home/krirogn/p/Postman/app/resources/app/js/requester.js:70338:10)"}]
[5134][1631477236368][scratchpad][info]["SyncManagerNew~_onReconnectScheduled",44740,3]
[5134][1631477281108][scratchpad][info]["SyncManagerNew~_onReconnectAttempt"]
[5134][1631477281110][scratchpad][info]["SyncManagerNew~_onReconnecting",3]
[5134][1631477286230][scratchpad][info]["SyncManagerNew~_onConnectError",{"type":"TransportError","description":{"isTrusted":true},"name":"Error","message":"websocket error","stack":"Error: websocket error\n    at WS.8624.Transport.onError (file:///home/krirogn/p/Postman/app/resources/app/js/requester.js:68994:13)\n    at WebSocket.ws.onerror (file:///home/krirogn/p/Postman/app/resources/app/js/requester.js:70338:10)"}]
[5134][1631477286231][scratchpad][info]["SyncManagerNew~_onReconnectError",{"type":"TransportError","description":{"isTrusted":true},"name":"Error","message":"websocket error","stack":"Error: websocket error\n    at WS.8624.Transport.onError (file:///home/krirogn/p/Postman/app/resources/app/js/requester.js:68994:13)\n    at WebSocket.ws.onerror (file:///home/krirogn/p/Postman/app/resources/app/js/requester.js:70338:10)"}]
[5134][1631477286232][scratchpad][info]["SyncManagerNew~_onReconnectScheduled",60000,4]
[5134][1631477346231][scratchpad][info]["SyncManagerNew~_onReconnectAttempt"]
[5134][1631477346233][scratchpad][info]["SyncManagerNew~_onReconnecting",4]
[5134][1631477350738][scratchpad][info]["SyncManagerNew~_onConnectError",{"type":"TransportError","description":{"isTrusted":true},"name":"Error","message":"websocket error","stack":"Error: websocket error\n    at WS.8624.Transport.onError (file:///home/krirogn/p/Postman/app/resources/app/js/requester.js:68994:13)\n    at WebSocket.ws.onerror (file:///home/krirogn/p/Postman/app/resources/app/js/requester.js:70338:10)"}]
[5134][1631477350739][scratchpad][info]["SyncManagerNew~_onReconnectError",{"type":"TransportError","description":{"isTrusted":true},"name":"Error","message":"websocket error","stack":"Error: websocket error\n    at WS.8624.Transport.onError (file:///home/krirogn/p/Postman/app/resources/app/js/requester.js:68994:13)\n    at WebSocket.ws.onerror (file:///home/krirogn/p/Postman/app/resources/app/js/requester.js:70338:10)"}]
[5134][1631477350740][scratchpad][info]["SyncManagerNew~_onReconnectScheduled",60000,5]
[5134][1631477410739][scratchpad][info]["SyncManagerNew~_onReconnectAttempt"]
[5134][1631477410741][scratchpad][info]["SyncManagerNew~_onReconnecting",5]
[5134][1631477414015][scratchpad][info]["SyncManagerNew~_onConnectError",{"type":"TransportError","description":{"isTrusted":true},"name":"Error","message":"websocket error","stack":"Error: websocket error\n    at WS.8624.Transport.onError (file:///home/krirogn/p/Postman/app/resources/app/js/requester.js:68994:13)\n    at WebSocket.ws.onerror (file:///home/krirogn/p/Postman/app/resources/app/js/requester.js:70338:10)"}]
[5134][1631477414015][scratchpad][info]["SyncManagerNew~_onReconnectError",{"type":"TransportError","description":{"isTrusted":true},"name":"Error","message":"websocket error","stack":"Error: websocket error\n    at WS.8624.Transport.onError (file:///home/krirogn/p/Postman/app/resources/app/js/requester.js:68994:13)\n    at WebSocket.ws.onerror (file:///home/krirogn/p/Postman/app/resources/app/js/requester.js:70338:10)"}]
[5134][1631477414016][scratchpad][info]["SyncManagerNew~_onReconnectScheduled",60000,6]
[5134][1631477474016][scratchpad][info]["SyncManagerNew~_onReconnectAttempt"]
[5134][1631477474018][scratchpad][info]["SyncManagerNew~_onReconnecting",6]
[5134][1631477480266][scratchpad][info]["SyncManagerNew~_onConnectError",{"type":"TransportError","description":{"isTrusted":true},"name":"Error","message":"websocket error","stack":"Error: websocket error\n    at WS.8624.Transport.onError (file:///home/krirogn/p/Postman/app/resources/app/js/requester.js:68994:13)\n    at WebSocket.ws.onerror (file:///home/krirogn/p/Postman/app/resources/app/js/requester.js:70338:10)"}]
[5134][1631477480266][scratchpad][info]["SyncManagerNew~_onReconnectError",{"type":"TransportError","description":{"isTrusted":true},"name":"Error","message":"websocket error","stack":"Error: websocket error\n    at WS.8624.Transport.onError (file:///home/krirogn/p/Postman/app/resources/app/js/requester.js:68994:13)\n    at WebSocket.ws.onerror (file:///home/krirogn/p/Postman/app/resources/app/js/requester.js:70338:10)"}]
[5134][1631477480267][scratchpad][info]["SyncManagerNew~_onReconnectScheduled",60000,7]
[5134][1631477540267][scratchpad][info]["SyncManagerNew~_onReconnectAttempt"]
[5134][1631477540269][scratchpad][info]["SyncManagerNew~_onReconnecting",7]
[5134][1631477545100][scratchpad][info]["SyncManagerNew~_onConnectError",{"type":"TransportError","description":{"isTrusted":true},"name":"Error","message":"websocket error","stack":"Error: websocket error\n    at WS.8624.Transport.onError (file:///home/krirogn/p/Postman/app/resources/app/js/requester.js:68994:13)\n    at WebSocket.ws.onerror (file:///home/krirogn/p/Postman/app/resources/app/js/requester.js:70338:10)"}]
[5134][1631477545100][scratchpad][info]["SyncManagerNew~_onReconnectError",{"type":"TransportError","description":{"isTrusted":true},"name":"Error","message":"websocket error","stack":"Error: websocket error\n    at WS.8624.Transport.onError (file:///home/krirogn/p/Postman/app/resources/app/js/requester.js:68994:13)\n    at WebSocket.ws.onerror (file:///home/krirogn/p/Postman/app/resources/app/js/requester.js:70338:10)"}]
[5134][1631477545101][scratchpad][info]["SyncManagerNew~_onReconnectScheduled",60000,8]
[5134][1631477605100][scratchpad][info]["SyncManagerNew~_onReconnectAttempt"]
[5134][1631477605103][scratchpad][info]["SyncManagerNew~_onReconnecting",8]
[5134][1631477609492][scratchpad][info]["SyncManagerNew~_onConnectError",{"type":"TransportError","description":{"isTrusted":true},"name":"Error","message":"websocket error","stack":"Error: websocket error\n    at WS.8624.Transport.onError (file:///home/krirogn/p/Postman/app/resources/app/js/requester.js:68994:13)\n    at WebSocket.ws.onerror (file:///home/krirogn/p/Postman/app/resources/app/js/requester.js:70338:10)"}]
[5134][1631477609493][scratchpad][info]["SyncManagerNew~_onReconnectFailed"]
[5134][1631477609494][scratchpad][info]["SyncManagerNew~_onReconnectError",{"type":"TransportError","description":{"isTrusted":true},"name":"Error","message":"websocket error","stack":"Error: websocket error\n    at WS.8624.Transport.onError (file:///home/krirogn/p/Postman/app/resources/app/js/requester.js:68994:13)\n    at WebSocket.ws.onerror (file:///home/krirogn/p/Postman/app/resources/app/js/requester.js:70338:10)"}]
[5134][1631478158093][scratchpad][info]["SyncManagerNew~createSocket",{"connectionMode":"watchdog"}]
[5134][1631478159345][scratchpad][info]["SyncManagerNew~_onConnect"]
[5134][1631478159436][scratchpad][info]["SyncManagerNew~signIn",{}]
[5134][1631478159443][scratchpad][error]["SyncRequestService: This request is not allowed from scratchpad"]
[5134][1631478159446][scratchpad][info]["SyncTimelineHelper: Force stopping all timelines"]
[5134][1631478159449][scratchpad][error]["Codegen~checkAccess - Error while checking team access: ",{"error":{"message":"SyncRequestService\\x7erequest: This request not allowed from scratchpad"}}]
[5134][1631478159459][scratchpad][info]["subscribeToTeamEvents: Bailing out as team ID is not available"]
[5134][1631485485467][scratchpad][info]["SyncManagerNew~_onDisconnect"]
[5134][1631485485557][scratchpad][info]["SyncManagerNew~_onReconnectScheduled",7456,1]
[5134][1631485493010][scratchpad][info]["SyncManagerNew~_onReconnectAttempt"]
[5134][1631485493144][scratchpad][info]["SyncManagerNew~_onReconnecting",1]
[5134][1631485493692][scratchpad][info]["SyncManagerNew~_onReconnect",1]
[5134][1631485493695][scratchpad][info]["SyncManagerNew~_onConnect"]
[5134][1631485493721][scratchpad][info]["SyncManagerNew~signIn",{}]
[5134][1631485493730][scratchpad][error]["SyncRequestService: This request is not allowed from scratchpad"]
[5134][1631485493735][scratchpad][info]["SyncTimelineHelper: Force stopping all timelines"]
[5134][1631485493737][scratchpad][error]["Codegen~checkAccess - Error while checking team access: ",{"error":{"message":"SyncRequestService\\x7erequest: This request not allowed from scratchpad"}}]
[5134][1631485493749][scratchpad][info]["subscribeToTeamEvents: Bailing out as team ID is not available"]
[5134][1631486996381][scratchpad][error]["CommentsContributor~fetchRequestCommentsCount: Failed to fetch comments count"]
[5134][1631488968049][scratchpad][info]["SyncManagerNew~_onDisconnect"]
[5134][1631488968140][scratchpad][info]["SyncManagerNew~_onReconnectScheduled",12971,1]
[5134][1631488981108][scratchpad][info]["SyncManagerNew~_onReconnectAttempt"]
[5134][1631488981330][scratchpad][info]["SyncManagerNew~_onReconnecting",1]
[5134][1631488982211][scratchpad][info]["SyncManagerNew~_onReconnect",1]
[5134][1631488982216][scratchpad][info]["SyncManagerNew~_onConnect"]
[5134][1631488982390][scratchpad][info]["SyncManagerNew~signIn",{}]
[5134][1631488982410][scratchpad][error]["SyncRequestService: This request is not allowed from scratchpad"]
[5134][1631488982418][scratchpad][info]["SyncTimelineHelper: Force stopping all timelines"]
[5134][1631488982423][scratchpad][error]["Codegen~checkAccess - Error while checking team access: ",{"error":{"message":"SyncRequestService\\x7erequest: This request not allowed from scratchpad"}}]
[5134][1631488982440][scratchpad][info]["subscribeToTeamEvents: Bailing out as team ID is not available"]
[5134][1631533764062][scratchpad][info]["SyncManagerNew~_onDisconnect"]
[5134][1631533764156][scratchpad][info]["SyncManagerNew~_onReconnectScheduled",12880,1]
[5134][1631533777030][scratchpad][info]["SyncManagerNew~_onReconnectAttempt"]
[5134][1631533777141][scratchpad][info]["SyncManagerNew~_onReconnecting",1]
[5134][1631533777643][scratchpad][info]["SyncManagerNew~_onReconnect",1]
[5134][1631533777644][scratchpad][info]["SyncManagerNew~_onConnect"]
[5134][1631533777671][scratchpad][info]["SyncManagerNew~signIn",{}]
[5134][1631533777679][scratchpad][error]["SyncRequestService: This request is not allowed from scratchpad"]
[5134][1631533777682][scratchpad][info]["SyncTimelineHelper: Force stopping all timelines"]
[5134][1631533777685][scratchpad][error]["Codegen~checkAccess - Error while checking team access: ",{"error":{"message":"SyncRequestService\\x7erequest: This request not allowed from scratchpad"}}]
[5134][1631533777695][scratchpad][info]["subscribeToTeamEvents: Bailing out as team ID is not available"]
[5134][1631541818906][scratchpad][error]["CommentsContributor~fetchRequestCommentsCount: Failed to fetch comments count"]
[5134][1631542415340][scratchpad][warn]["Sending synchronous messages over IPC is deprecated!! We recommend you to move your usage to asynchronous messaging over IPC"]
[5134][1631542418068][scratchpad][warn]["Sending synchronous messages over IPC is deprecated!! We recommend you to move your usage to asynchronous messaging over IPC"]
[5134][1631542418119][scratchpad][warn]["Sending synchronous messages over IPC is deprecated!! We recommend you to move your usage to asynchronous messaging over IPC"]
[5134][1631542421139][scratchpad][warn]["Sending synchronous messages over IPC is deprecated!! We recommend you to move your usage to asynchronous messaging over IPC"]
[5134][1631542421293][scratchpad][warn]["Sending synchronous messages over IPC is deprecated!! We recommend you to move your usage to asynchronous messaging over IPC"]
[5134][1631542421412][scratchpad][warn]["Sending synchronous messages over IPC is deprecated!! We recommend you to move your usage to asynchronous messaging over IPC"]
[5134][1631542421478][scratchpad][warn]["Sending synchronous messages over IPC is deprecated!! We recommend you to move your usage to asynchronous messaging over IPC"]
[5134][1631542421618][scratchpad][warn]["Sending synchronous messages over IPC is deprecated!! We recommend you to move your usage to asynchronous messaging over IPC"]
[5134][1631542421727][scratchpad][warn]["Sending synchronous messages over IPC is deprecated!! We recommend you to move your usage to asynchronous messaging over IPC"]
[5134][1631542421838][scratchpad][warn]["Sending synchronous messages over IPC is deprecated!! We recommend you to move your usage to asynchronous messaging over IPC"]
[5134][1631542421913][scratchpad][warn]["Sending synchronous messages over IPC is deprecated!! We recommend you to move your usage to asynchronous messaging over IPC"]
[5134][1631542422045][scratchpad][warn]["Sending synchronous messages over IPC is deprecated!! We recommend you to move your usage to asynchronous messaging over IPC"]
[5134][1631542422265][scratchpad][warn]["Sending synchronous messages over IPC is deprecated!! We recommend you to move your usage to asynchronous messaging over IPC"]
[5134][1631542422499][scratchpad][warn]["Sending synchronous messages over IPC is deprecated!! We recommend you to move your usage to asynchronous messaging over IPC"]
[5134][1631542422546][scratchpad][warn]["Sending synchronous messages over IPC is deprecated!! We recommend you to move your usage to asynchronous messaging over IPC"]
[5134][1631542422730][scratchpad][warn]["Sending synchronous messages over IPC is deprecated!! We recommend you to move your usage to asynchronous messaging over IPC"]
[5134][1631542422874][scratchpad][warn]["Sending synchronous messages over IPC is deprecated!! We recommend you to move your usage to asynchronous messaging over IPC"]
[5134][1631542423011][scratchpad][warn]["Sending synchronous messages over IPC is deprecated!! We recommend you to move your usage to asynchronous messaging over IPC"]
[5134][1631542423173][scratchpad][warn]["Sending synchronous messages over IPC is deprecated!! We recommend you to move your usage to asynchronous messaging over IPC"]
[5134][1631542423261][scratchpad][warn]["Sending synchronous messages over IPC is deprecated!! We recommend you to move your usage to asynchronous messaging over IPC"]
[5134][1631542423405][scratchpad][warn]["Sending synchronous messages over IPC is deprecated!! We recommend you to move your usage to asynchronous messaging over IPC"]
[5134][1631542423536][scratchpad][warn]["Sending synchronous messages over IPC is deprecated!! We recommend you to move your usage to asynchronous messaging over IPC"]
[5134][1631542423639][scratchpad][warn]["Sending synchronous messages over IPC is deprecated!! We recommend you to move your usage to asynchronous messaging over IPC"]
[5134][1631542423745][scratchpad][warn]["Sending synchronous messages over IPC is deprecated!! We recommend you to move your usage to asynchronous messaging over IPC"]
[5134][1631542423810][scratchpad][warn]["Sending synchronous messages over IPC is deprecated!! We recommend you to move your usage to asynchronous messaging over IPC"]
[5134][1631542423987][scratchpad][warn]["Sending synchronous messages over IPC is deprecated!! We recommend you to move your usage to asynchronous messaging over IPC"]
[5134][1631542424145][scratchpad][warn]["Sending synchronous messages over IPC is deprecated!! We recommend you to move your usage to asynchronous messaging over IPC"]
[5134][1631542424307][scratchpad][warn]["Sending synchronous messages over IPC is deprecated!! We recommend you to move your usage to asynchronous messaging over IPC"]
[5134][1631542424384][scratchpad][warn]["Sending synchronous messages over IPC is deprecated!! We recommend you to move your usage to asynchronous messaging over IPC"]
[5134][1631543160831][scratchpad][warn]["Sending synchronous messages over IPC is deprecated!! We recommend you to move your usage to asynchronous messaging over IPC"]
[5134][1631543160931][scratchpad][warn]["Sending synchronous messages over IPC is deprecated!! We recommend you to move your usage to asynchronous messaging over IPC"]
[5134][1631543161034][scratchpad][warn]["Sending synchronous messages over IPC is deprecated!! We recommend you to move your usage to asynchronous messaging over IPC"]
[5134][1631543161119][scratchpad][warn]["Sending synchronous messages over IPC is deprecated!! We recommend you to move your usage to asynchronous messaging over IPC"]
[5134][1631543161230][scratchpad][warn]["Sending synchronous messages over IPC is deprecated!! We recommend you to move your usage to asynchronous messaging over IPC"]
[5134][1631543161355][scratchpad][warn]["Sending synchronous messages over IPC is deprecated!! We recommend you to move your usage to asynchronous messaging over IPC"]
[5134][1631543161424][scratchpad][warn]["Sending synchronous messages over IPC is deprecated!! We recommend you to move your usage to asynchronous messaging over IPC"]
[5134][1631543327862][scratchpad][warn]["Sending synchronous messages over IPC is deprecated!! We recommend you to move your usage to asynchronous messaging over IPC"]
[5134][1631543333702][scratchpad][warn]["Sending synchronous messages over IPC is deprecated!! We recommend you to move your usage to asynchronous messaging over IPC"]
[5134][1631543333793][scratchpad][warn]["Sending synchronous messages over IPC is deprecated!! We recommend you to move your usage to asynchronous messaging over IPC"]
[5134][1631543367392][scratchpad][warn]["Sending synchronous messages over IPC is deprecated!! We recommend you to move your usage to asynchronous messaging over IPC"]
[5134][1631543367520][scratchpad][warn]["Sending synchronous messages over IPC is deprecated!! We recommend you to move your usage to asynchronous messaging over IPC"]
[5134][1631543452945][scratchpad][warn]["Sending synchronous messages over IPC is deprecated!! We recommend you to move your usage to asynchronous messaging over IPC"]
[5134][1631543456886][scratchpad][warn]["Sending synchronous messages over IPC is deprecated!! We recommend you to move your usage to asynchronous messaging over IPC"]
[5134][1631543456991][scratchpad][warn]["Sending synchronous messages over IPC is deprecated!! We recommend you to move your usage to asynchronous messaging over IPC"]
[5134][1631543457077][scratchpad][warn]["Sending synchronous messages over IPC is deprecated!! We recommend you to move your usage to asynchronous messaging over IPC"]
[5134][1631543457160][scratchpad][warn]["Sending synchronous messages over IPC is deprecated!! We recommend you to move your usage to asynchronous messaging over IPC"]
[5134][1631543457259][scratchpad][warn]["Sending synchronous messages over IPC is deprecated!! We recommend you to move your usage to asynchronous messaging over IPC"]
[5134][1631543457383][scratchpad][warn]["Sending synchronous messages over IPC is deprecated!! We recommend you to move your usage to asynchronous messaging over IPC"]
[5134][1631543457430][scratchpad][warn]["Sending synchronous messages over IPC is deprecated!! We recommend you to move your usage to asynchronous messaging over IPC"]
[5134][1631543461537][scratchpad][warn]["Sending synchronous messages over IPC is deprecated!! We recommend you to move your usage to asynchronous messaging over IPC"]
[5134][1631543461656][scratchpad][warn]["Sending synchronous messages over IPC is deprecated!! We recommend you to move your usage to asynchronous messaging over IPC"]
[5134][1631543461790][scratchpad][warn]["Sending synchronous messages over IPC is deprecated!! We recommend you to move your usage to asynchronous messaging over IPC"]
[5134][1631543461865][scratchpad][warn]["Sending synchronous messages over IPC is deprecated!! We recommend you to move your usage to asynchronous messaging over IPC"]
[5134][1631543461985][scratchpad][warn]["Sending synchronous messages over IPC is deprecated!! We recommend you to move your usage to asynchronous messaging over IPC"]
[5134][1631543462146][scratchpad][warn]["Sending synchronous messages over IPC is deprecated!! We recommend you to move your usage to asynchronous messaging over IPC"]
[5134][1631543462319][scratchpad][warn]["Sending synchronous messages over IPC is deprecated!! We recommend you to move your usage to asynchronous messaging over IPC"]
[5134][1631543462711][scratchpad][warn]["Sending synchronous messages over IPC is deprecated!! We recommend you to move your usage to asynchronous messaging over IPC"]
[5134][1631543462933][scratchpad][warn]["Sending synchronous messages over IPC is deprecated!! We recommend you to move your usage to asynchronous messaging over IPC"]
[5134][1631543463070][scratchpad][warn]["Sending synchronous messages over IPC is deprecated!! We recommend you to move your usage to asynchronous messaging over IPC"]
[5134][1631543463182][scratchpad][warn]["Sending synchronous messages over IPC is deprecated!! We recommend you to move your usage to asynchronous messaging over IPC"]
[5134][1631543463305][scratchpad][warn]["Sending synchronous messages over IPC is deprecated!! We recommend you to move your usage to asynchronous messaging over IPC"]
[5134][1631543463480][scratchpad][warn]["Sending synchronous messages over IPC is deprecated!! We recommend you to move your usage to asynchronous messaging over IPC"]
[5134][1631543463635][scratchpad][warn]["Sending synchronous messages over IPC is deprecated!! We recommend you to move your usage to asynchronous messaging over IPC"]
[5134][1631543463784][scratchpad][warn]["Sending synchronous messages over IPC is deprecated!! We recommend you to move your usage to asynchronous messaging over IPC"]
[5134][1631543464019][scratchpad][warn]["Sending synchronous messages over IPC is deprecated!! We recommend you to move your usage to asynchronous messaging over IPC"]
[5134][1631543464071][scratchpad][warn]["Sending synchronous messages over IPC is deprecated!! We recommend you to move your usage to asynchronous messaging over IPC"]
[5134][1631543467366][scratchpad][warn]["Sending synchronous messages over IPC is deprecated!! We recommend you to move your usage to asynchronous messaging over IPC"]
[5134][1631543467521][scratchpad][warn]["Sending synchronous messages over IPC is deprecated!! We recommend you to move your usage to asynchronous messaging over IPC"]
[5134][1631543467672][scratchpad][warn]["Sending synchronous messages over IPC is deprecated!! We recommend you to move your usage to asynchronous messaging over IPC"]
[5134][1631543467810][scratchpad][warn]["Sending synchronous messages over IPC is deprecated!! We recommend you to move your usage to asynchronous messaging over IPC"]
[5134][1631543467964][scratchpad][warn]["Sending synchronous messages over IPC is deprecated!! We recommend you to move your usage to asynchronous messaging over IPC"]
[5134][1631543468094][scratchpad][warn]["Sending synchronous messages over IPC is deprecated!! We recommend you to move your usage to asynchronous messaging over IPC"]
[5134][1631543472044][scratchpad][warn]["Sending synchronous messages over IPC is deprecated!! We recommend you to move your usage to asynchronous messaging over IPC"]
[5134][1631543476854][scratchpad][warn]["Sending synchronous messages over IPC is deprecated!! We recommend you to move your usage to asynchronous messaging over IPC"]
[5134][1631543476926][scratchpad][warn]["Sending synchronous messages over IPC is deprecated!! We recommend you to move your usage to asynchronous messaging over IPC"]
[5134][1631554281990][scratchpad][info]["SyncManagerNew~_onDisconnect"]
[5134][1631554282059][scratchpad][warn]["Sending synchronous messages over IPC is deprecated!! We recommend you to move your usage to asynchronous messaging over IPC"]
[5134][1631554282101][scratchpad][info]["SyncManagerNew~_onReconnectScheduled",11629,1]
[5134][1631554293726][scratchpad][info]["SyncManagerNew~_onReconnectAttempt"]
[5134][1631554293976][scratchpad][info]["SyncManagerNew~_onReconnecting",1]
[5134][1631554294598][scratchpad][info]["SyncManagerNew~_onReconnect",1]
[5134][1631554294602][scratchpad][info]["SyncManagerNew~_onConnect"]
[5134][1631554294700][scratchpad][warn]["Sending synchronous messages over IPC is deprecated!! We recommend you to move your usage to asynchronous messaging over IPC"]
[5134][1631554294748][scratchpad][info]["SyncManagerNew~signIn",{}]
[5134][1631554294763][scratchpad][error]["SyncRequestService: This request is not allowed from scratchpad"]
[5134][1631554294768][scratchpad][info]["SyncTimelineHelper: Force stopping all timelines"]
[5134][1631554294772][scratchpad][error]["Codegen~checkAccess - Error while checking team access: ",{"error":{"message":"SyncRequestService\\x7erequest: This request not allowed from scratchpad"}}]
[5134][1631554294786][scratchpad][info]["subscribeToTeamEvents: Bailing out as team ID is not available"]
[5134][1631556522045][scratchpad][info]["SyncManagerNew~_onDisconnect"]
[5134][1631556522106][scratchpad][warn]["Sending synchronous messages over IPC is deprecated!! We recommend you to move your usage to asynchronous messaging over IPC"]
[5134][1631556522144][scratchpad][info]["SyncManagerNew~_onReconnectScheduled",11619,1]
[5134][1631556533759][scratchpad][info]["SyncManagerNew~_onReconnectAttempt"]
[5134][1631556533996][scratchpad][info]["SyncManagerNew~_onReconnecting",1]
[5134][1631556534743][scratchpad][info]["SyncManagerNew~_onReconnect",1]
[5134][1631556534745][scratchpad][info]["SyncManagerNew~_onConnect"]
[5134][1631556534835][scratchpad][warn]["Sending synchronous messages over IPC is deprecated!! We recommend you to move your usage to asynchronous messaging over IPC"]
[5134][1631556534897][scratchpad][info]["SyncManagerNew~signIn",{}]
[5134][1631556534910][scratchpad][error]["SyncRequestService: This request is not allowed from scratchpad"]
[5134][1631556534915][scratchpad][info]["SyncTimelineHelper: Force stopping all timelines"]
[5134][1631556534918][scratchpad][error]["Codegen~checkAccess - Error while checking team access: ",{"error":{"message":"SyncRequestService\\x7erequest: This request not allowed from scratchpad"}}]
[5134][1631556534930][scratchpad][info]["subscribeToTeamEvents: Bailing out as team ID is not available"]
[5134][1631556774953][scratchpad][info]["SyncManagerNew~_onDisconnect"]
[5134][1631556775029][scratchpad][warn]["Sending synchronous messages over IPC is deprecated!! We recommend you to move your usage to asynchronous messaging over IPC"]
[5134][1631556775214][scratchpad][info]["SyncManagerNew~_onReconnectScheduled",11754,1]
[5134][1631556786960][scratchpad][info]["SyncManagerNew~_onReconnectAttempt"]
[5134][1631556786964][scratchpad][info]["SyncManagerNew~_onReconnecting",1]
[5134][1631556787674][scratchpad][info]["SyncManagerNew~_onReconnect",1]
[5134][1631556787675][scratchpad][info]["SyncManagerNew~_onConnect"]
[5134][1631556787755][scratchpad][warn]["Sending synchronous messages over IPC is deprecated!! We recommend you to move your usage to asynchronous messaging over IPC"]
[5134][1631556787945][scratchpad][info]["SyncManagerNew~signIn",{}]
[5134][1631556787951][scratchpad][error]["SyncRequestService: This request is not allowed from scratchpad"]
[5134][1631556787952][scratchpad][info]["SyncTimelineHelper: Force stopping all timelines"]
[5134][1631556787954][scratchpad][error]["Codegen~checkAccess - Error while checking team access: ",{"error":{"message":"SyncRequestService\\x7erequest: This request not allowed from scratchpad"}}]
[5134][1631556787963][scratchpad][info]["subscribeToTeamEvents: Bailing out as team ID is not available"]
[5134][1631557268531][scratchpad][info]["SyncManagerNew~_onDisconnect"]
[5134][1631557268782][scratchpad][warn]["Sending synchronous messages over IPC is deprecated!! We recommend you to move your usage to asynchronous messaging over IPC"]
[5134][1631557268800][scratchpad][info]["SyncManagerNew~_onReconnectScheduled",9130,1]
[5134][1631557277927][scratchpad][info]["SyncManagerNew~_onReconnectAttempt"]
[5134][1631557277931][scratchpad][info]["SyncManagerNew~_onReconnecting",1]
[5134][1631557278588][scratchpad][info]["SyncManagerNew~_onReconnect",1]
[5134][1631557278589][scratchpad][info]["SyncManagerNew~_onConnect"]
[5134][1631557278667][scratchpad][warn]["Sending synchronous messages over IPC is deprecated!! We recommend you to move your usage to asynchronous messaging over IPC"]
[5134][1631557278859][scratchpad][info]["SyncManagerNew~signIn",{}]
[5134][1631557278866][scratchpad][error]["SyncRequestService: This request is not allowed from scratchpad"]
[5134][1631557278867][scratchpad][info]["SyncTimelineHelper: Force stopping all timelines"]
[5134][1631557278867][scratchpad][error]["Codegen~checkAccess - Error while checking team access: ",{"error":{"message":"SyncRequestService\\x7erequest: This request not allowed from scratchpad"}}]
[5134][1631557278876][scratchpad][info]["subscribeToTeamEvents: Bailing out as team ID is not available"]
[5134][1631570070902][scratchpad][info]["SyncManagerNew~_onDisconnect"]
[5134][1631570070967][scratchpad][warn]["Sending synchronous messages over IPC is deprecated!! We recommend you to move your usage to asynchronous messaging over IPC"]
[5134][1631570071004][scratchpad][info]["SyncManagerNew~_onReconnectScheduled",11026,1]
[5134][1631570082027][scratchpad][info]["SyncManagerNew~_onReconnectAttempt"]
[5134][1631570082148][scratchpad][info]["SyncManagerNew~_onReconnecting",1]
[5134][1631570082722][scratchpad][info]["SyncManagerNew~_onReconnect",1]
[5134][1631570082725][scratchpad][info]["SyncManagerNew~_onConnect"]
[5134][1631570082743][scratchpad][warn]["Sending synchronous messages over IPC is deprecated!! We recommend you to move your usage to asynchronous messaging over IPC"]
[5134][1631570082758][scratchpad][info]["SyncManagerNew~signIn",{}]
[5134][1631570082765][scratchpad][error]["SyncRequestService: This request is not allowed from scratchpad"]
[5134][1631570082769][scratchpad][info]["SyncTimelineHelper: Force stopping all timelines"]
[5134][1631570082771][scratchpad][error]["Codegen~checkAccess - Error while checking team access: ",{"error":{"message":"SyncRequestService\\x7erequest: This request not allowed from scratchpad"}}]
[5134][1631570082781][scratchpad][info]["subscribeToTeamEvents: Bailing out as team ID is not available"]
[5134][1631582265491][scratchpad][info]["SyncManagerNew~_onDisconnect"]
[5134][1631582265559][scratchpad][warn]["Sending synchronous messages over IPC is deprecated!! We recommend you to move your usage to asynchronous messaging over IPC"]
[5134][1631582265600][scratchpad][info]["SyncManagerNew~_onReconnectScheduled",8586,1]
[5134][1631582274179][scratchpad][info]["SyncManagerNew~_onReconnectAttempt"]
[5134][1631582274417][scratchpad][info]["SyncManagerNew~_onReconnecting",1]
[5134][1631582275365][scratchpad][info]["SyncManagerNew~_onReconnect",1]
[5134][1631582275368][scratchpad][info]["SyncManagerNew~_onConnect"]
[5134][1631582275452][scratchpad][warn]["Sending synchronous messages over IPC is deprecated!! We recommend you to move your usage to asynchronous messaging over IPC"]
[5134][1631582275510][scratchpad][info]["SyncManagerNew~signIn",{}]
[5134][1631582275524][scratchpad][error]["SyncRequestService: This request is not allowed from scratchpad"]
[5134][1631582275530][scratchpad][info]["SyncTimelineHelper: Force stopping all timelines"]
[5134][1631582275534][scratchpad][error]["Codegen~checkAccess - Error while checking team access: ",{"error":{"message":"SyncRequestService\\x7erequest: This request not allowed from scratchpad"}}]
[5134][1631582275545][scratchpad][info]["subscribeToTeamEvents: Bailing out as team ID is not available"]
[5134][1631616907949][scratchpad][info]["SyncManagerNew~_onDisconnect"]
[5134][1631616908010][scratchpad][warn]["Sending synchronous messages over IPC is deprecated!! We recommend you to move your usage to asynchronous messaging over IPC"]
[5134][1631616908049][scratchpad][info]["SyncManagerNew~_onReconnectScheduled",7426,1]
[5134][1631616915471][scratchpad][info]["SyncManagerNew~_onReconnectAttempt"]
[5134][1631616915619][scratchpad][info]["SyncManagerNew~_onReconnecting",1]
[5134][1631616916133][scratchpad][info]["SyncManagerNew~_onReconnect",1]
[5134][1631616916135][scratchpad][info]["SyncManagerNew~_onConnect"]
[5134][1631616916152][scratchpad][warn]["Sending synchronous messages over IPC is deprecated!! We recommend you to move your usage to asynchronous messaging over IPC"]
[5134][1631616916169][scratchpad][info]["SyncManagerNew~signIn",{}]
[5134][1631616916178][scratchpad][error]["SyncRequestService: This request is not allowed from scratchpad"]
[5134][1631616916182][scratchpad][info]["SyncTimelineHelper: Force stopping all timelines"]
[5134][1631616916185][scratchpad][error]["Codegen~checkAccess - Error while checking team access: ",{"error":{"message":"SyncRequestService\\x7erequest: This request not allowed from scratchpad"}}]
[5134][1631616916203][scratchpad][info]["subscribeToTeamEvents: Bailing out as team ID is not available"]
[5134][1631623683081][scratchpad][info]["SyncManagerNew~_onDisconnect"]
[5134][1631623683384][scratchpad][warn]["Sending synchronous messages over IPC is deprecated!! We recommend you to move your usage to asynchronous messaging over IPC"]
[5134][1631623683563][scratchpad][info]["SyncManagerNew~_onReconnectScheduled",7340,1]
[5134][1631623690884][scratchpad][info]["SyncManagerNew~_onReconnectAttempt"]
[5134][1631623691384][scratchpad][info]["SyncManagerNew~_onReconnecting",1]
[5134][1631623692250][scratchpad][info]["SyncManagerNew~_onReconnect",1]
[5134][1631623692253][scratchpad][info]["SyncManagerNew~_onConnect"]
[5134][1631623692336][scratchpad][warn]["Sending synchronous messages over IPC is deprecated!! We recommend you to move your usage to asynchronous messaging over IPC"]
[5134][1631623692408][scratchpad][info]["SyncManagerNew~signIn",{}]
[5134][1631623692440][scratchpad][error]["SyncRequestService: This request is not allowed from scratchpad"]
[5134][1631623692455][scratchpad][info]["SyncTimelineHelper: Force stopping all timelines"]
[5134][1631623692467][scratchpad][error]["Codegen~checkAccess - Error while checking team access: ",{"error":{"message":"SyncRequestService\\x7erequest: This request not allowed from scratchpad"}}]
[5134][1631623692513][scratchpad][info]["subscribeToTeamEvents: Bailing out as team ID is not available"]
[6900][1631624101369][scratchpad][info]["EventBus~initialize - Success"]
[6900][1631624101370][scratchpad][info]["Messaging~boot - Success"]
[6900][1631624101383][scratchpad][info]["bootCrashReporter~ Success"]
[6900][1631624101384][scratchpad][info]["Telemetry~boot - Success"]
[6900][1631624101385][scratchpad][info]["bootConfigurations~initialize - Success"]
[6900][1631624101386][scratchpad][info]["Settings~boot - Success"]
[6900][1631624101441][scratchpad][info]["bootstrapModels - Success"]
[6900][1631624101441][scratchpad][info]["WLModels~boot - Success"]
[6900][1631624101448][scratchpad][info]["Session~boot - Success"]
[6900][1631624101449][scratchpad][info]["IndependentServices~boot - Success"]
[6900][1631624101457][scratchpad][info]["AppModels~boot - Success"]
[6900][1631624101473][scratchpad][info]["Sync~boot - Success"]
[6900][1631624101481][scratchpad][info]["PostUpdateBackup~init: Success"]
[6900][1631624101482][scratchpad][info]["Shared~boot - Success"]
[6900][1631624101483][scratchpad][info]["DBWatcher~boot - Success"]
[6900][1631624101484][scratchpad][info]["ThemeManager~boot - Success"]
[6900][1631624101485][scratchpad][info]["WorkbenchService~boot - Success"]
[6900][1631624101485][scratchpad][info]["ContextBarRegistry~boot - Success"]
[6900][1631624101485][scratchpad][info]["Store~boot - Success"]
[6900][1631624101487][scratchpad][info]["Shortcuts~boot - Success"]
[6900][1631624101516][scratchpad][info]["NewConsole~boot - Success"]
[6900][1631624101518][scratchpad][info]["APIDevInterface~boot - Success"]
[6900][1631624101561][scratchpad][info]["Attempting to create IPCNode to proxy_node_process"]
[6900][1631624101567][scratchpad][info]["Requester~boot - Success"]
[6900][1631624101569][scratchpad][info]["SharedRuntimeListeners~boot - Success"]
[6900][1631624101570][scratchpad][info]["booted - scratchpad"]
[6900][1631624101708][scratchpad][info]["NavigationService ~ [BROWSER] Transitioning io the initial route with the URL:","workspace/29ba1c6f-43ab-4e23-8a6c-27c39a57a069"]
[6900][1631624101771][scratchpad][info]["CloudProxyHandler: Proxy configuration has not been setup"]
[6900][1631624101771][scratchpad][error]["IPCNode~createClient~something wrong connecting to the IPC server",{"errno":"ENOENT","code":"ENOENT","syscall":"connect","address":"/home/krirogn/.config/Postman/proxy_node_process_prod.sock","name":"Error","message":"connect ENOENT /home/krirogn/.config/Postman/proxy_node_process_prod.sock","stack":"Error: connect ENOENT /home/krirogn/.config/Postman/proxy_node_process_prod.sock\n    at PipeConnectWrap.afterConnect [as oncomplete] (net.js:1141:16)"}]
[6900][1631624102778][scratchpad][info]["SessionValidation - Registering listener"]
[6900][1631624102839][scratchpad][info]["UI pulled the session locked information on init"]
[6900][1631624112206][scratchpad][info]["SyncManagerNew~setSync",true]
[6900][1631624112207][scratchpad][info]["SyncManagerNew~signIn",{"forceConnect":true}]
[6900][1631624112222][scratchpad][info]["SyncManagerNew~createSocket",{"forceConnect":true}]
[6900][1631624112233][scratchpad][info]["SyncManagerNew~createSocket","sailsIO.connect",{"url":"https://bifrost-public-v4.gw.postman.com","opts":{"reconnectionDelay":10000,"reconnectionDelayMax":60000,"reconnectionAttempts":8,"randomizationFactor":0.3}}]
[6900][1631624112992][scratchpad][info]["SyncManagerNew~_onConnect"]
[6900][1631624113022][scratchpad][info]["SyncManagerNew~signIn",{}]
[6900][1631624113036][scratchpad][error]["CommentsContributor~fetchRequestCommentsCount: Failed to fetch comments count"]
[6900][1631624113040][scratchpad][error]["CommentsContributor~fetchRequestCommentsCount: Failed to fetch comments count"]
[6900][1631624113042][scratchpad][error]["CommentsContributor~fetchRequestCommentsCount: Failed to fetch comments count"]
[6900][1631624113044][scratchpad][error]["CommentsContributor~fetchRequestCommentsCount: Failed to fetch comments count"]
[6900][1631624113045][scratchpad][error]["CommentsContributor~fetchRequestCommentsCount: Failed to fetch comments count"]
[6900][1631624113045][scratchpad][error]["CommentsContributor~fetchRequestCommentsCount: Failed to fetch comments count"]
[6900][1631624113046][scratchpad][error]["CommentsContributor~fetchRequestCommentsCount: Failed to fetch comments count"]
[6900][1631624113046][scratchpad][error]["CommentsContributor~fetchRequestCommentsCount: Failed to fetch comments count"]
[6900][1631624113048][scratchpad][error]["CommentsContributor~fetchRequestCommentsCount: Failed to fetch comments count"]
[6900][1631624113048][scratchpad][error]["CommentsContributor~fetchRequestCommentsCount: Failed to fetch comments count"]
[6900][1631624113050][scratchpad][error]["SyncRequestService: This request is not allowed from scratchpad"]
[6900][1631624113051][scratchpad][info]["SyncTimelineHelper: Force stopping all timelines"]
[6900][1631624113052][scratchpad][error]["Codegen~checkAccess - Error while checking team access: ",{"error":{"message":"SyncRequestService\\x7erequest: This request not allowed from scratchpad"}}]
[6900][1631624113066][scratchpad][info]["subscribeToTeamEvents: Bailing out as team ID is not available"]
[6900][1631624293105][scratchpad][info]["SyncManagerNew~_onDisconnect"]
[6900][1631624293169][scratchpad][info]["SyncManagerNew~_onReconnectScheduled",7968,1]
[6900][1631624301135][scratchpad][info]["SyncManagerNew~_onReconnectAttempt"]
[6900][1631624301282][scratchpad][info]["SyncManagerNew~_onReconnecting",1]
[6900][1631624301862][scratchpad][info]["SyncManagerNew~_onReconnect",1]
[6900][1631624301865][scratchpad][info]["SyncManagerNew~_onConnect"]
[6900][1631624301873][scratchpad][info]["SyncManagerNew~signIn",{}]
[6900][1631624301881][scratchpad][error]["SyncRequestService: This request is not allowed from scratchpad"]
[6900][1631624301885][scratchpad][info]["SyncTimelineHelper: Force stopping all timelines"]
[6900][1631624301887][scratchpad][error]["Codegen~checkAccess - Error while checking team access: ",{"error":{"message":"SyncRequestService\\x7erequest: This request not allowed from scratchpad"}}]
[6900][1631624301899][scratchpad][info]["subscribeToTeamEvents: Bailing out as team ID is not available"]
[6900][1631624842833][scratchpad][info]["SyncManagerNew~_onDisconnect"]
[6900][1631624842952][scratchpad][info]["SyncManagerNew~_onReconnectScheduled",11777,1]
[6900][1631624854756][scratchpad][info]["SyncManagerNew~_onReconnectAttempt"]
[6900][1631624854880][scratchpad][info]["SyncManagerNew~_onReconnecting",1]
[6900][1631624855391][scratchpad][info]["SyncManagerNew~_onReconnect",1]
[6900][1631624855394][scratchpad][info]["SyncManagerNew~_onConnect"]
[6900][1631624855401][scratchpad][info]["SyncManagerNew~signIn",{}]
[6900][1631624855408][scratchpad][error]["SyncRequestService: This request is not allowed from scratchpad"]
[6900][1631624855412][scratchpad][info]["SyncTimelineHelper: Force stopping all timelines"]
[6900][1631624855415][scratchpad][error]["Codegen~checkAccess - Error while checking team access: ",{"error":{"message":"SyncRequestService\\x7erequest: This request not allowed from scratchpad"}}]
[6900][1631624855428][scratchpad][info]["subscribeToTeamEvents: Bailing out as team ID is not available"]
[6900][1631625201775][scratchpad][warn]["Sending synchronous messages over IPC is deprecated!! We recommend you to move your usage to asynchronous messaging over IPC"]
[6900][1631631624035][scratchpad][info]["SyncManagerNew~_onDisconnect"]
[6900][1631631624081][scratchpad][warn]["Sending synchronous messages over IPC is deprecated!! We recommend you to move your usage to asynchronous messaging over IPC"]
[6900][1631631624132][scratchpad][info]["SyncManagerNew~_onReconnectScheduled",9321,1]
[6900][1631631633449][scratchpad][info]["SyncManagerNew~_onReconnectAttempt"]
[6900][1631631633648][scratchpad][info]["SyncManagerNew~_onReconnecting",1]
[6900][1631631634278][scratchpad][info]["SyncManagerNew~_onReconnect",1]
[6900][1631631634281][scratchpad][info]["SyncManagerNew~_onConnect"]
[6900][1631631634312][scratchpad][warn]["Sending synchronous messages over IPC is deprecated!! We recommend you to move your usage to asynchronous messaging over IPC"]
[6900][1631631634390][scratchpad][info]["SyncManagerNew~signIn",{}]
[6900][1631631634417][scratchpad][error]["SyncRequestService: This request is not allowed from scratchpad"]
[6900][1631631634426][scratchpad][info]["SyncTimelineHelper: Force stopping all timelines"]
[6900][1631631634431][scratchpad][error]["Codegen~checkAccess - Error while checking team access: ",{"error":{"message":"SyncRequestService\\x7erequest: This request not allowed from scratchpad"}}]
[6900][1631631634449][scratchpad][info]["subscribeToTeamEvents: Bailing out as team ID is not available"]
[6900][1631635448575][scratchpad][info]["SyncManagerNew~_onDisconnect"]
[6900][1631635448622][scratchpad][warn]["Sending synchronous messages over IPC is deprecated!! We recommend you to move your usage to asynchronous messaging over IPC"]
[6900][1631635448675][scratchpad][info]["SyncManagerNew~_onReconnectScheduled",11173,1]
[6900][1631635459841][scratchpad][info]["SyncManagerNew~_onReconnectAttempt"]
[6900][1631635459953][scratchpad][info]["SyncManagerNew~_onReconnecting",1]
[6900][1631635460449][scratchpad][info]["SyncManagerNew~_onReconnect",1]
[6900][1631635460452][scratchpad][info]["SyncManagerNew~_onConnect"]
[6900][1631635460476][scratchpad][warn]["Sending synchronous messages over IPC is deprecated!! We recommend you to move your usage to asynchronous messaging over IPC"]
[6900][1631635460504][scratchpad][info]["SyncManagerNew~signIn",{}]
[6900][1631635460513][scratchpad][error]["SyncRequestService: This request is not allowed from scratchpad"]
[6900][1631635460517][scratchpad][info]["SyncTimelineHelper: Force stopping all timelines"]
[6900][1631635460519][scratchpad][error]["Codegen~checkAccess - Error while checking team access: ",{"error":{"message":"SyncRequestService\\x7erequest: This request not allowed from scratchpad"}}]
[6900][1631635460531][scratchpad][info]["subscribeToTeamEvents: Bailing out as team ID is not available"]
[6900][1631645108907][scratchpad][info]["SyncManagerNew~_onDisconnect"]
[6900][1631645108955][scratchpad][warn]["Sending synchronous messages over IPC is deprecated!! We recommend you to move your usage to asynchronous messaging over IPC"]
[6900][1631645109008][scratchpad][info]["SyncManagerNew~_onReconnectScheduled",10520,1]
[6900][1631645119524][scratchpad][info]["SyncManagerNew~_onReconnectAttempt"]
[6900][1631645119674][scratchpad][info]["SyncManagerNew~_onReconnecting",1]
[6900][1631645120207][scratchpad][info]["SyncManagerNew~_onReconnect",1]
[6900][1631645120210][scratchpad][info]["SyncManagerNew~_onConnect"]
[6900][1631645120232][scratchpad][warn]["Sending synchronous messages over IPC is deprecated!! We recommend you to move your usage to asynchronous messaging over IPC"]
[6900][1631645120260][scratchpad][info]["SyncManagerNew~signIn",{}]
[6900][1631645120267][scratchpad][error]["SyncRequestService: This request is not allowed from scratchpad"]
[6900][1631645120272][scratchpad][info]["SyncTimelineHelper: Force stopping all timelines"]
[6900][1631645120275][scratchpad][error]["Codegen~checkAccess - Error while checking team access: ",{"error":{"message":"SyncRequestService\\x7erequest: This request not allowed from scratchpad"}}]
[6900][1631645120285][scratchpad][info]["subscribeToTeamEvents: Bailing out as team ID is not available"]
[6900][1631654468820][scratchpad][info]["SyncManagerNew~_onDisconnect"]
[6900][1631654468866][scratchpad][warn]["Sending synchronous messages over IPC is deprecated!! We recommend you to move your usage to asynchronous messaging over IPC"]
[6900][1631654468913][scratchpad][info]["SyncManagerNew~_onReconnectScheduled",11017,1]
[6900][1631654479926][scratchpad][info]["SyncManagerNew~_onReconnectAttempt"]
[6900][1631654480078][scratchpad][info]["SyncManagerNew~_onReconnecting",1]
[6900][1631654480579][scratchpad][info]["SyncManagerNew~_onReconnect",1]
[6900][1631654480582][scratchpad][info]["SyncManagerNew~_onConnect"]
[6900][1631654480602][scratchpad][warn]["Sending synchronous messages over IPC is deprecated!! We recommend you to move your usage to asynchronous messaging over IPC"]
[6900][1631654480634][scratchpad][info]["SyncManagerNew~signIn",{}]
[6900][1631654480641][scratchpad][error]["SyncRequestService: This request is not allowed from scratchpad"]
[6900][1631654480645][scratchpad][info]["SyncTimelineHelper: Force stopping all timelines"]
[6900][1631654480647][scratchpad][error]["Codegen~checkAccess - Error while checking team access: ",{"error":{"message":"SyncRequestService\\x7erequest: This request not allowed from scratchpad"}}]
[6900][1631654480660][scratchpad][info]["subscribeToTeamEvents: Bailing out as team ID is not available"]
[11084][1631691818225][scratchpad][info]["EventBus~initialize - Success"]
[11084][1631691818227][scratchpad][info]["Messaging~boot - Success"]
[11084][1631691818253][scratchpad][info]["bootCrashReporter~ Success"]
[11084][1631691818255][scratchpad][info]["Telemetry~boot - Success"]
[11084][1631691818255][scratchpad][info]["bootConfigurations~initialize - Success"]
[11084][1631691818258][scratchpad][info]["Settings~boot - Success"]
[11084][1631691818420][scratchpad][info]["bootstrapModels - Success"]
[11084][1631691818420][scratchpad][info]["WLModels~boot - Success"]
[11084][1631691818442][scratchpad][info]["Session~boot - Success"]
[11084][1631691818444][scratchpad][info]["IndependentServices~boot - Success"]
[11084][1631691818457][scratchpad][info]["AppModels~boot - Success"]
[11084][1631691818491][scratchpad][info]["Sync~boot - Success"]
[11084][1631691818516][scratchpad][info]["PostUpdateBackup~init: Success"]
[11084][1631691818518][scratchpad][info]["Shared~boot - Success"]
[11084][1631691818520][scratchpad][info]["DBWatcher~boot - Success"]
[11084][1631691818523][scratchpad][info]["ThemeManager~boot - Success"]
[11084][1631691818524][scratchpad][info]["WorkbenchService~boot - Success"]
[11084][1631691818524][scratchpad][info]["ContextBarRegistry~boot - Success"]
[11084][1631691818525][scratchpad][info]["Store~boot - Success"]
[11084][1631691818528][scratchpad][info]["Shortcuts~boot - Success"]
[11084][1631691818588][scratchpad][info]["NewConsole~boot - Success"]
[11084][1631691818599][scratchpad][info]["APIDevInterface~boot - Success"]
[11084][1631691818672][scratchpad][info]["Attempting to create IPCNode to proxy_node_process"]
[11084][1631691818680][scratchpad][info]["Requester~boot - Success"]
[11084][1631691818682][scratchpad][info]["SharedRuntimeListeners~boot - Success"]
[11084][1631691818684][scratchpad][info]["booted - scratchpad"]
[11084][1631691818876][scratchpad][info]["NavigationService ~ [BROWSER] Transitioning io the initial route with the URL:","workspace/29ba1c6f-43ab-4e23-8a6c-27c39a57a069"]
[11084][1631691818984][scratchpad][info]["CloudProxyHandler: Proxy configuration has not been setup"]
[11084][1631691818985][scratchpad][error]["IPCNode~createClient~something wrong connecting to the IPC server",{"errno":"ENOENT","code":"ENOENT","syscall":"connect","address":"/home/krirogn/.config/Postman/proxy_node_process_prod.sock","name":"Error","message":"connect ENOENT /home/krirogn/.config/Postman/proxy_node_process_prod.sock","stack":"Error: connect ENOENT /home/krirogn/.config/Postman/proxy_node_process_prod.sock\n    at PipeConnectWrap.afterConnect [as oncomplete] (net.js:1141:16)"}]
[11084][1631691820314][scratchpad][info]["SessionValidation - Registering listener"]
[11084][1631691820404][scratchpad][info]["UI pulled the session locked information on init"]
[28768][1631703802452][scratchpad][info]["EventBus~initialize - Success"]
[28768][1631703802455][scratchpad][info]["Messaging~boot - Success"]
[28768][1631703802481][scratchpad][info]["bootCrashReporter~ Success"]
[28768][1631703802482][scratchpad][info]["Telemetry~boot - Success"]
[28768][1631703802483][scratchpad][info]["bootConfigurations~initialize - Success"]
[28768][1631703802485][scratchpad][info]["Settings~boot - Success"]
[28768][1631703802575][scratchpad][info]["bootstrapModels - Success"]
[28768][1631703802575][scratchpad][info]["WLModels~boot - Success"]
[28768][1631703802586][scratchpad][info]["Session~boot - Success"]
[28768][1631703802587][scratchpad][info]["IndependentServices~boot - Success"]
[28768][1631703802595][scratchpad][info]["AppModels~boot - Success"]
[28768][1631703802628][scratchpad][info]["Sync~boot - Success"]
[28768][1631703802642][scratchpad][info]["PostUpdateBackup~init: Success"]
[28768][1631703802644][scratchpad][info]["Shared~boot - Success"]
[28768][1631703802645][scratchpad][info]["DBWatcher~boot - Success"]
[28768][1631703802648][scratchpad][info]["ThemeManager~boot - Success"]
[28768][1631703802648][scratchpad][info]["WorkbenchService~boot - Success"]
[28768][1631703802649][scratchpad][info]["ContextBarRegistry~boot - Success"]
[28768][1631703802649][scratchpad][info]["Store~boot - Success"]
[28768][1631703802652][scratchpad][info]["Shortcuts~boot - Success"]
[28768][1631703802682][scratchpad][info]["NewConsole~boot - Success"]
[28768][1631703802689][scratchpad][info]["APIDevInterface~boot - Success"]
[28768][1631703802750][scratchpad][info]["Attempting to create IPCNode to proxy_node_process"]
[28768][1631703802764][scratchpad][info]["Requester~boot - Success"]
[28768][1631703802767][scratchpad][info]["SharedRuntimeListeners~boot - Success"]
[28768][1631703802769][scratchpad][info]["booted - scratchpad"]
[28768][1631703802951][scratchpad][info]["NavigationService ~ [BROWSER] Transitioning io the initial route with the URL:","workspace/29ba1c6f-43ab-4e23-8a6c-27c39a57a069"]
[28768][1631703803050][scratchpad][info]["CloudProxyHandler: Proxy configuration has not been setup"]
[28768][1631703803050][scratchpad][error]["IPCNode~createClient~something wrong connecting to the IPC server",{"errno":"ENOENT","code":"ENOENT","syscall":"connect","address":"/home/krirogn/.config/Postman/proxy_node_process_prod.sock","name":"Error","message":"connect ENOENT /home/krirogn/.config/Postman/proxy_node_process_prod.sock","stack":"Error: connect ENOENT /home/krirogn/.config/Postman/proxy_node_process_prod.sock\n    at PipeConnectWrap.afterConnect [as oncomplete] (net.js:1141:16)"}]
[28768][1631703804554][scratchpad][info]["SessionValidation - Registering listener"]
[28768][1631703804627][scratchpad][info]["UI pulled the session locked information on init"]
[28768][1631703814050][scratchpad][warn]["Sending synchronous messages over IPC is deprecated!! We recommend you to move your usage to asynchronous messaging over IPC"]
[21453][1631707274636][scratchpad][info]["EventBus~initialize - Success"]
[21453][1631707274638][scratchpad][info]["Messaging~boot - Success"]
[21453][1631707274661][scratchpad][info]["bootCrashReporter~ Success"]
[21453][1631707274663][scratchpad][info]["Telemetry~boot - Success"]
[21453][1631707274663][scratchpad][info]["bootConfigurations~initialize - Success"]
[21453][1631707274665][scratchpad][info]["Settings~boot - Success"]
[21453][1631707274749][scratchpad][info]["bootstrapModels - Success"]
[21453][1631707274750][scratchpad][info]["WLModels~boot - Success"]
[21453][1631707274758][scratchpad][info]["Session~boot - Success"]
[21453][1631707274760][scratchpad][info]["IndependentServices~boot - Success"]
[21453][1631707274767][scratchpad][info]["AppModels~boot - Success"]
[21453][1631707274789][scratchpad][info]["Sync~boot - Success"]
[21453][1631707274807][scratchpad][info]["PostUpdateBackup~init: Success"]
[21453][1631707274808][scratchpad][info]["Shared~boot - Success"]
[21453][1631707274808][scratchpad][info]["DBWatcher~boot - Success"]
[21453][1631707274810][scratchpad][info]["ThemeManager~boot - Success"]
[21453][1631707274811][scratchpad][info]["WorkbenchService~boot - Success"]
[21453][1631707274811][scratchpad][info]["ContextBarRegistry~boot - Success"]
[21453][1631707274811][scratchpad][info]["Store~boot - Success"]
[21453][1631707274813][scratchpad][info]["Shortcuts~boot - Success"]
[21453][1631707274855][scratchpad][info]["NewConsole~boot - Success"]
[21453][1631707274862][scratchpad][info]["APIDevInterface~boot - Success"]
[21453][1631707274930][scratchpad][info]["Attempting to create IPCNode to proxy_node_process"]
[21453][1631707274939][scratchpad][info]["Requester~boot - Success"]
[21453][1631707274940][scratchpad][info]["SharedRuntimeListeners~boot - Success"]
[21453][1631707274941][scratchpad][info]["booted - scratchpad"]
[21453][1631707275110][scratchpad][info]["NavigationService ~ [BROWSER] Transitioning io the initial route with the URL:","workspace/29ba1c6f-43ab-4e23-8a6c-27c39a57a069"]
[21453][1631707275191][scratchpad][info]["CloudProxyHandler: Proxy configuration has not been setup"]
[21453][1631707275191][scratchpad][error]["IPCNode~createClient~something wrong connecting to the IPC server",{"errno":"ENOENT","code":"ENOENT","syscall":"connect","address":"/home/krirogn/.config/Postman/proxy_node_process_prod.sock","name":"Error","message":"connect ENOENT /home/krirogn/.config/Postman/proxy_node_process_prod.sock","stack":"Error: connect ENOENT /home/krirogn/.config/Postman/proxy_node_process_prod.sock\n    at PipeConnectWrap.afterConnect [as oncomplete] (net.js:1141:16)"}]
[21453][1631707276364][scratchpad][info]["SessionValidation - Registering listener"]
[21453][1631707276447][scratchpad][info]["UI pulled the session locked information on init"]
[21453][1631707293200][scratchpad][info]["SyncManagerNew~setSync",true]
[21453][1631707293201][scratchpad][info]["SyncManagerNew~signIn",{"forceConnect":true}]
[21453][1631707293217][scratchpad][info]["SyncManagerNew~createSocket",{"forceConnect":true}]
[21453][1631707293223][scratchpad][info]["SyncManagerNew~createSocket","sailsIO.connect",{"url":"https://bifrost-public-v4.gw.postman.com","opts":{"reconnectionDelay":10000,"reconnectionDelayMax":60000,"reconnectionAttempts":8,"randomizationFactor":0.3}}]
[21453][1631707293980][scratchpad][info]["SyncManagerNew~_onConnect"]
[21453][1631707294011][scratchpad][info]["SyncManagerNew~signIn",{}]
[21453][1631707294023][scratchpad][error]["CommentsContributor~fetchRequestCommentsCount: Failed to fetch comments count"]
[21453][1631707294027][scratchpad][error]["CommentsContributor~fetchRequestCommentsCount: Failed to fetch comments count"]
[21453][1631707294030][scratchpad][error]["CommentsContributor~fetchRequestCommentsCount: Failed to fetch comments count"]
[21453][1631707294031][scratchpad][error]["CommentsContributor~fetchRequestCommentsCount: Failed to fetch comments count"]
[21453][1631707294033][scratchpad][error]["CommentsContributor~fetchRequestCommentsCount: Failed to fetch comments count"]
[21453][1631707294033][scratchpad][error]["CommentsContributor~fetchRequestCommentsCount: Failed to fetch comments count"]
[21453][1631707294034][scratchpad][error]["CommentsContributor~fetchRequestCommentsCount: Failed to fetch comments count"]
[21453][1631707294035][scratchpad][error]["CommentsContributor~fetchRequestCommentsCount: Failed to fetch comments count"]
[21453][1631707294035][scratchpad][error]["CommentsContributor~fetchRequestCommentsCount: Failed to fetch comments count"]
[21453][1631707294036][scratchpad][error]["CommentsContributor~fetchRequestCommentsCount: Failed to fetch comments count"]
[21453][1631707294038][scratchpad][error]["SyncRequestService: This request is not allowed from scratchpad"]
[21453][1631707294038][scratchpad][info]["SyncTimelineHelper: Force stopping all timelines"]
[21453][1631707294039][scratchpad][error]["Codegen~checkAccess - Error while checking team access: ",{"error":{"message":"SyncRequestService\\x7erequest: This request not allowed from scratchpad"}}]
[21453][1631707294066][scratchpad][info]["subscribeToTeamEvents: Bailing out as team ID is not available"]
[21453][1631707302267][scratchpad][error]["CommentsContributor~fetchRequestCommentsCount: Failed to fetch comments count"]
[11970][1631724755893][scratchpad][info]["EventBus~initialize - Success"]
[11970][1631724755897][scratchpad][info]["Messaging~boot - Success"]
[11970][1631724755922][scratchpad][info]["bootCrashReporter~ Success"]
[11970][1631724755923][scratchpad][info]["Telemetry~boot - Success"]
[11970][1631724755924][scratchpad][info]["bootConfigurations~initialize - Success"]
[11970][1631724755926][scratchpad][info]["Settings~boot - Success"]
[11970][1631724756023][scratchpad][info]["bootstrapModels - Success"]
[11970][1631724756024][scratchpad][info]["WLModels~boot - Success"]
[11970][1631724756037][scratchpad][info]["Session~boot - Success"]
[11970][1631724756039][scratchpad][info]["IndependentServices~boot - Success"]
[11970][1631724756047][scratchpad][info]["AppModels~boot - Success"]
[11970][1631724756082][scratchpad][info]["Sync~boot - Success"]
[11970][1631724756101][scratchpad][info]["PostUpdateBackup~init: Success"]
[11970][1631724756102][scratchpad][info]["Shared~boot - Success"]
[11970][1631724756103][scratchpad][info]["DBWatcher~boot - Success"]
[11970][1631724756105][scratchpad][info]["ThemeManager~boot - Success"]
[11970][1631724756106][scratchpad][info]["WorkbenchService~boot - Success"]
[11970][1631724756106][scratchpad][info]["ContextBarRegistry~boot - Success"]
[11970][1631724756107][scratchpad][info]["Store~boot - Success"]
[11970][1631724756109][scratchpad][info]["Shortcuts~boot - Success"]
[11970][1631724756145][scratchpad][info]["NewConsole~boot - Success"]
[11970][1631724756158][scratchpad][info]["APIDevInterface~boot - Success"]
[11970][1631724756224][scratchpad][info]["Attempting to create IPCNode to proxy_node_process"]
[11970][1631724756234][scratchpad][info]["Requester~boot - Success"]
[11970][1631724756236][scratchpad][info]["SharedRuntimeListeners~boot - Success"]
[11970][1631724756237][scratchpad][info]["booted - scratchpad"]
[11970][1631724756394][scratchpad][info]["NavigationService ~ [BROWSER] Transitioning io the initial route with the URL:","workspace/29ba1c6f-43ab-4e23-8a6c-27c39a57a069"]
[11970][1631724756507][scratchpad][info]["CloudProxyHandler: Proxy configuration has not been setup"]
[11970][1631724756507][scratchpad][error]["IPCNode~createClient~something wrong connecting to the IPC server",{"errno":"ENOENT","code":"ENOENT","syscall":"connect","address":"/home/krirogn/.config/Postman/proxy_node_process_prod.sock","name":"Error","message":"connect ENOENT /home/krirogn/.config/Postman/proxy_node_process_prod.sock","stack":"Error: connect ENOENT /home/krirogn/.config/Postman/proxy_node_process_prod.sock\n    at PipeConnectWrap.afterConnect [as oncomplete] (net.js:1141:16)"}]
[11970][1631724757743][scratchpad][info]["SessionValidation - Registering listener"]
[11970][1631724757805][scratchpad][info]["UI pulled the session locked information on init"]
[11970][1631724782389][scratchpad][error]["Error while fetching releaseNotes",{"error":{"message":"Failed to fetch","stack":"TypeError: Failed to fetch"},"status":1}]
[11970][1631724782393][scratchpad][error]["Error while checking for update",{"error":{"message":"Failed to fetch","stack":"TypeError: Failed to fetch"},"status":1}]
[11970][1631724892908][scratchpad][info]["SyncManagerNew~setSync",true]
[11970][1631724892917][scratchpad][info]["SyncManagerNew~signIn",{"forceConnect":true}]
[11970][1631724892974][scratchpad][info]["SyncManagerNew~createSocket",{"forceConnect":true}]
[11970][1631724892994][scratchpad][info]["SyncManagerNew~createSocket","sailsIO.connect",{"url":"https://bifrost-public-v4.gw.postman.com","opts":{"reconnectionDelay":10000,"reconnectionDelayMax":60000,"reconnectionAttempts":8,"randomizationFactor":0.3}}]
[11970][1631724895197][scratchpad][info]["SyncManagerNew~_onConnect"]
[11970][1631724895374][scratchpad][info]["SyncManagerNew~signIn",{}]
[11970][1631724895382][scratchpad][error]["CommentsContributor~fetchRequestCommentsCount: Failed to fetch comments count"]
[11970][1631724895390][scratchpad][error]["CommentsContributor~fetchRequestCommentsCount: Failed to fetch comments count"]
[11970][1631724895391][scratchpad][error]["CommentsContributor~fetchRequestCommentsCount: Failed to fetch comments count"]
[11970][1631724895392][scratchpad][error]["CommentsContributor~fetchRequestCommentsCount: Failed to fetch comments count"]
[11970][1631724895393][scratchpad][error]["CommentsContributor~fetchRequestCommentsCount: Failed to fetch comments count"]
[11970][1631724895394][scratchpad][error]["CommentsContributor~fetchRequestCommentsCount: Failed to fetch comments count"]
[11970][1631724895395][scratchpad][error]["CommentsContributor~fetchRequestCommentsCount: Failed to fetch comments count"]
[11970][1631724895396][scratchpad][error]["CommentsContributor~fetchRequestCommentsCount: Failed to fetch comments count"]
[11970][1631724895396][scratchpad][error]["CommentsContributor~fetchRequestCommentsCount: Failed to fetch comments count"]
[11970][1631724895397][scratchpad][error]["CommentsContributor~fetchRequestCommentsCount: Failed to fetch comments count"]
[11970][1631724895398][scratchpad][error]["CommentsContributor~fetchRequestCommentsCount: Failed to fetch comments count"]
[11970][1631724895402][scratchpad][error]["SyncRequestService: This request is not allowed from scratchpad"]
[11970][1631724895402][scratchpad][info]["SyncTimelineHelper: Force stopping all timelines"]
[11970][1631724895404][scratchpad][error]["Codegen~checkAccess - Error while checking team access: ",{"error":{"message":"SyncRequestService\\x7erequest: This request not allowed from scratchpad"}}]
[11970][1631724895417][scratchpad][info]["subscribeToTeamEvents: Bailing out as team ID is not available"]
[11970][1631726908404][scratchpad][info]["SyncManagerNew~_onDisconnect"]
[11970][1631726908472][scratchpad][info]["SyncManagerNew~_onReconnectScheduled",11610,1]
[11970][1631726920079][scratchpad][info]["SyncManagerNew~_onReconnectAttempt"]
[11970][1631726920196][scratchpad][info]["SyncManagerNew~_onReconnecting",1]
[11970][1631726920989][scratchpad][info]["SyncManagerNew~_onReconnect",1]
[11970][1631726920992][scratchpad][info]["SyncManagerNew~_onConnect"]
[11970][1631726921024][scratchpad][info]["SyncManagerNew~signIn",{}]
[11970][1631726921035][scratchpad][error]["SyncRequestService: This request is not allowed from scratchpad"]
[11970][1631726921039][scratchpad][info]["SyncTimelineHelper: Force stopping all timelines"]
[11970][1631726921042][scratchpad][error]["Codegen~checkAccess - Error while checking team access: ",{"error":{"message":"SyncRequestService\\x7erequest: This request not allowed from scratchpad"}}]
[11970][1631726921053][scratchpad][info]["subscribeToTeamEvents: Bailing out as team ID is not available"]
