[4929][1631226621888][shell][info]["EventBus~initialize - Success"]
[4929][1631226621893][shell][info]["bootShellCrashReporter~ Success"]
[4929][1631226621902][shell][info]["shellController~init: Success"]
[4929][1631226621903][shell][info]["shellMeta~init: Success"]
[4929][1631226621903][shell][info]["partitionMigrationService: State of V7 partition:"]
[4929][1631226621903][shell][info]["partitionMigrationService: V7 partitions",[]]
[4929][1631226621903][shell][info]["partitionMigrationService: V7 lastActiveUser",null]
[4929][1631226621903][shell][info]["partitionMigrationService: V7 activePartition",null]
[4929][1631226621903][shell][info]["partitionMigrationService: V7 isPartitionDirty",null]
[4929][1631226621904][shell][info]["partitionMigrationService~rectifyNamespaceOfScratchPadPartition: There is no partition with scratchpad namespace"]
[4929][1631226621904][shell][info]["partitionMigrationService~rectifyNamespaceOfScratchPadPartition: There is no transit partition which could have been used for scratchpad"]
[4929][1631226621904][shell][info]["partitionMigrationService~init: Success"]
[4929][1631226621904][shell][info]["partitionMigrationService~runV8PartitionsIntegrity: Two way migration~ removing the following partitions from v8",[]]
[4929][1631226621904][shell][info]["userPartitionService~_rectifyTheActivePartitionOfApplication: Setting the active partition to ",null]
[4929][1631226621905][shell][info]["userPartitionService~init: Success"]
[4929][1631226621905][shell][info]["userPartitionService: State of v8 partition system:"]
[4929][1631226621905][shell][info]["userPartitionService: List of partitions:",[]]
[4929][1631226621906][shell][info]["userPartitionService: users global meta:",{"activePartition":null}]
[4929][1631226621906][shell][info]["shell~init~loadView: loading scratchpad partition"]
[4929][1631226621909][shell][info]["shell~init~loadView: loading active partition","556a158b-62d6-48cb-83b8-8c7674fb0fd5"]
[4929][1631226621910][shell][info]["init~setViewAttributes - Initializing view with opts:",{"id":2,"type":"shared","startTime":1631226621688,"devtools":false,"partitionId":"556a158b-62d6-48cb-83b8-8c7674fb0fd5"}]
[4929][1631226621910][shell][info]["Shell~init~setViewAttributes: passing scratchpad partition id as ","556a158b-62d6-48cb-83b8-8c7674fb0fd5"]
[4929][1631226621910][shell][info]["Shell~init~setViewAttributes: do we have any logged in users? ",false]
[4929][1631226621911][shell][info]["init~setViewAttributes - Success"]
[4929][1631226624248][shell][info]["Shell~init~sendUsersDataToRenderer",[]]
[4929][1631226624248][shell][info]["Shell~init~requestTeamIdIfV7Partition: requesting user context from requester web view"]
[4929][1631226624313][shell][info]["Shell~init~attachShellIPCListeners: Received user context from requester web view",{"userId":"0","teamId":"0"}]
[4929][1631226624472][shell][info]["EventBus~initialize - Success"]
[4929][1631226624477][shell][info]["bootShellCrashReporter~ Success"]
[4929][1631226624485][shell][info]["userPartitionService: State of v8 partition system:"]
[4929][1631226624486][shell][info]["userPartitionService: List of partitions:",[{"partitionId":"556a158b-62d6-48cb-83b8-8c7674fb0fd5","namespace":"scratchPad","userId":0,"teamId":0,"isDirty":false}]]
[4929][1631226624486][shell][info]["userPartitionService: users global meta:",{"activePartition":"556a158b-62d6-48cb-83b8-8c7674fb0fd5"}]
[4929][1631226624486][shell][info]["shell~init~loadView: loading active partition"]
[4929][1631226624486][shell][info]["shell~init~loadView: loading active partition","556a158b-62d6-48cb-83b8-8c7674fb0fd5"]
[4929][1631226624487][shell][info]["init~setViewAttributes - Initializing view with opts:",{"id":3,"type":"requester","startTime":1631226624265,"devtools":false,"primaryId":3,"allIds":[3],"partitionId":"556a158b-62d6-48cb-83b8-8c7674fb0fd5"}]
[4929][1631226624487][shell][info]["Shell~init~setViewAttributes: passing scratchpad partition id as ","556a158b-62d6-48cb-83b8-8c7674fb0fd5"]
[4929][1631226624488][shell][info]["Shell~init~setViewAttributes: do we have any logged in users? ",false]
[4929][1631226624488][shell][info]["init~setViewAttributes - Success"]
[4929][1631226626436][shell][info]["Shell~init~sendUsersDataToRenderer",[]]
[4929][1631226626467][shell][info]["Shell~init~sendUsersDataToRenderer",[]]
[5489][1631226743731][shell][info]["EventBus~initialize - Success"]
[5489][1631226743738][shell][info]["bootShellCrashReporter~ Success"]
[5489][1631226743749][shell][info]["shellController~init: Success"]
[5489][1631226743750][shell][info]["shellMeta~init: Success"]
[5489][1631226743750][shell][info]["partitionMigrationService: State of V7 partition:"]
[5489][1631226743750][shell][info]["partitionMigrationService: V7 partitions",[]]
[5489][1631226743750][shell][info]["partitionMigrationService: V7 lastActiveUser",null]
[5489][1631226743750][shell][info]["partitionMigrationService: V7 activePartition",null]
[5489][1631226743751][shell][info]["partitionMigrationService: V7 isPartitionDirty",null]
[5489][1631226743751][shell][info]["partitionMigrationService~init: Success"]
[5489][1631226743752][shell][info]["partitionMigrationService~runV8PartitionsIntegrity: Two way migration~ removing the following partitions from v8",[]]
[5489][1631226743752][shell][info]["userPartitionService~_rectifyTheActivePartitionOfApplication: Setting the active partition to ",null]
[5489][1631226743752][shell][info]["userPartitionService~init: Success"]
[5489][1631226743753][shell][info]["userPartitionService: State of v8 partition system:"]
[5489][1631226743753][shell][info]["userPartitionService: List of partitions:",[{"partitionId":"556a158b-62d6-48cb-83b8-8c7674fb0fd5","namespace":"scratchPad","userId":0,"teamId":0,"isDirty":false}]]
[5489][1631226743753][shell][info]["userPartitionService: users global meta:",{"activePartition":null}]
[5489][1631226743754][shell][info]["shell~init~loadView: loading scratchpad partition"]
[5489][1631226743754][shell][info]["shell~init~loadView: loading active partition","556a158b-62d6-48cb-83b8-8c7674fb0fd5"]
[5489][1631226743755][shell][info]["init~setViewAttributes - Initializing view with opts:",{"id":2,"type":"shared","startTime":1631226743547,"devtools":false,"partitionId":"556a158b-62d6-48cb-83b8-8c7674fb0fd5"}]
[5489][1631226743756][shell][info]["Shell~init~setViewAttributes: passing scratchpad partition id as ","556a158b-62d6-48cb-83b8-8c7674fb0fd5"]
[5489][1631226743756][shell][info]["Shell~init~setViewAttributes: do we have any logged in users? ",false]
[5489][1631226743756][shell][info]["init~setViewAttributes - Success"]
[5489][1631226745647][shell][info]["Shell~init~sendUsersDataToRenderer",[]]
[5489][1631226745648][shell][info]["Shell~init~requestTeamIdIfV7Partition: requesting user context from requester web view"]
[5489][1631226745684][shell][info]["Shell~init~attachShellIPCListeners: Received user context from requester web view",{"userId":"0","teamId":"0"}]
[5489][1631226745845][shell][info]["EventBus~initialize - Success"]
[5489][1631226745851][shell][info]["bootShellCrashReporter~ Success"]
[5489][1631226745859][shell][info]["userPartitionService: State of v8 partition system:"]
[5489][1631226745859][shell][info]["userPartitionService: List of partitions:",[{"partitionId":"556a158b-62d6-48cb-83b8-8c7674fb0fd5","namespace":"scratchPad","userId":0,"teamId":0,"isDirty":false}]]
[5489][1631226745860][shell][info]["userPartitionService: users global meta:",{"activePartition":"556a158b-62d6-48cb-83b8-8c7674fb0fd5"}]
[5489][1631226745860][shell][info]["shell~init~loadView: loading active partition"]
[5489][1631226745860][shell][info]["shell~init~loadView: loading active partition","556a158b-62d6-48cb-83b8-8c7674fb0fd5"]
[5489][1631226745861][shell][info]["init~setViewAttributes - Initializing view with opts:",{"id":3,"type":"requester","startTime":1631226745664,"devtools":false,"primaryId":3,"allIds":[3],"partitionId":"556a158b-62d6-48cb-83b8-8c7674fb0fd5"}]
[5489][1631226745861][shell][info]["Shell~init~setViewAttributes: passing scratchpad partition id as ","556a158b-62d6-48cb-83b8-8c7674fb0fd5"]
[5489][1631226745861][shell][info]["Shell~init~setViewAttributes: do we have any logged in users? ",false]
[5489][1631226745862][shell][info]["init~setViewAttributes - Success"]
[5489][1631226748062][shell][info]["Shell~init~sendUsersDataToRenderer",[]]
[5489][1631226748096][shell][info]["Shell~init~sendUsersDataToRenderer",[]]
[3573][1631230793225][shell][info]["EventBus~initialize - Success"]
[3573][1631230793246][shell][info]["bootShellCrashReporter~ Success"]
[3573][1631230793257][shell][info]["shellController~init: Success"]
[3573][1631230793257][shell][info]["shellMeta~init: Success"]
[3573][1631230793258][shell][info]["partitionMigrationService: State of V7 partition:"]
[3573][1631230793258][shell][info]["partitionMigrationService: V7 partitions",[]]
[3573][1631230793258][shell][info]["partitionMigrationService: V7 lastActiveUser",null]
[3573][1631230793259][shell][info]["partitionMigrationService: V7 activePartition",null]
[3573][1631230793259][shell][info]["partitionMigrationService: V7 isPartitionDirty",null]
[3573][1631230793260][shell][info]["partitionMigrationService~init: Success"]
[3573][1631230793260][shell][info]["partitionMigrationService~runV8PartitionsIntegrity: Two way migration~ removing the following partitions from v8",[]]
[3573][1631230793261][shell][info]["userPartitionService~_rectifyTheActivePartitionOfApplication: Setting the active partition to ",null]
[3573][1631230793262][shell][info]["userPartitionService~init: Success"]
[3573][1631230793263][shell][info]["userPartitionService: State of v8 partition system:"]
[3573][1631230793263][shell][info]["userPartitionService: List of partitions:",[{"partitionId":"556a158b-62d6-48cb-83b8-8c7674fb0fd5","namespace":"scratchPad","userId":0,"teamId":0,"isDirty":false}]]
[3573][1631230793263][shell][info]["userPartitionService: users global meta:",{"activePartition":null}]
[3573][1631230793264][shell][info]["shell~init~loadView: loading scratchpad partition"]
[3573][1631230793264][shell][info]["shell~init~loadView: loading active partition","556a158b-62d6-48cb-83b8-8c7674fb0fd5"]
[3573][1631230793265][shell][info]["init~setViewAttributes - Initializing view with opts:",{"id":2,"type":"shared","startTime":1631230792890,"devtools":false,"partitionId":"556a158b-62d6-48cb-83b8-8c7674fb0fd5"}]
[3573][1631230793265][shell][info]["Shell~init~setViewAttributes: passing scratchpad partition id as ","556a158b-62d6-48cb-83b8-8c7674fb0fd5"]
[3573][1631230793265][shell][info]["Shell~init~setViewAttributes: do we have any logged in users? ",false]
[3573][1631230793266][shell][info]["init~setViewAttributes - Success"]
[3573][1631230795236][shell][info]["Shell~init~sendUsersDataToRenderer",[]]
[3573][1631230795237][shell][info]["Shell~init~requestTeamIdIfV7Partition: requesting user context from requester web view"]
[3573][1631230795270][shell][info]["Shell~init~attachShellIPCListeners: Received user context from requester web view",{"userId":"0","teamId":"0"}]
[3573][1631230795447][shell][info]["EventBus~initialize - Success"]
[3573][1631230795452][shell][info]["bootShellCrashReporter~ Success"]
[3573][1631230795460][shell][info]["userPartitionService: State of v8 partition system:"]
[3573][1631230795461][shell][info]["userPartitionService: List of partitions:",[{"partitionId":"556a158b-62d6-48cb-83b8-8c7674fb0fd5","namespace":"scratchPad","userId":0,"teamId":0,"isDirty":false}]]
[3573][1631230795461][shell][info]["userPartitionService: users global meta:",{"activePartition":"556a158b-62d6-48cb-83b8-8c7674fb0fd5"}]
[3573][1631230795461][shell][info]["shell~init~loadView: loading active partition"]
[3573][1631230795461][shell][info]["shell~init~loadView: loading active partition","556a158b-62d6-48cb-83b8-8c7674fb0fd5"]
[3573][1631230795462][shell][info]["init~setViewAttributes - Initializing view with opts:",{"id":3,"type":"requester","startTime":1631230795253,"devtools":false,"primaryId":3,"allIds":[3],"partitionId":"556a158b-62d6-48cb-83b8-8c7674fb0fd5"}]
[3573][1631230795463][shell][info]["Shell~init~setViewAttributes: passing scratchpad partition id as ","556a158b-62d6-48cb-83b8-8c7674fb0fd5"]
[3573][1631230795463][shell][info]["Shell~init~setViewAttributes: do we have any logged in users? ",false]
[3573][1631230795463][shell][info]["init~setViewAttributes - Success"]
[3573][1631230797686][shell][info]["Shell~init~sendUsersDataToRenderer",[]]
[3573][1631230797723][shell][info]["Shell~init~sendUsersDataToRenderer",[]]
[21441][1631292119264][shell][info]["EventBus~initialize - Success"]
[21441][1631292119280][shell][info]["bootShellCrashReporter~ Success"]
[21441][1631292119290][shell][info]["shellController~init: Success"]
[21441][1631292119290][shell][info]["shellMeta~init: Success"]
[21441][1631292119290][shell][info]["partitionMigrationService: State of V7 partition:"]
[21441][1631292119291][shell][info]["partitionMigrationService: V7 partitions",[]]
[21441][1631292119291][shell][info]["partitionMigrationService: V7 lastActiveUser",null]
[21441][1631292119291][shell][info]["partitionMigrationService: V7 activePartition",null]
[21441][1631292119291][shell][info]["partitionMigrationService: V7 isPartitionDirty",null]
[21441][1631292119291][shell][info]["partitionMigrationService~init: Success"]
[21441][1631292119292][shell][info]["partitionMigrationService~runV8PartitionsIntegrity: Two way migration~ removing the following partitions from v8",[]]
[21441][1631292119292][shell][info]["userPartitionService~_rectifyTheActivePartitionOfApplication: Setting the active partition to ",null]
[21441][1631292119292][shell][info]["userPartitionService~init: Success"]
[21441][1631292119293][shell][info]["userPartitionService: State of v8 partition system:"]
[21441][1631292119293][shell][info]["userPartitionService: List of partitions:",[{"partitionId":"556a158b-62d6-48cb-83b8-8c7674fb0fd5","namespace":"scratchPad","userId":0,"teamId":0,"isDirty":false}]]
[21441][1631292119293][shell][info]["userPartitionService: users global meta:",{"activePartition":null}]
[21441][1631292119294][shell][info]["shell~init~loadView: loading scratchpad partition"]
[21441][1631292119294][shell][info]["shell~init~loadView: loading active partition","556a158b-62d6-48cb-83b8-8c7674fb0fd5"]
[21441][1631292119295][shell][info]["init~setViewAttributes - Initializing view with opts:",{"id":2,"type":"shared","startTime":1631292118977,"devtools":false,"partitionId":"556a158b-62d6-48cb-83b8-8c7674fb0fd5"}]
[21441][1631292119296][shell][info]["Shell~init~setViewAttributes: passing scratchpad partition id as ","556a158b-62d6-48cb-83b8-8c7674fb0fd5"]
[21441][1631292119296][shell][info]["Shell~init~setViewAttributes: do we have any logged in users? ",false]
[21441][1631292119297][shell][info]["init~setViewAttributes - Success"]
[21441][1631292121291][shell][info]["Shell~init~sendUsersDataToRenderer",[]]
[21441][1631292121292][shell][info]["Shell~init~requestTeamIdIfV7Partition: requesting user context from requester web view"]
[21441][1631292121326][shell][info]["Shell~init~attachShellIPCListeners: Received user context from requester web view",{"userId":"0","teamId":"0"}]
[21441][1631292121490][shell][info]["EventBus~initialize - Success"]
[21441][1631292121495][shell][info]["bootShellCrashReporter~ Success"]
[21441][1631292121503][shell][info]["userPartitionService: State of v8 partition system:"]
[21441][1631292121503][shell][info]["userPartitionService: List of partitions:",[{"partitionId":"556a158b-62d6-48cb-83b8-8c7674fb0fd5","namespace":"scratchPad","userId":0,"teamId":0,"isDirty":false}]]
[21441][1631292121504][shell][info]["userPartitionService: users global meta:",{"activePartition":"556a158b-62d6-48cb-83b8-8c7674fb0fd5"}]
[21441][1631292121504][shell][info]["shell~init~loadView: loading active partition"]
[21441][1631292121504][shell][info]["shell~init~loadView: loading active partition","556a158b-62d6-48cb-83b8-8c7674fb0fd5"]
[21441][1631292121505][shell][info]["init~setViewAttributes - Initializing view with opts:",{"id":3,"type":"requester","startTime":1631292121304,"devtools":false,"primaryId":3,"allIds":[3],"partitionId":"556a158b-62d6-48cb-83b8-8c7674fb0fd5"}]
[21441][1631292121505][shell][info]["Shell~init~setViewAttributes: passing scratchpad partition id as ","556a158b-62d6-48cb-83b8-8c7674fb0fd5"]
[21441][1631292121505][shell][info]["Shell~init~setViewAttributes: do we have any logged in users? ",false]
[21441][1631292121506][shell][info]["init~setViewAttributes - Success"]
[21441][1631292123731][shell][info]["Shell~init~sendUsersDataToRenderer",[]]
[21441][1631292123765][shell][info]["Shell~init~sendUsersDataToRenderer",[]]
[5134][1631389439100][shell][info]["EventBus~initialize - Success"]
[5134][1631389439121][shell][info]["bootShellCrashReporter~ Success"]
[5134][1631389439203][shell][info]["shellController~init: Success"]
[5134][1631389439204][shell][info]["shellMeta~init: Success"]
[5134][1631389439204][shell][info]["partitionMigrationService: State of V7 partition:"]
[5134][1631389439204][shell][info]["partitionMigrationService: V7 partitions",[]]
[5134][1631389439204][shell][info]["partitionMigrationService: V7 lastActiveUser",null]
[5134][1631389439204][shell][info]["partitionMigrationService: V7 activePartition",null]
[5134][1631389439205][shell][info]["partitionMigrationService: V7 isPartitionDirty",null]
[5134][1631389439205][shell][info]["partitionMigrationService~init: Success"]
[5134][1631389439206][shell][info]["partitionMigrationService~runV8PartitionsIntegrity: Two way migration~ removing the following partitions from v8",[]]
[5134][1631389439206][shell][info]["userPartitionService~_rectifyTheActivePartitionOfApplication: Setting the active partition to ",null]
[5134][1631389439206][shell][info]["userPartitionService~init: Success"]
[5134][1631389439208][shell][info]["userPartitionService: State of v8 partition system:"]
[5134][1631389439208][shell][info]["userPartitionService: List of partitions:",[{"partitionId":"556a158b-62d6-48cb-83b8-8c7674fb0fd5","namespace":"scratchPad","userId":0,"teamId":0,"isDirty":false}]]
[5134][1631389439208][shell][info]["userPartitionService: users global meta:",{"activePartition":null}]
[5134][1631389439209][shell][info]["shell~init~loadView: loading scratchpad partition"]
[5134][1631389439209][shell][info]["shell~init~loadView: loading active partition","556a158b-62d6-48cb-83b8-8c7674fb0fd5"]
[5134][1631389439210][shell][info]["init~setViewAttributes - Initializing view with opts:",{"id":2,"type":"shared","startTime":1631389438517,"devtools":false,"partitionId":"556a158b-62d6-48cb-83b8-8c7674fb0fd5"}]
[5134][1631389439211][shell][info]["Shell~init~setViewAttributes: passing scratchpad partition id as ","556a158b-62d6-48cb-83b8-8c7674fb0fd5"]
[5134][1631389439211][shell][info]["Shell~init~setViewAttributes: do we have any logged in users? ",false]
[5134][1631389439212][shell][info]["init~setViewAttributes - Success"]
[5134][1631389441590][shell][info]["Shell~init~sendUsersDataToRenderer",[]]
[5134][1631389441591][shell][info]["Shell~init~requestTeamIdIfV7Partition: requesting user context from requester web view"]
[5134][1631389441608][shell][info]["Shell~init~attachShellIPCListeners: Received user context from requester web view",{"userId":"0","teamId":"0"}]
[5134][1631389441787][shell][info]["EventBus~initialize - Success"]
[5134][1631389441793][shell][info]["bootShellCrashReporter~ Success"]
[5134][1631389441802][shell][info]["userPartitionService: State of v8 partition system:"]
[5134][1631389441802][shell][info]["userPartitionService: List of partitions:",[{"partitionId":"556a158b-62d6-48cb-83b8-8c7674fb0fd5","namespace":"scratchPad","userId":0,"teamId":0,"isDirty":false}]]
[5134][1631389441803][shell][info]["userPartitionService: users global meta:",{"activePartition":"556a158b-62d6-48cb-83b8-8c7674fb0fd5"}]
[5134][1631389441803][shell][info]["shell~init~loadView: loading active partition"]
[5134][1631389441803][shell][info]["shell~init~loadView: loading active partition","556a158b-62d6-48cb-83b8-8c7674fb0fd5"]
[5134][1631389441804][shell][info]["init~setViewAttributes - Initializing view with opts:",{"id":3,"type":"requester","startTime":1631389441609,"devtools":false,"primaryId":3,"allIds":[3],"partitionId":"556a158b-62d6-48cb-83b8-8c7674fb0fd5"}]
[5134][1631389441804][shell][info]["Shell~init~setViewAttributes: passing scratchpad partition id as ","556a158b-62d6-48cb-83b8-8c7674fb0fd5"]
[5134][1631389441805][shell][info]["Shell~init~setViewAttributes: do we have any logged in users? ",false]
[5134][1631389441805][shell][info]["init~setViewAttributes - Success"]
[5134][1631389444763][shell][info]["Shell~init~sendUsersDataToRenderer",[]]
[5134][1631389444821][shell][info]["Shell~init~sendUsersDataToRenderer",[]]
[6900][1631624097193][shell][info]["EventBus~initialize - Success"]
[6900][1631624097208][shell][info]["bootShellCrashReporter~ Success"]
[6900][1631624097219][shell][info]["shellController~init: Success"]
[6900][1631624097219][shell][info]["shellMeta~init: Success"]
[6900][1631624097219][shell][info]["partitionMigrationService: State of V7 partition:"]
[6900][1631624097220][shell][info]["partitionMigrationService: V7 partitions",[]]
[6900][1631624097220][shell][info]["partitionMigrationService: V7 lastActiveUser",null]
[6900][1631624097220][shell][info]["partitionMigrationService: V7 activePartition",null]
[6900][1631624097220][shell][info]["partitionMigrationService: V7 isPartitionDirty",null]
[6900][1631624097221][shell][info]["partitionMigrationService~init: Success"]
[6900][1631624097221][shell][info]["partitionMigrationService~runV8PartitionsIntegrity: Two way migration~ removing the following partitions from v8",[]]
[6900][1631624097221][shell][info]["userPartitionService~_rectifyTheActivePartitionOfApplication: Setting the active partition to ",null]
[6900][1631624097222][shell][info]["userPartitionService~init: Success"]
[6900][1631624097222][shell][info]["userPartitionService: State of v8 partition system:"]
[6900][1631624097223][shell][info]["userPartitionService: List of partitions:",[{"partitionId":"556a158b-62d6-48cb-83b8-8c7674fb0fd5","namespace":"scratchPad","userId":0,"teamId":0,"isDirty":false}]]
[6900][1631624097223][shell][info]["userPartitionService: users global meta:",{"activePartition":null}]
[6900][1631624097223][shell][info]["shell~init~loadView: loading scratchpad partition"]
[6900][1631624097223][shell][info]["shell~init~loadView: loading active partition","556a158b-62d6-48cb-83b8-8c7674fb0fd5"]
[6900][1631624097224][shell][info]["init~setViewAttributes - Initializing view with opts:",{"id":2,"type":"shared","startTime":1631624096902,"devtools":false,"partitionId":"556a158b-62d6-48cb-83b8-8c7674fb0fd5"}]
[6900][1631624097225][shell][info]["Shell~init~setViewAttributes: passing scratchpad partition id as ","556a158b-62d6-48cb-83b8-8c7674fb0fd5"]
[6900][1631624097225][shell][info]["Shell~init~setViewAttributes: do we have any logged in users? ",false]
[6900][1631624097225][shell][info]["init~setViewAttributes - Success"]
[6900][1631624099264][shell][info]["Shell~init~sendUsersDataToRenderer",[]]
[6900][1631624099267][shell][info]["Shell~init~requestTeamIdIfV7Partition: requesting user context from requester web view"]
[6900][1631624099315][shell][info]["Shell~init~attachShellIPCListeners: Received user context from requester web view",{"userId":"0","teamId":"0"}]
[6900][1631624099473][shell][info]["EventBus~initialize - Success"]
[6900][1631624099479][shell][info]["bootShellCrashReporter~ Success"]
[6900][1631624099486][shell][info]["userPartitionService: State of v8 partition system:"]
[6900][1631624099487][shell][info]["userPartitionService: List of partitions:",[{"partitionId":"556a158b-62d6-48cb-83b8-8c7674fb0fd5","namespace":"scratchPad","userId":0,"teamId":0,"isDirty":false}]]
[6900][1631624099487][shell][info]["userPartitionService: users global meta:",{"activePartition":"556a158b-62d6-48cb-83b8-8c7674fb0fd5"}]
[6900][1631624099487][shell][info]["shell~init~loadView: loading active partition"]
[6900][1631624099488][shell][info]["shell~init~loadView: loading active partition","556a158b-62d6-48cb-83b8-8c7674fb0fd5"]
[6900][1631624099488][shell][info]["init~setViewAttributes - Initializing view with opts:",{"id":3,"type":"requester","startTime":1631624099303,"devtools":false,"primaryId":3,"allIds":[3],"partitionId":"556a158b-62d6-48cb-83b8-8c7674fb0fd5"}]
[6900][1631624099489][shell][info]["Shell~init~setViewAttributes: passing scratchpad partition id as ","556a158b-62d6-48cb-83b8-8c7674fb0fd5"]
[6900][1631624099489][shell][info]["Shell~init~setViewAttributes: do we have any logged in users? ",false]
[6900][1631624099490][shell][info]["init~setViewAttributes - Success"]
[6900][1631624101573][shell][info]["Shell~init~sendUsersDataToRenderer",[]]
[6900][1631624101612][shell][info]["Shell~init~sendUsersDataToRenderer",[]]
[11084][1631691812535][shell][info]["EventBus~initialize - Success"]
[11084][1631691812564][shell][info]["bootShellCrashReporter~ Success"]
[11084][1631691812616][shell][info]["shellController~init: Success"]
[11084][1631691812617][shell][info]["shellMeta~init: Success"]
[11084][1631691812619][shell][info]["partitionMigrationService: State of V7 partition:"]
[11084][1631691812620][shell][info]["partitionMigrationService: V7 partitions",[]]
[11084][1631691812621][shell][info]["partitionMigrationService: V7 lastActiveUser",null]
[11084][1631691812622][shell][info]["partitionMigrationService: V7 activePartition",null]
[11084][1631691812622][shell][info]["partitionMigrationService: V7 isPartitionDirty",null]
[11084][1631691812625][shell][info]["partitionMigrationService~init: Success"]
[11084][1631691812627][shell][info]["partitionMigrationService~runV8PartitionsIntegrity: Two way migration~ removing the following partitions from v8",[]]
[11084][1631691812630][shell][info]["userPartitionService~_rectifyTheActivePartitionOfApplication: Setting the active partition to ",null]
[11084][1631691812632][shell][info]["userPartitionService~init: Success"]
[11084][1631691812635][shell][info]["userPartitionService: State of v8 partition system:"]
[11084][1631691812637][shell][info]["userPartitionService: List of partitions:",[{"partitionId":"556a158b-62d6-48cb-83b8-8c7674fb0fd5","namespace":"scratchPad","userId":0,"teamId":0,"isDirty":false}]]
[11084][1631691812638][shell][info]["userPartitionService: users global meta:",{"activePartition":null}]
[11084][1631691812639][shell][info]["shell~init~loadView: loading scratchpad partition"]
[11084][1631691812640][shell][info]["shell~init~loadView: loading active partition","556a158b-62d6-48cb-83b8-8c7674fb0fd5"]
[11084][1631691812645][shell][info]["init~setViewAttributes - Initializing view with opts:",{"id":2,"type":"shared","startTime":1631691811941,"devtools":false,"partitionId":"556a158b-62d6-48cb-83b8-8c7674fb0fd5"}]
[11084][1631691812650][shell][info]["Shell~init~setViewAttributes: passing scratchpad partition id as ","556a158b-62d6-48cb-83b8-8c7674fb0fd5"]
[11084][1631691812651][shell][info]["Shell~init~setViewAttributes: do we have any logged in users? ",false]
[11084][1631691812654][shell][info]["init~setViewAttributes - Success"]
[11084][1631691815439][shell][info]["Shell~init~sendUsersDataToRenderer",[]]
[11084][1631691815442][shell][info]["Shell~init~requestTeamIdIfV7Partition: requesting user context from requester web view"]
[11084][1631691815554][shell][info]["Shell~init~attachShellIPCListeners: Received user context from requester web view",{"userId":"0","teamId":"0"}]
[11084][1631691815953][shell][info]["EventBus~initialize - Success"]
[11084][1631691815961][shell][info]["bootShellCrashReporter~ Success"]
[11084][1631691815971][shell][info]["userPartitionService: State of v8 partition system:"]
[11084][1631691815972][shell][info]["userPartitionService: List of partitions:",[{"partitionId":"556a158b-62d6-48cb-83b8-8c7674fb0fd5","namespace":"scratchPad","userId":0,"teamId":0,"isDirty":false}]]
[11084][1631691815972][shell][info]["userPartitionService: users global meta:",{"activePartition":"556a158b-62d6-48cb-83b8-8c7674fb0fd5"}]
[11084][1631691815972][shell][info]["shell~init~loadView: loading active partition"]
[11084][1631691815972][shell][info]["shell~init~loadView: loading active partition","556a158b-62d6-48cb-83b8-8c7674fb0fd5"]
[11084][1631691815973][shell][info]["init~setViewAttributes - Initializing view with opts:",{"id":3,"type":"requester","startTime":1631691815524,"devtools":false,"primaryId":3,"allIds":[3],"partitionId":"556a158b-62d6-48cb-83b8-8c7674fb0fd5"}]
[11084][1631691815974][shell][info]["Shell~init~setViewAttributes: passing scratchpad partition id as ","556a158b-62d6-48cb-83b8-8c7674fb0fd5"]
[11084][1631691815974][shell][info]["Shell~init~setViewAttributes: do we have any logged in users? ",false]
[11084][1631691815975][shell][info]["init~setViewAttributes - Success"]
[11084][1631691818693][shell][info]["Shell~init~sendUsersDataToRenderer",[]]
[11084][1631691818737][shell][info]["Shell~init~sendUsersDataToRenderer",[]]
[28768][1631703797631][shell][info]["EventBus~initialize - Success"]
[28768][1631703797646][shell][info]["bootShellCrashReporter~ Success"]
[28768][1631703797657][shell][info]["shellController~init: Success"]
[28768][1631703797657][shell][info]["shellMeta~init: Success"]
[28768][1631703797657][shell][info]["partitionMigrationService: State of V7 partition:"]
[28768][1631703797657][shell][info]["partitionMigrationService: V7 partitions",[]]
[28768][1631703797657][shell][info]["partitionMigrationService: V7 lastActiveUser",null]
[28768][1631703797658][shell][info]["partitionMigrationService: V7 activePartition",null]
[28768][1631703797658][shell][info]["partitionMigrationService: V7 isPartitionDirty",null]
[28768][1631703797658][shell][info]["partitionMigrationService~init: Success"]
[28768][1631703797658][shell][info]["partitionMigrationService~runV8PartitionsIntegrity: Two way migration~ removing the following partitions from v8",[]]
[28768][1631703797659][shell][info]["userPartitionService~_rectifyTheActivePartitionOfApplication: Setting the active partition to ",null]
[28768][1631703797659][shell][info]["userPartitionService~init: Success"]
[28768][1631703797660][shell][info]["userPartitionService: State of v8 partition system:"]
[28768][1631703797660][shell][info]["userPartitionService: List of partitions:",[{"partitionId":"556a158b-62d6-48cb-83b8-8c7674fb0fd5","namespace":"scratchPad","userId":0,"teamId":0,"isDirty":false}]]
[28768][1631703797660][shell][info]["userPartitionService: users global meta:",{"activePartition":null}]
[28768][1631703797660][shell][info]["shell~init~loadView: loading scratchpad partition"]
[28768][1631703797661][shell][info]["shell~init~loadView: loading active partition","556a158b-62d6-48cb-83b8-8c7674fb0fd5"]
[28768][1631703797661][shell][info]["init~setViewAttributes - Initializing view with opts:",{"id":2,"type":"shared","startTime":1631703797276,"devtools":false,"partitionId":"556a158b-62d6-48cb-83b8-8c7674fb0fd5"}]
[28768][1631703797662][shell][info]["Shell~init~setViewAttributes: passing scratchpad partition id as ","556a158b-62d6-48cb-83b8-8c7674fb0fd5"]
[28768][1631703797662][shell][info]["Shell~init~setViewAttributes: do we have any logged in users? ",false]
[28768][1631703797663][shell][info]["init~setViewAttributes - Success"]
[28768][1631703800016][shell][info]["Shell~init~sendUsersDataToRenderer",[]]
[28768][1631703800018][shell][info]["Shell~init~requestTeamIdIfV7Partition: requesting user context from requester web view"]
[28768][1631703800063][shell][info]["Shell~init~attachShellIPCListeners: Received user context from requester web view",{"userId":"0","teamId":"0"}]
[28768][1631703800334][shell][info]["EventBus~initialize - Success"]
[28768][1631703800340][shell][info]["bootShellCrashReporter~ Success"]
[28768][1631703800348][shell][info]["userPartitionService: State of v8 partition system:"]
[28768][1631703800349][shell][info]["userPartitionService: List of partitions:",[{"partitionId":"556a158b-62d6-48cb-83b8-8c7674fb0fd5","namespace":"scratchPad","userId":0,"teamId":0,"isDirty":false}]]
[28768][1631703800349][shell][info]["userPartitionService: users global meta:",{"activePartition":"556a158b-62d6-48cb-83b8-8c7674fb0fd5"}]
[28768][1631703800349][shell][info]["shell~init~loadView: loading active partition"]
[28768][1631703800349][shell][info]["shell~init~loadView: loading active partition","556a158b-62d6-48cb-83b8-8c7674fb0fd5"]
[28768][1631703800350][shell][info]["init~setViewAttributes - Initializing view with opts:",{"id":3,"type":"requester","startTime":1631703800066,"devtools":false,"primaryId":3,"allIds":[3],"partitionId":"556a158b-62d6-48cb-83b8-8c7674fb0fd5"}]
[28768][1631703800351][shell][info]["Shell~init~setViewAttributes: passing scratchpad partition id as ","556a158b-62d6-48cb-83b8-8c7674fb0fd5"]
[28768][1631703800351][shell][info]["Shell~init~setViewAttributes: do we have any logged in users? ",false]
[28768][1631703800351][shell][info]["init~setViewAttributes - Success"]
[28768][1631703802776][shell][info]["Shell~init~sendUsersDataToRenderer",[]]
[28768][1631703802819][shell][info]["Shell~init~sendUsersDataToRenderer",[]]
[21453][1631707270113][shell][info]["EventBus~initialize - Success"]
[21453][1631707270128][shell][info]["bootShellCrashReporter~ Success"]
[21453][1631707270138][shell][info]["shellController~init: Success"]
[21453][1631707270138][shell][info]["shellMeta~init: Success"]
[21453][1631707270138][shell][info]["partitionMigrationService: State of V7 partition:"]
[21453][1631707270139][shell][info]["partitionMigrationService: V7 partitions",[]]
[21453][1631707270139][shell][info]["partitionMigrationService: V7 lastActiveUser",null]
[21453][1631707270139][shell][info]["partitionMigrationService: V7 activePartition",null]
[21453][1631707270139][shell][info]["partitionMigrationService: V7 isPartitionDirty",null]
[21453][1631707270140][shell][info]["partitionMigrationService~init: Success"]
[21453][1631707270140][shell][info]["partitionMigrationService~runV8PartitionsIntegrity: Two way migration~ removing the following partitions from v8",[]]
[21453][1631707270140][shell][info]["userPartitionService~_rectifyTheActivePartitionOfApplication: Setting the active partition to ",null]
[21453][1631707270141][shell][info]["userPartitionService~init: Success"]
[21453][1631707270141][shell][info]["userPartitionService: State of v8 partition system:"]
[21453][1631707270141][shell][info]["userPartitionService: List of partitions:",[{"partitionId":"556a158b-62d6-48cb-83b8-8c7674fb0fd5","namespace":"scratchPad","userId":0,"teamId":0,"isDirty":false}]]
[21453][1631707270142][shell][info]["userPartitionService: users global meta:",{"activePartition":null}]
[21453][1631707270142][shell][info]["shell~init~loadView: loading scratchpad partition"]
[21453][1631707270142][shell][info]["shell~init~loadView: loading active partition","556a158b-62d6-48cb-83b8-8c7674fb0fd5"]
[21453][1631707270143][shell][info]["init~setViewAttributes - Initializing view with opts:",{"id":2,"type":"shared","startTime":1631707269800,"devtools":false,"partitionId":"556a158b-62d6-48cb-83b8-8c7674fb0fd5"}]
[21453][1631707270143][shell][info]["Shell~init~setViewAttributes: passing scratchpad partition id as ","556a158b-62d6-48cb-83b8-8c7674fb0fd5"]
[21453][1631707270143][shell][info]["Shell~init~setViewAttributes: do we have any logged in users? ",false]
[21453][1631707270144][shell][info]["init~setViewAttributes - Success"]
[21453][1631707272052][shell][info]["Shell~init~sendUsersDataToRenderer",[]]
[21453][1631707272052][shell][info]["Shell~init~requestTeamIdIfV7Partition: requesting user context from requester web view"]
[21453][1631707272070][shell][info]["Shell~init~attachShellIPCListeners: Received user context from requester web view",{"userId":"0","teamId":"0"}]
[21453][1631707272247][shell][info]["EventBus~initialize - Success"]
[21453][1631707272253][shell][info]["bootShellCrashReporter~ Success"]
[21453][1631707272261][shell][info]["userPartitionService: State of v8 partition system:"]
[21453][1631707272262][shell][info]["userPartitionService: List of partitions:",[{"partitionId":"556a158b-62d6-48cb-83b8-8c7674fb0fd5","namespace":"scratchPad","userId":0,"teamId":0,"isDirty":false}]]
[21453][1631707272262][shell][info]["userPartitionService: users global meta:",{"activePartition":"556a158b-62d6-48cb-83b8-8c7674fb0fd5"}]
[21453][1631707272262][shell][info]["shell~init~loadView: loading active partition"]
[21453][1631707272262][shell][info]["shell~init~loadView: loading active partition","556a158b-62d6-48cb-83b8-8c7674fb0fd5"]
[21453][1631707272263][shell][info]["init~setViewAttributes - Initializing view with opts:",{"id":3,"type":"requester","startTime":1631707272071,"devtools":false,"primaryId":3,"allIds":[3],"partitionId":"556a158b-62d6-48cb-83b8-8c7674fb0fd5"}]
[21453][1631707272264][shell][info]["Shell~init~setViewAttributes: passing scratchpad partition id as ","556a158b-62d6-48cb-83b8-8c7674fb0fd5"]
[21453][1631707272264][shell][info]["Shell~init~setViewAttributes: do we have any logged in users? ",false]
[21453][1631707272264][shell][info]["init~setViewAttributes - Success"]
[21453][1631707274946][shell][info]["Shell~init~sendUsersDataToRenderer",[]]
[21453][1631707274986][shell][info]["Shell~init~sendUsersDataToRenderer",[]]
[11970][1631724751247][shell][info]["EventBus~initialize - Success"]
[11970][1631724751261][shell][info]["bootShellCrashReporter~ Success"]
[11970][1631724751272][shell][info]["shellController~init: Success"]
[11970][1631724751273][shell][info]["shellMeta~init: Success"]
[11970][1631724751273][shell][info]["partitionMigrationService: State of V7 partition:"]
[11970][1631724751273][shell][info]["partitionMigrationService: V7 partitions",[]]
[11970][1631724751273][shell][info]["partitionMigrationService: V7 lastActiveUser",null]
[11970][1631724751273][shell][info]["partitionMigrationService: V7 activePartition",null]
[11970][1631724751273][shell][info]["partitionMigrationService: V7 isPartitionDirty",null]
[11970][1631724751274][shell][info]["partitionMigrationService~init: Success"]
[11970][1631724751274][shell][info]["partitionMigrationService~runV8PartitionsIntegrity: Two way migration~ removing the following partitions from v8",[]]
[11970][1631724751275][shell][info]["userPartitionService~_rectifyTheActivePartitionOfApplication: Setting the active partition to ",null]
[11970][1631724751275][shell][info]["userPartitionService~init: Success"]
[11970][1631724751276][shell][info]["userPartitionService: State of v8 partition system:"]
[11970][1631724751276][shell][info]["userPartitionService: List of partitions:",[{"partitionId":"556a158b-62d6-48cb-83b8-8c7674fb0fd5","namespace":"scratchPad","userId":0,"teamId":0,"isDirty":false}]]
[11970][1631724751276][shell][info]["userPartitionService: users global meta:",{"activePartition":null}]
[11970][1631724751276][shell][info]["shell~init~loadView: loading scratchpad partition"]
[11970][1631724751276][shell][info]["shell~init~loadView: loading active partition","556a158b-62d6-48cb-83b8-8c7674fb0fd5"]
[11970][1631724751277][shell][info]["init~setViewAttributes - Initializing view with opts:",{"id":2,"type":"shared","startTime":1631724750881,"devtools":false,"partitionId":"556a158b-62d6-48cb-83b8-8c7674fb0fd5"}]
[11970][1631724751278][shell][info]["Shell~init~setViewAttributes: passing scratchpad partition id as ","556a158b-62d6-48cb-83b8-8c7674fb0fd5"]
[11970][1631724751278][shell][info]["Shell~init~setViewAttributes: do we have any logged in users? ",false]
[11970][1631724751279][shell][info]["init~setViewAttributes - Success"]
[11970][1631724753606][shell][info]["Shell~init~sendUsersDataToRenderer",[]]
[11970][1631724753607][shell][info]["Shell~init~requestTeamIdIfV7Partition: requesting user context from requester web view"]
[11970][1631724753633][shell][info]["Shell~init~attachShellIPCListeners: Received user context from requester web view",{"userId":"0","teamId":"0"}]
[11970][1631724753831][shell][info]["EventBus~initialize - Success"]
[11970][1631724753837][shell][info]["bootShellCrashReporter~ Success"]
[11970][1631724753844][shell][info]["userPartitionService: State of v8 partition system:"]
[11970][1631724753845][shell][info]["userPartitionService: List of partitions:",[{"partitionId":"556a158b-62d6-48cb-83b8-8c7674fb0fd5","namespace":"scratchPad","userId":0,"teamId":0,"isDirty":false}]]
[11970][1631724753845][shell][info]["userPartitionService: users global meta:",{"activePartition":"556a158b-62d6-48cb-83b8-8c7674fb0fd5"}]
[11970][1631724753846][shell][info]["shell~init~loadView: loading active partition"]
[11970][1631724753846][shell][info]["shell~init~loadView: loading active partition","556a158b-62d6-48cb-83b8-8c7674fb0fd5"]
[11970][1631724753846][shell][info]["init~setViewAttributes - Initializing view with opts:",{"id":3,"type":"requester","startTime":1631724753634,"devtools":false,"primaryId":3,"allIds":[3],"partitionId":"556a158b-62d6-48cb-83b8-8c7674fb0fd5"}]
[11970][1631724753847][shell][info]["Shell~init~setViewAttributes: passing scratchpad partition id as ","556a158b-62d6-48cb-83b8-8c7674fb0fd5"]
[11970][1631724753847][shell][info]["Shell~init~setViewAttributes: do we have any logged in users? ",false]
[11970][1631724753848][shell][info]["init~setViewAttributes - Success"]
[11970][1631724756241][shell][info]["Shell~init~sendUsersDataToRenderer",[]]
[11970][1631724756276][shell][info]["Shell~init~sendUsersDataToRenderer",[]]
