[2021-09-15 13:07:47.942] [exthost] [info] extension host started
[2021-09-15 13:07:47.942] [exthost] [info] Skipping acquiring lock for /home/krirogn/.config/Code/User/workspaceStorage/4549b805dfb241c886dd19b589927941.
[2021-09-15 13:07:48.319] [exthost] [info] ExtensionService#_doActivateExtension vscode.microsoft-authentication {"startup":false,"extensionId":{"value":"vscode.microsoft-authentication","_lower":"vscode.microsoft-authentication"},"activationEvent":"onAuthenticationRequest:microsoft"}
[2021-09-15 13:07:48.320] [exthost] [info] ExtensionService#loadCommonJSModule file:///home/krirogn/p/VSCode-linux-x64/resources/app/extensions/microsoft-authentication/dist/extension.js
[2021-09-15 13:07:48.350] [exthost] [info] ExtensionService#_doActivateExtension octref.vetur {"startup":false,"extensionId":{"value":"octref.vetur","_lower":"octref.vetur"},"activationEvent":"onLanguage:vue"}
[2021-09-15 13:07:48.350] [exthost] [info] ExtensionService#loadCommonJSModule file:///home/krirogn/.vscode/extensions/octref.vetur-0.34.1/dist/vueMain.js
[2021-09-15 13:07:48.386] [exthost] [info] ExtensionService#_doActivateExtension vscode.debug-auto-launch {"startup":true,"extensionId":{"value":"vscode.debug-auto-launch","_lower":"vscode.debug-auto-launch"},"activationEvent":"*"}
[2021-09-15 13:07:48.386] [exthost] [info] ExtensionService#loadCommonJSModule file:///home/krirogn/p/VSCode-linux-x64/resources/app/extensions/debug-auto-launch/dist/extension
[2021-09-15 13:07:48.391] [exthost] [info] ExtensionService#_doActivateExtension vscode.git {"startup":true,"extensionId":{"value":"vscode.github","_lower":"vscode.github"},"activationEvent":"*"}
[2021-09-15 13:07:48.391] [exthost] [info] ExtensionService#loadCommonJSModule file:///home/krirogn/p/VSCode-linux-x64/resources/app/extensions/git/dist/main
[2021-09-15 13:07:48.443] [exthost] [info] ExtensionService#_doActivateExtension mrorz.language-gettext {"startup":true,"extensionId":{"value":"mrorz.language-gettext","_lower":"mrorz.language-gettext"},"activationEvent":"*"}
[2021-09-15 13:07:48.444] [exthost] [info] ExtensionService#loadCommonJSModule file:///home/krirogn/.vscode/extensions/mrorz.language-gettext-0.2.0/out/src/vscgettext
[2021-09-15 13:07:48.449] [exthost] [info] ExtensionService#_doActivateExtension PKief.material-icon-theme {"startup":true,"extensionId":{"value":"PKief.material-icon-theme","_lower":"pkief.material-icon-theme"},"activationEvent":"*"}
[2021-09-15 13:07:48.449] [exthost] [info] ExtensionService#loadCommonJSModule file:///home/krirogn/.vscode/extensions/pkief.material-icon-theme-4.10.0/dist/extension
[2021-09-15 13:07:48.484] [exthost] [info] ExtensionService#_doActivateExtension WakaTime.vscode-wakatime {"startup":true,"extensionId":{"value":"WakaTime.vscode-wakatime","_lower":"wakatime.vscode-wakatime"},"activationEvent":"*"}
[2021-09-15 13:07:48.484] [exthost] [info] ExtensionService#loadCommonJSModule file:///home/krirogn/.vscode/extensions/wakatime.vscode-wakatime-17.0.1/dist/extension
[2021-09-15 13:07:48.558] [exthost] [info] ExtensionService#_doActivateExtension vscode.npm {"startup":true,"extensionId":{"value":"vscode.npm","_lower":"vscode.npm"},"activationEvent":"workspaceContains:package.json"}
[2021-09-15 13:07:48.559] [exthost] [info] ExtensionService#loadCommonJSModule file:///home/krirogn/p/VSCode-linux-x64/resources/app/extensions/npm/dist/npmMain
[2021-09-15 13:07:48.999] [exthost] [info] ExtensionService#_doActivateExtension vscode.github {"startup":true,"extensionId":{"value":"vscode.github","_lower":"vscode.github"},"activationEvent":"*"}
[2021-09-15 13:07:48.999] [exthost] [info] ExtensionService#loadCommonJSModule file:///home/krirogn/p/VSCode-linux-x64/resources/app/extensions/github/dist/extension.js
[2021-09-15 13:07:49.192] [exthost] [info] ExtensionService#_doActivateExtension ms-vscode.js-debug {"startup":false,"extensionId":{"value":"ms-vscode.js-debug","_lower":"ms-vscode.js-debug"},"activationEvent":"onCommand:extension.js-debug.clearAutoAttachVariables"}
[2021-09-15 13:07:49.192] [exthost] [info] ExtensionService#loadCommonJSModule file:///home/krirogn/p/VSCode-linux-x64/resources/app/extensions/ms-vscode.js-debug/src/extension.js
[2021-09-15 13:07:49.643] [exthost] [info] eager extensions activated
[2021-09-15 13:07:49.740] [exthost] [info] ExtensionService#_doActivateExtension vscode.github-authentication {"startup":false,"extensionId":{"value":"vscode.github-authentication","_lower":"vscode.github-authentication"},"activationEvent":"onAuthenticationRequest:github"}
[2021-09-15 13:07:49.740] [exthost] [info] ExtensionService#loadCommonJSModule file:///home/krirogn/p/VSCode-linux-x64/resources/app/extensions/github-authentication/dist/extension.js
[2021-09-15 13:07:49.775] [exthost] [info] ExtensionService#_doActivateExtension vscode.emmet {"startup":false,"extensionId":{"value":"vscode.emmet","_lower":"vscode.emmet"},"activationEvent":"onStartupFinished"}
[2021-09-15 13:07:49.775] [exthost] [info] ExtensionService#loadCommonJSModule file:///home/krirogn/p/VSCode-linux-x64/resources/app/extensions/emmet/dist/node/emmetNodeMain
[2021-09-15 13:07:49.794] [exthost] [info] ExtensionService#_doActivateExtension vscode.merge-conflict {"startup":false,"extensionId":{"value":"vscode.merge-conflict","_lower":"vscode.merge-conflict"},"activationEvent":"onStartupFinished"}
[2021-09-15 13:07:49.795] [exthost] [info] ExtensionService#loadCommonJSModule file:///home/krirogn/p/VSCode-linux-x64/resources/app/extensions/merge-conflict/dist/mergeConflictMain
[2021-09-15 14:03:31.758] [exthost] [info] ExtensionService#_doActivateExtension vscode.typescript-language-features {"startup":false,"extensionId":{"value":"vscode.typescript-language-features","_lower":"vscode.typescript-language-features"},"activationEvent":"onLanguage:javascript"}
[2021-09-15 14:03:31.758] [exthost] [info] ExtensionService#loadCommonJSModule file:///home/krirogn/p/VSCode-linux-x64/resources/app/extensions/typescript-language-features/dist/extension
[2021-09-15 14:03:33.669] [exthost] [info] ExtensionService#_doActivateExtension vscode.extension-editing {"startup":false,"extensionId":{"value":"vscode.extension-editing","_lower":"vscode.extension-editing"},"activationEvent":"onLanguage:typescript"}
[2021-09-15 14:03:33.669] [exthost] [info] ExtensionService#loadCommonJSModule file:///home/krirogn/p/VSCode-linux-x64/resources/app/extensions/extension-editing/dist/extensionEditingMain
[2021-09-15 14:03:34.346] [exthost] [info] ExtensionService#_doActivateExtension vscode.configuration-editing {"startup":false,"extensionId":{"value":"vscode.configuration-editing","_lower":"vscode.configuration-editing"},"activationEvent":"onLanguage:jsonc"}
[2021-09-15 14:03:34.346] [exthost] [info] ExtensionService#loadCommonJSModule file:///home/krirogn/p/VSCode-linux-x64/resources/app/extensions/configuration-editing/dist/configurationEditingMain
[2021-09-15 14:03:34.354] [exthost] [info] ExtensionService#_doActivateExtension vscode.json-language-features {"startup":false,"extensionId":{"value":"vscode.json-language-features","_lower":"vscode.json-language-features"},"activationEvent":"onLanguage:jsonc"}
[2021-09-15 14:03:34.354] [exthost] [info] ExtensionService#loadCommonJSModule file:///home/krirogn/p/VSCode-linux-x64/resources/app/extensions/json-language-features/client/dist/node/jsonClientMain
[2021-09-15 16:34:35.761] [exthost] [info] extension host terminating: renderer closed the socket
[2021-09-15 16:34:36.788] [exthost] [info] exiting with code 0
