[2021-09-15 19:57:45.950] [exthost] [info] extension host started
[2021-09-15 19:57:45.950] [exthost] [info] Skipping acquiring lock for /home/krirogn/.config/Code/User/workspaceStorage/4549b805dfb241c886dd19b589927941.
[2021-09-15 19:57:46.101] [exthost] [info] ExtensionService#_doActivateExtension vscode.microsoft-authentication {"startup":false,"extensionId":{"value":"vscode.microsoft-authentication","_lower":"vscode.microsoft-authentication"},"activationEvent":"onAuthenticationRequest:microsoft"}
[2021-09-15 19:57:46.101] [exthost] [info] ExtensionService#loadCommonJSModule file:///home/krirogn/p/VSCode-linux-x64/resources/app/extensions/microsoft-authentication/dist/extension.js
[2021-09-15 19:57:46.119] [exthost] [info] ExtensionService#_doActivateExtension octref.vetur {"startup":false,"extensionId":{"value":"octref.vetur","_lower":"octref.vetur"},"activationEvent":"onLanguage:vue"}
[2021-09-15 19:57:46.119] [exthost] [info] ExtensionService#loadCommonJSModule file:///home/krirogn/.vscode/extensions/octref.vetur-0.34.1/dist/vueMain.js
[2021-09-15 19:57:46.131] [exthost] [info] ExtensionService#_doActivateExtension vscode.debug-auto-launch {"startup":true,"extensionId":{"value":"vscode.debug-auto-launch","_lower":"vscode.debug-auto-launch"},"activationEvent":"*"}
[2021-09-15 19:57:46.132] [exthost] [info] ExtensionService#loadCommonJSModule file:///home/krirogn/p/VSCode-linux-x64/resources/app/extensions/debug-auto-launch/dist/extension
[2021-09-15 19:57:46.134] [exthost] [info] ExtensionService#_doActivateExtension vscode.git {"startup":true,"extensionId":{"value":"vscode.github","_lower":"vscode.github"},"activationEvent":"*"}
[2021-09-15 19:57:46.135] [exthost] [info] ExtensionService#loadCommonJSModule file:///home/krirogn/p/VSCode-linux-x64/resources/app/extensions/git/dist/main
[2021-09-15 19:57:46.158] [exthost] [info] ExtensionService#_doActivateExtension mrorz.language-gettext {"startup":true,"extensionId":{"value":"mrorz.language-gettext","_lower":"mrorz.language-gettext"},"activationEvent":"*"}
[2021-09-15 19:57:46.159] [exthost] [info] ExtensionService#loadCommonJSModule file:///home/krirogn/.vscode/extensions/mrorz.language-gettext-0.2.0/out/src/vscgettext
[2021-09-15 19:57:46.160] [exthost] [info] ExtensionService#_doActivateExtension PKief.material-icon-theme {"startup":true,"extensionId":{"value":"PKief.material-icon-theme","_lower":"pkief.material-icon-theme"},"activationEvent":"*"}
[2021-09-15 19:57:46.160] [exthost] [info] ExtensionService#loadCommonJSModule file:///home/krirogn/.vscode/extensions/pkief.material-icon-theme-4.10.0/dist/extension
[2021-09-15 19:57:46.171] [exthost] [info] ExtensionService#_doActivateExtension WakaTime.vscode-wakatime {"startup":true,"extensionId":{"value":"WakaTime.vscode-wakatime","_lower":"wakatime.vscode-wakatime"},"activationEvent":"*"}
[2021-09-15 19:57:46.171] [exthost] [info] ExtensionService#loadCommonJSModule file:///home/krirogn/.vscode/extensions/wakatime.vscode-wakatime-17.0.1/dist/extension
[2021-09-15 19:57:46.211] [exthost] [info] ExtensionService#_doActivateExtension vscode.npm {"startup":true,"extensionId":{"value":"vscode.npm","_lower":"vscode.npm"},"activationEvent":"workspaceContains:package.json"}
[2021-09-15 19:57:46.211] [exthost] [info] ExtensionService#loadCommonJSModule file:///home/krirogn/p/VSCode-linux-x64/resources/app/extensions/npm/dist/npmMain
[2021-09-15 19:57:46.489] [exthost] [info] ExtensionService#_doActivateExtension vscode.github {"startup":true,"extensionId":{"value":"vscode.github","_lower":"vscode.github"},"activationEvent":"*"}
[2021-09-15 19:57:46.490] [exthost] [info] ExtensionService#loadCommonJSModule file:///home/krirogn/p/VSCode-linux-x64/resources/app/extensions/github/dist/extension.js
[2021-09-15 19:57:46.585] [exthost] [info] ExtensionService#_doActivateExtension ms-vscode.js-debug {"startup":false,"extensionId":{"value":"ms-vscode.js-debug","_lower":"ms-vscode.js-debug"},"activationEvent":"onCommand:extension.js-debug.clearAutoAttachVariables"}
[2021-09-15 19:57:46.585] [exthost] [info] ExtensionService#loadCommonJSModule file:///home/krirogn/p/VSCode-linux-x64/resources/app/extensions/ms-vscode.js-debug/src/extension.js
[2021-09-15 19:57:46.876] [exthost] [info] eager extensions activated
[2021-09-15 19:57:46.934] [exthost] [info] ExtensionService#_doActivateExtension vscode.github-authentication {"startup":false,"extensionId":{"value":"vscode.github-authentication","_lower":"vscode.github-authentication"},"activationEvent":"onAuthenticationRequest:github"}
[2021-09-15 19:57:46.934] [exthost] [info] ExtensionService#loadCommonJSModule file:///home/krirogn/p/VSCode-linux-x64/resources/app/extensions/github-authentication/dist/extension.js
[2021-09-15 19:57:46.943] [exthost] [info] ExtensionService#_doActivateExtension vscode.emmet {"startup":false,"extensionId":{"value":"vscode.emmet","_lower":"vscode.emmet"},"activationEvent":"onStartupFinished"}
[2021-09-15 19:57:46.943] [exthost] [info] ExtensionService#loadCommonJSModule file:///home/krirogn/p/VSCode-linux-x64/resources/app/extensions/emmet/dist/node/emmetNodeMain
[2021-09-15 19:57:46.949] [exthost] [info] ExtensionService#_doActivateExtension vscode.merge-conflict {"startup":false,"extensionId":{"value":"vscode.merge-conflict","_lower":"vscode.merge-conflict"},"activationEvent":"onStartupFinished"}
[2021-09-15 19:57:46.949] [exthost] [info] ExtensionService#loadCommonJSModule file:///home/krirogn/p/VSCode-linux-x64/resources/app/extensions/merge-conflict/dist/mergeConflictMain
[2021-09-15 20:18:02.515] [exthost] [info] ExtensionService#_doActivateExtension vscode.html-language-features {"startup":false,"extensionId":{"value":"vscode.html-language-features","_lower":"vscode.html-language-features"},"activationEvent":"onLanguage:html"}
[2021-09-15 20:18:02.516] [exthost] [info] ExtensionService#loadCommonJSModule file:///home/krirogn/p/VSCode-linux-x64/resources/app/extensions/html-language-features/client/dist/node/htmlClientMain
[2021-09-16 00:30:26.964] [exthost] [info] ExtensionService#_doActivateExtension vscode.extension-editing {"startup":false,"extensionId":{"value":"vscode.extension-editing","_lower":"vscode.extension-editing"},"activationEvent":"onLanguage:typescript"}
[2021-09-16 00:30:26.965] [exthost] [info] ExtensionService#loadCommonJSModule file:///home/krirogn/p/VSCode-linux-x64/resources/app/extensions/extension-editing/dist/extensionEditingMain
[2021-09-16 00:30:26.988] [exthost] [info] ExtensionService#_doActivateExtension vscode.typescript-language-features {"startup":false,"extensionId":{"value":"vscode.typescript-language-features","_lower":"vscode.typescript-language-features"},"activationEvent":"onLanguage:typescript"}
[2021-09-16 00:30:26.988] [exthost] [info] ExtensionService#loadCommonJSModule file:///home/krirogn/p/VSCode-linux-x64/resources/app/extensions/typescript-language-features/dist/extension
[2021-09-16 01:28:30.313] [exthost] [error] [octref.vetur] provider FAILED
[2021-09-16 01:28:30.325] [exthost] [error] Error: DisposableStore is missing...
	at $._convertCompletionItem (/home/krirogn/p/VSCode-linux-x64/resources/app/out/vs/workbench/services/extensions/node/extensionHostProcess.js:94:177932)
	at $.resolveCompletionItem (/home/krirogn/p/VSCode-linux-x64/resources/app/out/vs/workbench/services/extensions/node/extensionHostProcess.js:94:177707)
[2021-09-16 01:28:30.587] [exthost] [error] [octref.vetur] provider FAILED
[2021-09-16 01:28:30.587] [exthost] [error] Error: DisposableStore is missing...
	at $._convertCompletionItem (/home/krirogn/p/VSCode-linux-x64/resources/app/out/vs/workbench/services/extensions/node/extensionHostProcess.js:94:177932)
	at $.resolveCompletionItem (/home/krirogn/p/VSCode-linux-x64/resources/app/out/vs/workbench/services/extensions/node/extensionHostProcess.js:94:177707)
[2021-09-16 01:28:30.852] [exthost] [error] [octref.vetur] provider FAILED
[2021-09-16 01:28:30.852] [exthost] [error] Error: DisposableStore is missing...
	at $._convertCompletionItem (/home/krirogn/p/VSCode-linux-x64/resources/app/out/vs/workbench/services/extensions/node/extensionHostProcess.js:94:177932)
	at $.resolveCompletionItem (/home/krirogn/p/VSCode-linux-x64/resources/app/out/vs/workbench/services/extensions/node/extensionHostProcess.js:94:177707)
